{"/home/daniele/Scrivania/PULSeBS-Team8/server/src/db.js": {"path":"/home/daniele/Scrivania/PULSeBS-Team8/server/src/db.js","statementMap":{"0":{"start":{"line":1,"column":15},"end":{"line":1,"column":32}},"1":{"start":{"line":2,"column":15},"end":{"line":2,"column":40}},"2":{"start":{"line":4,"column":11},"end":{"line":4,"column":88}},"3":{"start":{"line":6,"column":0},"end":{"line":6,"column":20}}},"fnMap":{},"branchMap":{"0":{"loc":{"start":{"line":4,"column":39},"end":{"line":4,"column":87}},"type":"cond-expr","locations":[{"start":{"line":4,"column":56},"end":{"line":4,"column":80}},{"start":{"line":4,"column":83},"end":{"line":4,"column":87}}],"line":4}},"s":{"0":4,"1":4,"2":4,"3":4},"f":{},"b":{"0":[0,4]},"_coverageSchema":"1a1c01bbd47fc00a2c39e90264f33305004495a9","hash":"ef76c67d54b8cd59e25dc7f10b4e8bfac0d13042"}
,"/home/daniele/Scrivania/PULSeBS-Team8/server/src/lecturesDao.js": {"path":"/home/daniele/Scrivania/PULSeBS-Team8/server/src/lecturesDao.js","statementMap":{"0":{"start":{"line":1,"column":15},"end":{"line":1,"column":32}},"1":{"start":{"line":2,"column":11},"end":{"line":2,"column":26}},"2":{"start":{"line":3,"column":16},"end":{"line":3,"column":36}},"3":{"start":{"line":4,"column":19},"end":{"line":4,"column":43}},"4":{"start":{"line":8,"column":4},"end":{"line":8,"column":31}},"5":{"start":{"line":9,"column":4},"end":{"line":9,"column":35}},"6":{"start":{"line":10,"column":4},"end":{"line":10,"column":35}},"7":{"start":{"line":11,"column":4},"end":{"line":11,"column":29}},"8":{"start":{"line":12,"column":4},"end":{"line":12,"column":29}},"9":{"start":{"line":13,"column":4},"end":{"line":13,"column":31}},"10":{"start":{"line":14,"column":4},"end":{"line":14,"column":29}},"11":{"start":{"line":15,"column":4},"end":{"line":15,"column":37}},"12":{"start":{"line":16,"column":4},"end":{"line":16,"column":25}},"13":{"start":{"line":21,"column":14},"end":{"line":21,"column":72}},"14":{"start":{"line":22,"column":15},"end":{"line":22,"column":30}},"15":{"start":{"line":23,"column":14},"end":{"line":23,"column":44}},"16":{"start":{"line":24,"column":2},"end":{"line":24,"column":38}},"17":{"start":{"line":24,"column":25},"end":{"line":24,"column":38}},"18":{"start":{"line":25,"column":2},"end":{"line":25,"column":14}},"19":{"start":{"line":29,"column":17},"end":{"line":29,"column":100}},"20":{"start":{"line":30,"column":2},"end":{"line":30,"column":25}},"21":{"start":{"line":34,"column":15},"end":{"line":34,"column":44}},"22":{"start":{"line":35,"column":12},"end":{"line":35,"column":140}},"23":{"start":{"line":36,"column":2},"end":{"line":36,"column":107}},"24":{"start":{"line":36,"column":25},"end":{"line":36,"column":107}},"25":{"start":{"line":38,"column":15},"end":{"line":38,"column":30}},"26":{"start":{"line":39,"column":15},"end":{"line":39,"column":27}},"27":{"start":{"line":40,"column":19},"end":{"line":40,"column":21}},"28":{"start":{"line":42,"column":2},"end":{"line":54,"column":3}},"29":{"start":{"line":43,"column":4},"end":{"line":51,"column":8}},"30":{"start":{"line":44,"column":26},"end":{"line":44,"column":79}},"31":{"start":{"line":45,"column":22},"end":{"line":45,"column":69}},"32":{"start":{"line":46,"column":26},"end":{"line":46,"column":62}},"33":{"start":{"line":47,"column":26},"end":{"line":47,"column":66}},"34":{"start":{"line":48,"column":22},"end":{"line":48,"column":226}},"35":{"start":{"line":50,"column":6},"end":{"line":50,"column":29}},"36":{"start":{"line":55,"column":2},"end":{"line":55,"column":18}},"37":{"start":{"line":58,"column":33},"end":{"line":69,"column":1}},"38":{"start":{"line":59,"column":14},"end":{"line":59,"column":63}},"39":{"start":{"line":60,"column":15},"end":{"line":60,"column":30}},"40":{"start":{"line":61,"column":14},"end":{"line":61,"column":33}},"41":{"start":{"line":63,"column":2},"end":{"line":67,"column":3}},"42":{"start":{"line":64,"column":34},"end":{"line":64,"column":56}},"43":{"start":{"line":65,"column":4},"end":{"line":65,"column":47}},"44":{"start":{"line":66,"column":4},"end":{"line":66,"column":33}},"45":{"start":{"line":68,"column":2},"end":{"line":68,"column":13}},"46":{"start":{"line":71,"column":0},"end":{"line":96,"column":3}},"47":{"start":{"line":71,"column":54},"end":{"line":96,"column":2}},"48":{"start":{"line":72,"column":14},"end":{"line":72,"column":72}},"49":{"start":{"line":73,"column":25},"end":{"line":73,"column":92}},"50":{"start":{"line":74,"column":24},"end":{"line":74,"column":129}},"51":{"start":{"line":75,"column":15},"end":{"line":75,"column":30}},"52":{"start":{"line":76,"column":14},"end":{"line":76,"column":44}},"53":{"start":{"line":77,"column":24},"end":{"line":77,"column":34}},"54":{"start":{"line":78,"column":25},"end":{"line":78,"column":60}},"55":{"start":{"line":80,"column":2},"end":{"line":80,"column":78}},"56":{"start":{"line":80,"column":36},"end":{"line":80,"column":78}},"57":{"start":{"line":81,"column":2},"end":{"line":95,"column":3}},"58":{"start":{"line":82,"column":4},"end":{"line":84,"column":5}},"59":{"start":{"line":83,"column":6},"end":{"line":83,"column":71}},"60":{"start":{"line":86,"column":24},"end":{"line":90,"column":6}},"61":{"start":{"line":87,"column":24},"end":{"line":87,"column":64}},"62":{"start":{"line":88,"column":24},"end":{"line":88,"column":52}},"63":{"start":{"line":89,"column":6},"end":{"line":89,"column":80}},"64":{"start":{"line":91,"column":30},"end":{"line":91,"column":43}},"65":{"start":{"line":93,"column":4},"end":{"line":93,"column":59}},"66":{"start":{"line":93,"column":36},"end":{"line":93,"column":59}},"67":{"start":{"line":94,"column":4},"end":{"line":94,"column":55}},"68":{"start":{"line":95,"column":4},"end":{"line":95,"column":49}},"69":{"start":{"line":99,"column":13},"end":{"line":99,"column":23}},"70":{"start":{"line":100,"column":2},"end":{"line":100,"column":31}},"71":{"start":{"line":101,"column":13},"end":{"line":101,"column":25}},"72":{"start":{"line":102,"column":2},"end":{"line":102,"column":31}},"73":{"start":{"line":103,"column":2},"end":{"line":103,"column":26}},"74":{"start":{"line":105,"column":14},"end":{"line":105,"column":146}},"75":{"start":{"line":106,"column":15},"end":{"line":106,"column":30}},"76":{"start":{"line":107,"column":15},"end":{"line":107,"column":59}},"77":{"start":{"line":108,"column":19},"end":{"line":108,"column":21}},"78":{"start":{"line":109,"column":12},"end":{"line":109,"column":14}},"79":{"start":{"line":111,"column":2},"end":{"line":125,"column":3}},"80":{"start":{"line":112,"column":4},"end":{"line":124,"column":8}},"81":{"start":{"line":113,"column":22},"end":{"line":113,"column":69}},"82":{"start":{"line":114,"column":24},"end":{"line":114,"column":31}},"83":{"start":{"line":115,"column":26},"end":{"line":115,"column":79}},"84":{"start":{"line":116,"column":17},"end":{"line":116,"column":54}},"85":{"start":{"line":118,"column":6},"end":{"line":122,"column":8}},"86":{"start":{"line":123,"column":6},"end":{"line":123,"column":25}},"87":{"start":{"line":126,"column":2},"end":{"line":126,"column":18}},"88":{"start":{"line":130,"column":14},"end":{"line":130,"column":81}},"89":{"start":{"line":131,"column":15},"end":{"line":131,"column":30}},"90":{"start":{"line":132,"column":14},"end":{"line":132,"column":33}},"91":{"start":{"line":133,"column":13},"end":{"line":133,"column":15}},"92":{"start":{"line":135,"column":2},"end":{"line":145,"column":3}},"93":{"start":{"line":136,"column":20},"end":{"line":136,"column":56}},"94":{"start":{"line":137,"column":24},"end":{"line":137,"column":70}},"95":{"start":{"line":139,"column":4},"end":{"line":144,"column":6}},"96":{"start":{"line":146,"column":2},"end":{"line":146,"column":14}},"97":{"start":{"line":150,"column":14},"end":{"line":150,"column":64}},"98":{"start":{"line":151,"column":15},"end":{"line":151,"column":30}},"99":{"start":{"line":152,"column":15},"end":{"line":152,"column":34}},"100":{"start":{"line":153,"column":22},"end":{"line":153,"column":24}},"101":{"start":{"line":155,"column":2},"end":{"line":162,"column":3}},"102":{"start":{"line":156,"column":4},"end":{"line":159,"column":7}},"103":{"start":{"line":157,"column":22},"end":{"line":157,"column":62}},"104":{"start":{"line":158,"column":6},"end":{"line":158,"column":32}},"105":{"start":{"line":161,"column":4},"end":{"line":161,"column":23}},"106":{"start":{"line":165,"column":0},"end":{"line":184,"column":3}},"107":{"start":{"line":165,"column":57},"end":{"line":184,"column":2}},"108":{"start":{"line":166,"column":15},"end":{"line":166,"column":73}},"109":{"start":{"line":167,"column":16},"end":{"line":167,"column":32}},"110":{"start":{"line":168,"column":14},"end":{"line":168,"column":45}},"111":{"start":{"line":169,"column":20},"end":{"line":169,"column":88}},"112":{"start":{"line":170,"column":20},"end":{"line":170,"column":103}},"113":{"start":{"line":172,"column":2},"end":{"line":183,"column":3}},"114":{"start":{"line":173,"column":4},"end":{"line":173,"column":95}},"115":{"start":{"line":175,"column":24},"end":{"line":179,"column":6}},"116":{"start":{"line":176,"column":24},"end":{"line":176,"column":59}},"117":{"start":{"line":177,"column":24},"end":{"line":177,"column":48}},"118":{"start":{"line":178,"column":6},"end":{"line":178,"column":80}},"119":{"start":{"line":180,"column":30},"end":{"line":180,"column":43}},"120":{"start":{"line":181,"column":4},"end":{"line":181,"column":63}},"121":{"start":{"line":181,"column":36},"end":{"line":181,"column":63}},"122":{"start":{"line":182,"column":4},"end":{"line":182,"column":68}},"123":{"start":{"line":186,"column":0},"end":{"line":204,"column":3}},"124":{"start":{"line":186,"column":57},"end":{"line":204,"column":2}},"125":{"start":{"line":187,"column":15},"end":{"line":187,"column":80}},"126":{"start":{"line":188,"column":16},"end":{"line":188,"column":32}},"127":{"start":{"line":189,"column":14},"end":{"line":189,"column":45}},"128":{"start":{"line":190,"column":2},"end":{"line":203,"column":3}},"129":{"start":{"line":191,"column":4},"end":{"line":191,"column":61}},"130":{"start":{"line":193,"column":15},"end":{"line":193,"column":25}},"131":{"start":{"line":194,"column":15},"end":{"line":194,"column":37}},"132":{"start":{"line":195,"column":4},"end":{"line":202,"column":5}},"133":{"start":{"line":196,"column":6},"end":{"line":196,"column":65}},"134":{"start":{"line":198,"column":19},"end":{"line":198,"column":75}},"135":{"start":{"line":199,"column":20},"end":{"line":199,"column":36}},"136":{"start":{"line":200,"column":18},"end":{"line":200,"column":49}},"137":{"start":{"line":201,"column":6},"end":{"line":201,"column":108}},"138":{"start":{"line":201,"column":31},"end":{"line":201,"column":64}},"139":{"start":{"line":201,"column":74},"end":{"line":201,"column":106}},"140":{"start":{"line":207,"column":14},"end":{"line":207,"column":131}},"141":{"start":{"line":208,"column":15},"end":{"line":208,"column":30}},"142":{"start":{"line":209,"column":15},"end":{"line":209,"column":34}},"143":{"start":{"line":210,"column":19},"end":{"line":210,"column":21}},"144":{"start":{"line":212,"column":2},"end":{"line":225,"column":3}},"145":{"start":{"line":213,"column":4},"end":{"line":222,"column":8}},"146":{"start":{"line":214,"column":26},"end":{"line":214,"column":79}},"147":{"start":{"line":215,"column":22},"end":{"line":215,"column":69}},"148":{"start":{"line":216,"column":26},"end":{"line":216,"column":62}},"149":{"start":{"line":217,"column":26},"end":{"line":217,"column":73}},"150":{"start":{"line":219,"column":22},"end":{"line":219,"column":226}},"151":{"start":{"line":221,"column":6},"end":{"line":221,"column":29}},"152":{"start":{"line":226,"column":2},"end":{"line":226,"column":18}},"153":{"start":{"line":229,"column":0},"end":{"line":229,"column":50}},"154":{"start":{"line":230,"column":0},"end":{"line":230,"column":50}},"155":{"start":{"line":231,"column":0},"end":{"line":231,"column":64}},"156":{"start":{"line":232,"column":0},"end":{"line":232,"column":64}},"157":{"start":{"line":233,"column":0},"end":{"line":233,"column":50}}},"fnMap":{"0":{"name":"(anonymous_0)","decl":{"start":{"line":7,"column":2},"end":{"line":7,"column":3}},"loc":{"start":{"line":7,"column":114},"end":{"line":17,"column":3}},"line":7},"1":{"name":"getReservation","decl":{"start":{"line":20,"column":9},"end":{"line":20,"column":23}},"loc":{"start":{"line":20,"column":46},"end":{"line":26,"column":1}},"line":20},"2":{"name":"getBookedPeople","decl":{"start":{"line":28,"column":9},"end":{"line":28,"column":24}},"loc":{"start":{"line":28,"column":36},"end":{"line":31,"column":1}},"line":28},"3":{"name":"getLecturesByUserId","decl":{"start":{"line":33,"column":15},"end":{"line":33,"column":34}},"loc":{"start":{"line":33,"column":39},"end":{"line":56,"column":1}},"line":33},"4":{"name":"(anonymous_4)","decl":{"start":{"line":43,"column":31},"end":{"line":43,"column":32}},"loc":{"start":{"line":43,"column":53},"end":{"line":51,"column":5}},"line":43},"5":{"name":"(anonymous_5)","decl":{"start":{"line":58,"column":33},"end":{"line":58,"column":34}},"loc":{"start":{"line":58,"column":48},"end":{"line":69,"column":1}},"line":58},"6":{"name":"(anonymous_6)","decl":{"start":{"line":71,"column":28},"end":{"line":71,"column":29}},"loc":{"start":{"line":71,"column":54},"end":{"line":96,"column":2}},"line":71},"7":{"name":"(anonymous_7)","decl":{"start":{"line":71,"column":66},"end":{"line":71,"column":67}},"loc":{"start":{"line":71,"column":87},"end":{"line":96,"column":1}},"line":71},"8":{"name":"(anonymous_8)","decl":{"start":{"line":86,"column":39},"end":{"line":86,"column":40}},"loc":{"start":{"line":86,"column":45},"end":{"line":90,"column":5}},"line":86},"9":{"name":"getTeachersForEmail","decl":{"start":{"line":98,"column":15},"end":{"line":98,"column":34}},"loc":{"start":{"line":98,"column":37},"end":{"line":127,"column":1}},"line":98},"10":{"name":"(anonymous_10)","decl":{"start":{"line":112,"column":31},"end":{"line":112,"column":32}},"loc":{"start":{"line":112,"column":53},"end":{"line":124,"column":5}},"line":112},"11":{"name":"getInfoBookingConfirmation","decl":{"start":{"line":129,"column":15},"end":{"line":129,"column":41}},"loc":{"start":{"line":129,"column":64},"end":{"line":147,"column":1}},"line":129},"12":{"name":"getStudentsListByLectureId","decl":{"start":{"line":149,"column":15},"end":{"line":149,"column":41}},"loc":{"start":{"line":149,"column":53},"end":{"line":163,"column":1}},"line":149},"13":{"name":"(anonymous_13)","decl":{"start":{"line":156,"column":17},"end":{"line":156,"column":18}},"loc":{"start":{"line":156,"column":32},"end":{"line":159,"column":5}},"line":156},"14":{"name":"(anonymous_14)","decl":{"start":{"line":165,"column":31},"end":{"line":165,"column":32}},"loc":{"start":{"line":165,"column":57},"end":{"line":184,"column":2}},"line":165},"15":{"name":"(anonymous_15)","decl":{"start":{"line":165,"column":69},"end":{"line":165,"column":70}},"loc":{"start":{"line":165,"column":90},"end":{"line":184,"column":1}},"line":165},"16":{"name":"(anonymous_16)","decl":{"start":{"line":175,"column":39},"end":{"line":175,"column":40}},"loc":{"start":{"line":175,"column":45},"end":{"line":179,"column":5}},"line":175},"17":{"name":"(anonymous_17)","decl":{"start":{"line":186,"column":31},"end":{"line":186,"column":32}},"loc":{"start":{"line":186,"column":57},"end":{"line":204,"column":2}},"line":186},"18":{"name":"(anonymous_18)","decl":{"start":{"line":186,"column":69},"end":{"line":186,"column":70}},"loc":{"start":{"line":186,"column":90},"end":{"line":204,"column":1}},"line":186},"19":{"name":"getBookingsByUserId","decl":{"start":{"line":206,"column":15},"end":{"line":206,"column":34}},"loc":{"start":{"line":206,"column":46},"end":{"line":227,"column":1}},"line":206},"20":{"name":"(anonymous_20)","decl":{"start":{"line":213,"column":31},"end":{"line":213,"column":32}},"loc":{"start":{"line":213,"column":53},"end":{"line":222,"column":5}},"line":213}},"branchMap":{"0":{"loc":{"start":{"line":24,"column":2},"end":{"line":24,"column":38}},"type":"if","locations":[{"start":{"line":24,"column":2},"end":{"line":24,"column":38}},{"start":{"line":24,"column":2},"end":{"line":24,"column":38}}],"line":24},"1":{"loc":{"start":{"line":30,"column":9},"end":{"line":30,"column":24}},"type":"binary-expr","locations":[{"start":{"line":30,"column":9},"end":{"line":30,"column":19}},{"start":{"line":30,"column":23},"end":{"line":30,"column":24}}],"line":30},"2":{"loc":{"start":{"line":36,"column":2},"end":{"line":36,"column":107}},"type":"if","locations":[{"start":{"line":36,"column":2},"end":{"line":36,"column":107}},{"start":{"line":36,"column":2},"end":{"line":36,"column":107}}],"line":36},"3":{"loc":{"start":{"line":42,"column":2},"end":{"line":54,"column":3}},"type":"if","locations":[{"start":{"line":42,"column":2},"end":{"line":54,"column":3}},{"start":{"line":42,"column":2},"end":{"line":54,"column":3}}],"line":42},"4":{"loc":{"start":{"line":63,"column":2},"end":{"line":67,"column":3}},"type":"if","locations":[{"start":{"line":63,"column":2},"end":{"line":67,"column":3}},{"start":{"line":63,"column":2},"end":{"line":67,"column":3}}],"line":63},"5":{"loc":{"start":{"line":80,"column":2},"end":{"line":80,"column":78}},"type":"if","locations":[{"start":{"line":80,"column":2},"end":{"line":80,"column":78}},{"start":{"line":80,"column":2},"end":{"line":80,"column":78}}],"line":80},"6":{"loc":{"start":{"line":81,"column":2},"end":{"line":95,"column":3}},"type":"if","locations":[{"start":{"line":81,"column":2},"end":{"line":95,"column":3}},{"start":{"line":81,"column":2},"end":{"line":95,"column":3}}],"line":81},"7":{"loc":{"start":{"line":82,"column":4},"end":{"line":84,"column":5}},"type":"if","locations":[{"start":{"line":82,"column":4},"end":{"line":84,"column":5}},{"start":{"line":82,"column":4},"end":{"line":84,"column":5}}],"line":82},"8":{"loc":{"start":{"line":89,"column":13},"end":{"line":89,"column":79}},"type":"binary-expr","locations":[{"start":{"line":89,"column":13},"end":{"line":89,"column":36}},{"start":{"line":89,"column":40},"end":{"line":89,"column":79}}],"line":89},"9":{"loc":{"start":{"line":93,"column":4},"end":{"line":93,"column":59}},"type":"if","locations":[{"start":{"line":93,"column":4},"end":{"line":93,"column":59}},{"start":{"line":93,"column":4},"end":{"line":93,"column":59}}],"line":93},"10":{"loc":{"start":{"line":111,"column":2},"end":{"line":125,"column":3}},"type":"if","locations":[{"start":{"line":111,"column":2},"end":{"line":125,"column":3}},{"start":{"line":111,"column":2},"end":{"line":125,"column":3}}],"line":111},"11":{"loc":{"start":{"line":135,"column":2},"end":{"line":145,"column":3}},"type":"if","locations":[{"start":{"line":135,"column":2},"end":{"line":145,"column":3}},{"start":{"line":135,"column":2},"end":{"line":145,"column":3}}],"line":135},"12":{"loc":{"start":{"line":155,"column":2},"end":{"line":162,"column":3}},"type":"if","locations":[{"start":{"line":155,"column":2},"end":{"line":162,"column":3}},{"start":{"line":155,"column":2},"end":{"line":162,"column":3}}],"line":155},"13":{"loc":{"start":{"line":172,"column":2},"end":{"line":183,"column":3}},"type":"if","locations":[{"start":{"line":172,"column":2},"end":{"line":183,"column":3}},{"start":{"line":172,"column":2},"end":{"line":183,"column":3}}],"line":172},"14":{"loc":{"start":{"line":178,"column":13},"end":{"line":178,"column":79}},"type":"binary-expr","locations":[{"start":{"line":178,"column":13},"end":{"line":178,"column":36}},{"start":{"line":178,"column":40},"end":{"line":178,"column":79}}],"line":178},"15":{"loc":{"start":{"line":181,"column":4},"end":{"line":181,"column":63}},"type":"if","locations":[{"start":{"line":181,"column":4},"end":{"line":181,"column":63}},{"start":{"line":181,"column":4},"end":{"line":181,"column":63}}],"line":181},"16":{"loc":{"start":{"line":190,"column":2},"end":{"line":203,"column":3}},"type":"if","locations":[{"start":{"line":190,"column":2},"end":{"line":203,"column":3}},{"start":{"line":190,"column":2},"end":{"line":203,"column":3}}],"line":190},"17":{"loc":{"start":{"line":195,"column":4},"end":{"line":202,"column":5}},"type":"if","locations":[{"start":{"line":195,"column":4},"end":{"line":202,"column":5}},{"start":{"line":195,"column":4},"end":{"line":202,"column":5}}],"line":195},"18":{"loc":{"start":{"line":201,"column":6},"end":{"line":201,"column":108}},"type":"if","locations":[{"start":{"line":201,"column":6},"end":{"line":201,"column":108}},{"start":{"line":201,"column":6},"end":{"line":201,"column":108}}],"line":201},"19":{"loc":{"start":{"line":212,"column":2},"end":{"line":225,"column":3}},"type":"if","locations":[{"start":{"line":212,"column":2},"end":{"line":225,"column":3}},{"start":{"line":212,"column":2},"end":{"line":225,"column":3}}],"line":212}},"s":{"0":2,"1":2,"2":2,"3":2,"4":6,"5":6,"6":6,"7":6,"8":6,"9":6,"10":6,"11":6,"12":6,"13":6,"14":6,"15":6,"16":6,"17":4,"18":2,"19":10,"20":10,"21":2,"22":2,"23":2,"24":1,"25":2,"26":2,"27":2,"28":2,"29":1,"30":4,"31":4,"32":4,"33":4,"34":4,"35":4,"36":2,"37":2,"38":5,"39":5,"40":5,"41":5,"42":4,"43":4,"44":4,"45":1,"46":2,"47":5,"48":5,"49":5,"50":5,"51":5,"52":5,"53":5,"54":5,"55":5,"56":1,"57":5,"58":4,"59":1,"60":4,"61":4,"62":3,"63":3,"64":4,"65":3,"66":2,"67":3,"68":4,"69":2,"70":2,"71":2,"72":2,"73":2,"74":2,"75":2,"76":2,"77":2,"78":2,"79":2,"80":2,"81":4,"82":4,"83":4,"84":4,"85":4,"86":4,"87":2,"88":4,"89":4,"90":4,"91":4,"92":4,"93":2,"94":2,"95":2,"96":4,"97":2,"98":2,"99":2,"100":2,"101":2,"102":1,"103":7,"104":7,"105":1,"106":2,"107":2,"108":2,"109":2,"110":2,"111":2,"112":2,"113":2,"114":1,"115":1,"116":1,"117":1,"118":1,"119":1,"120":1,"121":1,"122":1,"123":2,"124":3,"125":3,"126":3,"127":3,"128":3,"129":1,"130":2,"131":2,"132":2,"133":1,"134":1,"135":1,"136":1,"137":1,"138":1,"139":0,"140":1,"141":1,"142":1,"143":1,"144":1,"145":1,"146":2,"147":2,"148":2,"149":2,"150":2,"151":2,"152":1,"153":2,"154":2,"155":2,"156":2,"157":2},"f":{"0":6,"1":6,"2":10,"3":2,"4":4,"5":5,"6":5,"7":5,"8":4,"9":2,"10":4,"11":4,"12":2,"13":7,"14":2,"15":2,"16":1,"17":3,"18":3,"19":1,"20":2},"b":{"0":[4,2],"1":[10,4],"2":[1,1],"3":[1,1],"4":[4,1],"5":[1,4],"6":[4,1],"7":[1,3],"8":[3,3],"9":[2,1],"10":[2,0],"11":[2,2],"12":[1,1],"13":[1,1],"14":[1,1],"15":[1,0],"16":[1,2],"17":[1,1],"18":[1,0],"19":[1,0]},"_coverageSchema":"1a1c01bbd47fc00a2c39e90264f33305004495a9","hash":"63a3e149179bd00cdea79099bd3c566f05515345"}
,"/home/daniele/Scrivania/PULSeBS-Team8/server/src/subjectsDao.js": {"path":"/home/daniele/Scrivania/PULSeBS-Team8/server/src/subjectsDao.js","statementMap":{"0":{"start":{"line":1,"column":11},"end":{"line":1,"column":26}},"1":{"start":{"line":18,"column":0},"end":{"line":29,"column":3}},"2":{"start":{"line":18,"column":33},"end":{"line":29,"column":2}},"3":{"start":{"line":19,"column":14},"end":{"line":19,"column":65}},"4":{"start":{"line":20,"column":15},"end":{"line":20,"column":30}},"5":{"start":{"line":21,"column":22},"end":{"line":21,"column":34}},"6":{"start":{"line":23,"column":2},"end":{"line":28,"column":3}},"7":{"start":{"line":24,"column":4},"end":{"line":24,"column":51}},"8":{"start":{"line":27,"column":4},"end":{"line":27,"column":58}}},"fnMap":{"0":{"name":"(anonymous_0)","decl":{"start":{"line":18,"column":25},"end":{"line":18,"column":26}},"loc":{"start":{"line":18,"column":33},"end":{"line":29,"column":2}},"line":18},"1":{"name":"(anonymous_1)","decl":{"start":{"line":18,"column":45},"end":{"line":18,"column":46}},"loc":{"start":{"line":18,"column":66},"end":{"line":29,"column":1}},"line":18}},"branchMap":{"0":{"loc":{"start":{"line":23,"column":2},"end":{"line":28,"column":3}},"type":"if","locations":[{"start":{"line":23,"column":2},"end":{"line":28,"column":3}},{"start":{"line":23,"column":2},"end":{"line":28,"column":3}}],"line":23}},"s":{"0":3,"1":3,"2":14,"3":14,"4":14,"5":14,"6":14,"7":13,"8":1},"f":{"0":14,"1":14},"b":{"0":[13,1]},"_coverageSchema":"1a1c01bbd47fc00a2c39e90264f33305004495a9","hash":"0e09b24cc445b70e77684cca833a55227d141555"}
,"/home/daniele/Scrivania/PULSeBS-Team8/server/src/userDao.js": {"path":"/home/daniele/Scrivania/PULSeBS-Team8/server/src/userDao.js","statementMap":{"0":{"start":{"line":1,"column":15},"end":{"line":1,"column":32}},"1":{"start":{"line":2,"column":11},"end":{"line":2,"column":26}},"2":{"start":{"line":6,"column":4},"end":{"line":6,"column":17}},"3":{"start":{"line":7,"column":4},"end":{"line":7,"column":21}},"4":{"start":{"line":8,"column":4},"end":{"line":8,"column":21}},"5":{"start":{"line":9,"column":4},"end":{"line":9,"column":27}},"6":{"start":{"line":10,"column":4},"end":{"line":10,"column":23}},"7":{"start":{"line":11,"column":4},"end":{"line":11,"column":29}},"8":{"start":{"line":12,"column":4},"end":{"line":12,"column":25}},"9":{"start":{"line":16,"column":19},"end":{"line":24,"column":1}},"10":{"start":{"line":16,"column":28},"end":{"line":24,"column":1}},"11":{"start":{"line":26,"column":0},"end":{"line":35,"column":3}},"12":{"start":{"line":26,"column":29},"end":{"line":35,"column":2}},"13":{"start":{"line":27,"column":14},"end":{"line":27,"column":51}},"14":{"start":{"line":28,"column":15},"end":{"line":28,"column":30}},"15":{"start":{"line":29,"column":15},"end":{"line":29,"column":30}},"16":{"start":{"line":31,"column":2},"end":{"line":34,"column":3}},"17":{"start":{"line":31,"column":25},"end":{"line":31,"column":44}},"18":{"start":{"line":33,"column":4},"end":{"line":33,"column":33}},"19":{"start":{"line":37,"column":0},"end":{"line":46,"column":3}},"20":{"start":{"line":37,"column":30},"end":{"line":46,"column":2}},"21":{"start":{"line":38,"column":14},"end":{"line":38,"column":48}},"22":{"start":{"line":39,"column":15},"end":{"line":39,"column":30}},"23":{"start":{"line":40,"column":15},"end":{"line":40,"column":27}},"24":{"start":{"line":42,"column":2},"end":{"line":45,"column":3}},"25":{"start":{"line":42,"column":25},"end":{"line":42,"column":44}},"26":{"start":{"line":44,"column":4},"end":{"line":44,"column":33}},"27":{"start":{"line":48,"column":0},"end":{"line":48,"column":88}},"28":{"start":{"line":48,"column":44},"end":{"line":48,"column":87}}},"fnMap":{"0":{"name":"(anonymous_0)","decl":{"start":{"line":5,"column":2},"end":{"line":5,"column":3}},"loc":{"start":{"line":5,"column":64},"end":{"line":13,"column":3}},"line":5},"1":{"name":"(anonymous_1)","decl":{"start":{"line":16,"column":19},"end":{"line":16,"column":20}},"loc":{"start":{"line":16,"column":28},"end":{"line":24,"column":1}},"line":16},"2":{"name":"(anonymous_2)","decl":{"start":{"line":26,"column":18},"end":{"line":26,"column":19}},"loc":{"start":{"line":26,"column":29},"end":{"line":35,"column":2}},"line":26},"3":{"name":"(anonymous_3)","decl":{"start":{"line":26,"column":41},"end":{"line":26,"column":42}},"loc":{"start":{"line":26,"column":62},"end":{"line":35,"column":1}},"line":26},"4":{"name":"(anonymous_4)","decl":{"start":{"line":37,"column":22},"end":{"line":37,"column":23}},"loc":{"start":{"line":37,"column":30},"end":{"line":46,"column":2}},"line":37},"5":{"name":"(anonymous_5)","decl":{"start":{"line":37,"column":42},"end":{"line":37,"column":43}},"loc":{"start":{"line":37,"column":63},"end":{"line":46,"column":1}},"line":37},"6":{"name":"(anonymous_6)","decl":{"start":{"line":48,"column":24},"end":{"line":48,"column":25}},"loc":{"start":{"line":48,"column":44},"end":{"line":48,"column":87}},"line":48}},"branchMap":{"0":{"loc":{"start":{"line":31,"column":2},"end":{"line":34,"column":3}},"type":"if","locations":[{"start":{"line":31,"column":2},"end":{"line":34,"column":3}},{"start":{"line":31,"column":2},"end":{"line":34,"column":3}}],"line":31},"1":{"loc":{"start":{"line":42,"column":2},"end":{"line":45,"column":3}},"type":"if","locations":[{"start":{"line":42,"column":2},"end":{"line":45,"column":3}},{"start":{"line":42,"column":2},"end":{"line":45,"column":3}}],"line":42}},"s":{"0":3,"1":3,"2":24,"3":24,"4":24,"5":24,"6":24,"7":24,"8":24,"9":3,"10":24,"11":3,"12":2,"13":2,"14":2,"15":2,"16":2,"17":1,"18":1,"19":3,"20":24,"21":24,"22":24,"23":24,"24":24,"25":1,"26":23,"27":3,"28":1},"f":{"0":24,"1":24,"2":2,"3":2,"4":24,"5":24,"6":1},"b":{"0":[1,1],"1":[1,23]},"_coverageSchema":"1a1c01bbd47fc00a2c39e90264f33305004495a9","hash":"908ceef10959026b0d115e5b90f2f647ccfe5de8"}
,"/home/daniele/Scrivania/PULSeBS-Team8/server/src/services/email.js": {"path":"/home/daniele/Scrivania/PULSeBS-Team8/server/src/services/email.js","statementMap":{"0":{"start":{"line":1,"column":15},"end":{"line":1,"column":32}},"1":{"start":{"line":2,"column":19},"end":{"line":2,"column":40}},"2":{"start":{"line":3,"column":20},"end":{"line":3,"column":45}},"3":{"start":{"line":5,"column":13},"end":{"line":11,"column":2}},"4":{"start":{"line":14,"column":14},"end":{"line":14,"column":24}},"5":{"start":{"line":15,"column":23},"end":{"line":15,"column":36}},"6":{"start":{"line":16,"column":2},"end":{"line":16,"column":41}},"7":{"start":{"line":17,"column":2},"end":{"line":17,"column":79}},"8":{"start":{"line":21,"column":2},"end":{"line":39,"column":5}},"9":{"start":{"line":23,"column":4},"end":{"line":38,"column":7}},"10":{"start":{"line":24,"column":26},"end":{"line":29,"column":7}},"11":{"start":{"line":31,"column":6},"end":{"line":37,"column":9}},"12":{"start":{"line":32,"column":8},"end":{"line":36,"column":9}},"13":{"start":{"line":33,"column":10},"end":{"line":33,"column":29}},"14":{"start":{"line":35,"column":10},"end":{"line":35,"column":54}},"15":{"start":{"line":40,"column":2},"end":{"line":40,"column":48}},"16":{"start":{"line":44,"column":22},"end":{"line":44,"column":85}},"17":{"start":{"line":45,"column":2},"end":{"line":60,"column":3}},"18":{"start":{"line":46,"column":24},"end":{"line":51,"column":5}},"19":{"start":{"line":53,"column":4},"end":{"line":59,"column":7}},"20":{"start":{"line":54,"column":6},"end":{"line":58,"column":7}},"21":{"start":{"line":55,"column":8},"end":{"line":55,"column":27}},"22":{"start":{"line":57,"column":8},"end":{"line":57,"column":52}},"23":{"start":{"line":63,"column":0},"end":{"line":63,"column":22}},"24":{"start":{"line":64,"column":0},"end":{"line":64,"column":68}},"25":{"start":{"line":65,"column":0},"end":{"line":65,"column":60}}},"fnMap":{"0":{"name":"start","decl":{"start":{"line":13,"column":9},"end":{"line":13,"column":14}},"loc":{"start":{"line":13,"column":17},"end":{"line":18,"column":1}},"line":13},"1":{"name":"sendingEmailBookedPeople","decl":{"start":{"line":20,"column":9},"end":{"line":20,"column":33}},"loc":{"start":{"line":20,"column":36},"end":{"line":41,"column":1}},"line":20},"2":{"name":"(anonymous_2)","decl":{"start":{"line":21,"column":41},"end":{"line":21,"column":42}},"loc":{"start":{"line":21,"column":52},"end":{"line":39,"column":3}},"line":21},"3":{"name":"(anonymous_3)","decl":{"start":{"line":23,"column":18},"end":{"line":23,"column":19}},"loc":{"start":{"line":23,"column":28},"end":{"line":38,"column":5}},"line":23},"4":{"name":"(anonymous_4)","decl":{"start":{"line":31,"column":33},"end":{"line":31,"column":34}},"loc":{"start":{"line":31,"column":50},"end":{"line":37,"column":7}},"line":31},"5":{"name":"sendBookingConfirmationEmail","decl":{"start":{"line":43,"column":15},"end":{"line":43,"column":43}},"loc":{"start":{"line":43,"column":63},"end":{"line":61,"column":1}},"line":43},"6":{"name":"(anonymous_6)","decl":{"start":{"line":53,"column":31},"end":{"line":53,"column":32}},"loc":{"start":{"line":53,"column":48},"end":{"line":59,"column":5}},"line":53}},"branchMap":{"0":{"loc":{"start":{"line":32,"column":8},"end":{"line":36,"column":9}},"type":"if","locations":[{"start":{"line":32,"column":8},"end":{"line":36,"column":9}},{"start":{"line":32,"column":8},"end":{"line":36,"column":9}}],"line":32},"1":{"loc":{"start":{"line":45,"column":2},"end":{"line":60,"column":3}},"type":"if","locations":[{"start":{"line":45,"column":2},"end":{"line":60,"column":3}},{"start":{"line":45,"column":2},"end":{"line":60,"column":3}}],"line":45},"2":{"loc":{"start":{"line":54,"column":6},"end":{"line":58,"column":7}},"type":"if","locations":[{"start":{"line":54,"column":6},"end":{"line":58,"column":7}},{"start":{"line":54,"column":6},"end":{"line":58,"column":7}}],"line":54}},"s":{"0":1,"1":1,"2":1,"3":1,"4":1,"5":1,"6":1,"7":1,"8":1,"9":1,"10":2,"11":2,"12":2,"13":0,"14":2,"15":1,"16":2,"17":2,"18":1,"19":1,"20":1,"21":0,"22":1,"23":1,"24":1,"25":1},"f":{"0":1,"1":1,"2":1,"3":2,"4":2,"5":2,"6":1},"b":{"0":[0,2],"1":[1,1],"2":[0,1]},"_coverageSchema":"1a1c01bbd47fc00a2c39e90264f33305004495a9","hash":"948a8402d16409a2634b9a5463c93e69f67d5cb4"}
}
