TN:
SF:src\db.js
FNF:0
FNH:0
DA:1,5
DA:2,5
DA:4,5
DA:6,5
LF:4
LH:4
BRDA:4,0,0,0
BRDA:4,0,1,5
BRF:2
BRH:1
end_of_record
TN:
SF:src\lecturesDao.js
FN:7,(anonymous_0)
FN:20,getReservation
FN:33,getLecturesByUserId
FN:43,(anonymous_3)
FN:58,(anonymous_4)
FN:71,(anonymous_5)
FN:71,(anonymous_6)
FN:89,(anonymous_7)
FN:101,getTeachersForEmail
FN:116,(anonymous_9)
FN:133,getInfoBookingConfirmation
FN:153,getStudentsListByLectureId
FN:160,(anonymous_12)
FN:169,(anonymous_13)
FN:169,(anonymous_14)
FN:184,(anonymous_15)
FN:196,(anonymous_16)
FN:196,(anonymous_17)
FN:217,getBookingsByUserId
FN:224,(anonymous_19)
FN:240,getStudentsCancelledLecture
FN:266,(anonymous_21)
FN:278,(anonymous_22)
FN:278,(anonymous_23)
FN:292,(anonymous_24)
FN:306,insertLog
FN:339,getLogs
FN:353,(anonymous_27)
FN:376,(anonymous_28)
FN:385,(anonymous_29)
FN:385,(anonymous_30)
FNF:31
FNH:31
FNDA:6,(anonymous_0)
FNDA:6,getReservation
FNDA:2,getLecturesByUserId
FNDA:4,(anonymous_3)
FNDA:9,(anonymous_4)
FNDA:6,(anonymous_5)
FNDA:6,(anonymous_6)
FNDA:5,(anonymous_7)
FNDA:2,getTeachersForEmail
FNDA:4,(anonymous_9)
FNDA:4,getInfoBookingConfirmation
FNDA:2,getStudentsListByLectureId
FNDA:7,(anonymous_12)
FNDA:3,(anonymous_13)
FNDA:3,(anonymous_14)
FNDA:2,(anonymous_15)
FNDA:3,(anonymous_16)
FNDA:3,(anonymous_17)
FNDA:1,getBookingsByUserId
FNDA:2,(anonymous_19)
FNDA:3,getStudentsCancelledLecture
FNDA:6,(anonymous_21)
FNDA:4,(anonymous_22)
FNDA:4,(anonymous_23)
FNDA:2,(anonymous_24)
FNDA:2,insertLog
FNDA:1,getLogs
FNDA:6,(anonymous_27)
FNDA:10,(anonymous_28)
FNDA:4,(anonymous_29)
FNDA:4,(anonymous_30)
DA:1,3
DA:2,3
DA:3,3
DA:4,3
DA:8,6
DA:9,6
DA:10,6
DA:11,6
DA:12,6
DA:13,6
DA:14,6
DA:15,6
DA:16,6
DA:21,6
DA:22,6
DA:23,6
DA:24,6
DA:25,2
DA:34,2
DA:35,2
DA:36,2
DA:38,2
DA:39,2
DA:40,2
DA:42,2
DA:43,1
DA:44,4
DA:45,4
DA:46,4
DA:47,4
DA:48,4
DA:50,4
DA:55,2
DA:58,3
DA:59,9
DA:60,9
DA:61,9
DA:63,9
DA:64,7
DA:65,7
DA:66,7
DA:68,2
DA:71,6
DA:72,6
DA:73,6
DA:74,6
DA:75,6
DA:76,6
DA:77,6
DA:78,6
DA:79,6
DA:80,6
DA:82,6
DA:83,6
DA:84,6
DA:85,5
DA:86,1
DA:89,5
DA:90,5
DA:91,4
DA:92,4
DA:94,5
DA:96,4
DA:97,4
DA:98,5
DA:102,2
DA:103,2
DA:104,2
DA:105,2
DA:106,2
DA:107,2
DA:109,2
DA:110,2
DA:111,2
DA:112,2
DA:113,2
DA:115,2
DA:116,2
DA:117,4
DA:118,4
DA:119,4
DA:120,4
DA:122,4
DA:127,4
DA:130,2
DA:134,4
DA:135,4
DA:136,4
DA:137,4
DA:139,4
DA:140,2
DA:141,2
DA:143,2
DA:150,4
DA:154,2
DA:155,2
DA:156,2
DA:157,2
DA:159,2
DA:160,1
DA:161,7
DA:162,7
DA:165,1
DA:169,3
DA:170,3
DA:171,3
DA:172,3
DA:173,3
DA:174,3
DA:176,3
DA:177,3
DA:179,3
DA:180,3
DA:181,2
DA:182,0
DA:184,2
DA:185,2
DA:186,2
DA:187,2
DA:189,2
DA:190,2
DA:191,2
DA:196,3
DA:197,3
DA:198,3
DA:199,3
DA:200,3
DA:201,1
DA:203,2
DA:204,2
DA:205,2
DA:206,2
DA:207,1
DA:209,1
DA:210,1
DA:211,1
DA:212,1
DA:218,1
DA:219,1
DA:220,1
DA:221,1
DA:223,1
DA:224,1
DA:225,2
DA:226,2
DA:227,2
DA:228,2
DA:230,2
DA:232,2
DA:237,1
DA:241,3
DA:242,3
DA:243,3
DA:244,3
DA:245,3
DA:246,3
DA:248,3
DA:249,1
DA:250,1
DA:251,1
DA:253,1
DA:254,1
DA:255,1
DA:256,1
DA:257,1
DA:259,1
DA:264,1
DA:266,1
DA:267,6
DA:271,6
DA:275,3
DA:278,4
DA:279,4
DA:280,4
DA:281,4
DA:282,4
DA:283,4
DA:284,4
DA:286,3
DA:288,3
DA:289,3
DA:290,3
DA:291,3
DA:292,2
DA:293,2
DA:294,2
DA:295,2
DA:297,2
DA:298,2
DA:299,0
DA:300,1
DA:302,3
DA:313,2
DA:314,2
DA:318,2
DA:319,1
DA:320,1
DA:321,1
DA:322,1
DA:325,1
DA:326,1
DA:327,1
DA:328,1
DA:331,2
DA:332,2
DA:333,2
DA:335,2
DA:336,0
DA:346,1
DA:347,1
DA:348,1
DA:349,1
DA:350,1
DA:352,1
DA:353,1
DA:354,6
DA:355,6
DA:356,6
DA:357,6
DA:359,6
DA:367,6
DA:370,1
DA:371,1
DA:372,1
DA:373,1
DA:375,1
DA:376,10
DA:377,4
DA:378,4
DA:380,1
DA:382,1
DA:385,4
DA:386,4
DA:387,4
DA:388,4
DA:389,1
DA:392,3
DA:393,3
DA:394,3
DA:395,3
DA:396,3
DA:397,3
DA:398,3
DA:399,3
LF:244
LH:241
BRDA:24,0,0,4
BRDA:24,0,1,2
BRDA:36,1,0,1
BRDA:36,1,1,1
BRDA:42,2,0,1
BRDA:42,2,1,1
BRDA:63,3,0,7
BRDA:63,3,1,2
BRDA:82,4,0,1
BRDA:82,4,1,5
BRDA:82,5,0,6
BRDA:82,5,1,5
BRDA:83,6,0,1
BRDA:83,6,1,5
BRDA:84,7,0,5
BRDA:84,7,1,1
BRDA:85,8,0,1
BRDA:85,8,1,4
BRDA:92,9,0,4
BRDA:92,9,1,4
BRDA:96,10,0,3
BRDA:96,10,1,1
BRDA:115,11,0,2
BRDA:115,11,1,0
BRDA:139,12,0,2
BRDA:139,12,1,2
BRDA:159,13,0,1
BRDA:159,13,1,1
BRDA:179,14,0,1
BRDA:179,14,1,2
BRDA:180,15,0,2
BRDA:180,15,1,1
BRDA:181,16,0,0
BRDA:181,16,1,2
BRDA:187,17,0,2
BRDA:187,17,1,2
BRDA:190,18,0,2
BRDA:190,18,1,0
BRDA:200,19,0,1
BRDA:200,19,1,2
BRDA:206,20,0,1
BRDA:206,20,1,1
BRDA:212,21,0,1
BRDA:212,21,1,0
BRDA:223,22,0,1
BRDA:223,22,1,0
BRDA:248,23,0,1
BRDA:248,23,1,2
BRDA:253,24,0,1
BRDA:253,24,1,0
BRDA:284,25,0,1
BRDA:284,25,1,3
BRDA:290,26,0,3
BRDA:290,26,1,0
BRDA:291,27,0,2
BRDA:291,27,1,1
BRDA:298,28,0,2
BRDA:298,28,1,0
BRDA:318,29,0,1
BRDA:318,29,1,1
BRDA:335,30,0,2
BRDA:335,30,1,0
BRDA:352,31,0,1
BRDA:352,31,1,0
BRDA:377,32,0,0
BRDA:377,32,1,4
BRDA:388,33,0,3
BRDA:388,33,1,1
BRF:68
BRH:57
end_of_record
TN:
SF:src\subjectsDao.js
FN:18,(anonymous_0)
FN:18,(anonymous_1)
FN:31,(anonymous_2)
FN:31,(anonymous_3)
FN:36,(anonymous_4)
FNF:5
FNH:5
FNDA:21,(anonymous_0)
FNDA:21,(anonymous_1)
FNDA:3,(anonymous_2)
FNDA:3,(anonymous_3)
FNDA:4,(anonymous_4)
DA:1,4
DA:18,21
DA:19,21
DA:20,21
DA:21,21
DA:23,21
DA:24,20
DA:27,1
DA:31,4
DA:32,3
DA:33,3
DA:34,3
DA:35,3
DA:36,2
DA:37,4
DA:39,2
DA:41,1
LF:17
LH:17
BRDA:23,0,0,20
BRDA:23,0,1,1
BRDA:35,1,0,2
BRDA:35,1,1,1
BRF:4
BRH:4
end_of_record
TN:
SF:src\userDao.js
FN:5,(anonymous_0)
FN:16,(anonymous_1)
FN:26,(anonymous_2)
FN:26,(anonymous_3)
FN:37,(anonymous_4)
FN:37,(anonymous_5)
FN:48,(anonymous_6)
FNF:7
FNH:7
FNDA:31,(anonymous_0)
FNDA:31,(anonymous_1)
FNDA:2,(anonymous_2)
FNDA:2,(anonymous_3)
FNDA:31,(anonymous_4)
FNDA:31,(anonymous_5)
FNDA:1,(anonymous_6)
DA:1,4
DA:2,4
DA:6,31
DA:7,31
DA:8,31
DA:9,31
DA:10,31
DA:11,31
DA:12,31
DA:16,31
DA:26,4
DA:27,2
DA:28,2
DA:29,2
DA:31,2
DA:33,1
DA:37,31
DA:38,31
DA:39,31
DA:40,31
DA:42,31
DA:44,30
DA:48,4
LF:23
LH:23
BRDA:31,0,0,1
BRDA:31,0,1,1
BRDA:42,1,0,1
BRDA:42,1,1,30
BRF:4
BRH:4
end_of_record
TN:
SF:src\services\email.js
FN:13,sendEmail
FN:20,(anonymous_1)
FN:29,sendingEmailBookedPeople
FN:30,(anonymous_3)
FN:32,(anonymous_4)
FN:39,sendBookingConfirmationEmail
FN:47,sendingEmailCancelledLecture
FN:53,(anonymous_7)
FNF:8
FNH:8
FNDA:5,sendEmail
FNDA:5,(anonymous_1)
FNDA:1,sendingEmailBookedPeople
FNDA:1,(anonymous_3)
FNDA:2,(anonymous_4)
FNDA:2,sendBookingConfirmationEmail
FNDA:2,sendingEmailCancelledLecture
FNDA:2,(anonymous_7)
DA:1,1
DA:2,1
DA:3,1
DA:5,1
DA:14,5
DA:20,5
DA:21,5
DA:22,0
DA:24,5
DA:30,1
DA:32,1
DA:33,2
DA:40,2
DA:41,2
DA:42,1
DA:48,2
DA:49,1
DA:50,1
DA:51,1
DA:53,1
DA:54,2
DA:60,1
DA:61,1
DA:62,1
LF:24
LH:23
BRDA:21,0,0,0
BRDA:21,0,1,5
BRDA:41,1,0,1
BRDA:41,1,1,1
BRDA:48,2,0,1
BRDA:48,2,1,1
BRF:6
BRH:5
end_of_record
TN:
SF:src\services\statistics.js
FN:5,computeTeacherStatistics
FN:9,(anonymous_1)
FNF:2
FNH:2
FNDA:1,computeTeacherStatistics
FNDA:2,(anonymous_1)
DA:1,1
DA:2,1
DA:3,1
DA:6,1
DA:7,1
DA:9,1
DA:10,2
DA:12,2
DA:14,1
DA:15,1
DA:18,1
LF:11
LH:11
BRF:0
BRH:0
end_of_record
