TN:
SF:src\db.js
FNF:0
FNH:0
DA:1,1
DA:2,1
DA:4,1
DA:6,1
LF:4
LH:4
BRDA:4,0,0,0
BRDA:4,0,1,1
BRF:2
BRH:1
end_of_record
TN:
SF:src\lecturesDao.js
FN:7,(anonymous_0)
FN:21,getReservation
FN:35,getLecturesByUserId
FN:45,(anonymous_3)
FN:60,(anonymous_4)
FN:73,(anonymous_5)
FN:73,(anonymous_6)
FN:97,(anonymous_7)
FN:113,(anonymous_8)
FN:132,getTeachersForEmail
FN:147,(anonymous_10)
FN:164,getInfoBookingConfirmation
FN:184,getStudentsListByLectureId
FN:191,(anonymous_13)
FN:200,(anonymous_14)
FN:200,(anonymous_15)
FN:215,(anonymous_16)
FN:230,(anonymous_17)
FN:230,(anonymous_18)
FN:251,getBookingsByUserId
FN:258,(anonymous_20)
FN:274,getStudentsCancelledLecture
FN:300,(anonymous_22)
FN:312,(anonymous_23)
FN:312,(anonymous_24)
FN:326,(anonymous_25)
FN:340,(anonymous_26)
FN:340,(anonymous_27)
FN:347,(anonymous_28)
FN:347,(anonymous_29)
FN:354,checkWaitingList
FN:372,(anonymous_31)
FN:372,(anonymous_32)
FN:381,(anonymous_33)
FN:400,getTeacherByLectureId
FN:410,getModalityBySubjectId
FN:418,(anonymous_36)
FN:418,(anonymous_37)
FNF:38
FNH:2
FNDA:0,(anonymous_0)
FNDA:0,getReservation
FNDA:0,getLecturesByUserId
FNDA:0,(anonymous_3)
FNDA:0,(anonymous_4)
FNDA:0,(anonymous_5)
FNDA:0,(anonymous_6)
FNDA:0,(anonymous_7)
FNDA:0,(anonymous_8)
FNDA:0,getTeachersForEmail
FNDA:0,(anonymous_10)
FNDA:0,getInfoBookingConfirmation
FNDA:0,getStudentsListByLectureId
FNDA:0,(anonymous_13)
FNDA:0,(anonymous_14)
FNDA:0,(anonymous_15)
FNDA:0,(anonymous_16)
FNDA:0,(anonymous_17)
FNDA:0,(anonymous_18)
FNDA:0,getBookingsByUserId
FNDA:0,(anonymous_20)
FNDA:0,getStudentsCancelledLecture
FNDA:0,(anonymous_22)
FNDA:0,(anonymous_23)
FNDA:0,(anonymous_24)
FNDA:0,(anonymous_25)
FNDA:3,(anonymous_26)
FNDA:3,(anonymous_27)
FNDA:0,(anonymous_28)
FNDA:0,(anonymous_29)
FNDA:0,checkWaitingList
FNDA:0,(anonymous_31)
FNDA:0,(anonymous_32)
FNDA:0,(anonymous_33)
FNDA:0,getTeacherByLectureId
FNDA:0,getModalityBySubjectId
FNDA:0,(anonymous_36)
FNDA:0,(anonymous_37)
DA:1,1
DA:2,1
DA:3,1
DA:4,1
DA:8,0
DA:9,0
DA:10,0
DA:11,0
DA:12,0
DA:13,0
DA:14,0
DA:15,0
DA:16,0
DA:17,0
DA:22,0
DA:23,0
DA:24,0
DA:25,0
DA:26,0
DA:27,0
DA:36,0
DA:37,0
DA:38,0
DA:40,0
DA:41,0
DA:42,0
DA:44,0
DA:45,0
DA:46,0
DA:47,0
DA:48,0
DA:49,0
DA:50,0
DA:52,0
DA:57,0
DA:60,1
DA:61,0
DA:62,0
DA:63,0
DA:65,0
DA:66,0
DA:67,0
DA:68,0
DA:70,0
DA:73,1
DA:74,0
DA:75,0
DA:76,0
DA:77,0
DA:78,0
DA:79,0
DA:81,0
DA:82,0
DA:83,0
DA:84,0
DA:85,0
DA:87,0
DA:88,0
DA:89,0
DA:90,0
DA:94,0
DA:95,0
DA:96,0
DA:97,0
DA:98,0
DA:99,0
DA:100,0
DA:101,0
DA:103,0
DA:106,0
DA:107,0
DA:108,0
DA:112,0
DA:113,0
DA:114,0
DA:115,0
DA:116,0
DA:118,0
DA:120,0
DA:121,0
DA:123,0
DA:124,0
DA:125,0
DA:126,0
DA:129,0
DA:133,0
DA:134,0
DA:135,0
DA:136,0
DA:137,0
DA:138,0
DA:140,0
DA:141,0
DA:142,0
DA:143,0
DA:144,0
DA:146,0
DA:147,0
DA:148,0
DA:149,0
DA:150,0
DA:151,0
DA:153,0
DA:158,0
DA:161,0
DA:165,0
DA:166,0
DA:167,0
DA:168,0
DA:170,0
DA:171,0
DA:172,0
DA:174,0
DA:181,0
DA:185,0
DA:186,0
DA:187,0
DA:188,0
DA:190,0
DA:191,0
DA:192,0
DA:193,0
DA:196,0
DA:200,1
DA:201,0
DA:202,0
DA:203,0
DA:204,0
DA:205,0
DA:207,0
DA:208,0
DA:210,0
DA:211,0
DA:212,0
DA:213,0
DA:214,0
DA:215,0
DA:216,0
DA:217,0
DA:218,0
DA:220,0
DA:221,0
DA:222,0
DA:223,0
DA:224,0
DA:225,0
DA:230,1
DA:231,0
DA:232,0
DA:233,0
DA:234,0
DA:235,0
DA:237,0
DA:238,0
DA:240,0
DA:241,0
DA:243,0
DA:244,0
DA:245,0
DA:246,0
DA:252,0
DA:253,0
DA:254,0
DA:255,0
DA:257,0
DA:258,0
DA:259,0
DA:260,0
DA:261,0
DA:262,0
DA:264,0
DA:266,0
DA:271,0
DA:275,0
DA:276,0
DA:277,0
DA:278,0
DA:279,0
DA:280,0
DA:282,0
DA:283,0
DA:284,0
DA:286,0
DA:287,0
DA:288,0
DA:289,0
DA:290,0
DA:292,0
DA:297,0
DA:299,0
DA:300,0
DA:301,0
DA:305,0
DA:309,0
DA:312,1
DA:313,0
DA:314,0
DA:315,0
DA:316,0
DA:317,0
DA:318,0
DA:320,0
DA:322,0
DA:323,0
DA:324,0
DA:325,0
DA:326,0
DA:327,0
DA:328,0
DA:329,0
DA:331,0
DA:332,0
DA:333,0
DA:334,0
DA:336,0
DA:340,3
DA:341,3
DA:342,3
DA:343,3
DA:344,0
DA:347,1
DA:348,0
DA:349,0
DA:350,0
DA:351,0
DA:355,0
DA:356,0
DA:357,0
DA:361,0
DA:362,0
DA:363,0
DA:364,0
DA:366,0
DA:369,0
DA:372,1
DA:373,0
DA:374,0
DA:375,0
DA:376,0
DA:377,0
DA:378,0
DA:380,0
DA:381,0
DA:382,0
DA:383,0
DA:384,0
DA:385,0
DA:386,0
DA:387,0
DA:395,0
DA:397,0
DA:401,0
DA:402,0
DA:404,0
DA:405,0
DA:407,0
DA:411,0
DA:412,0
DA:413,0
DA:415,0
DA:418,1
DA:419,0
DA:420,0
DA:421,0
DA:422,0
DA:423,0
DA:424,0
DA:425,0
DA:426,0
DA:427,0
DA:428,0
DA:429,0
DA:432,1
DA:434,1
DA:435,1
DA:436,1
DA:437,1
DA:438,1
DA:439,1
DA:440,1
DA:441,1
LF:281
LH:25
BRDA:25,0,0,0
BRDA:25,0,1,0
BRDA:26,1,0,0
BRDA:26,1,1,0
BRDA:27,2,0,0
BRDA:27,2,1,0
BRDA:38,3,0,0
BRDA:38,3,1,0
BRDA:44,4,0,0
BRDA:44,4,1,0
BRDA:65,5,0,0
BRDA:65,5,1,0
BRDA:87,6,0,0
BRDA:87,6,1,0
BRDA:87,7,0,0
BRDA:87,7,1,0
BRDA:88,8,0,0
BRDA:88,8,1,0
BRDA:89,9,0,0
BRDA:89,9,1,0
BRDA:90,10,0,0
BRDA:90,10,1,0
BRDA:94,11,0,0
BRDA:94,11,1,0
BRDA:95,12,0,0
BRDA:95,12,1,0
BRDA:98,13,0,0
BRDA:98,13,1,0
BRDA:101,14,0,0
BRDA:101,14,1,0
BRDA:107,15,0,0
BRDA:107,15,1,0
BRDA:112,16,0,0
BRDA:112,16,1,0
BRDA:116,17,0,0
BRDA:116,17,1,0
BRDA:120,18,0,0
BRDA:120,18,1,0
BRDA:125,19,0,0
BRDA:125,19,1,0
BRDA:146,20,0,0
BRDA:146,20,1,0
BRDA:170,21,0,0
BRDA:170,21,1,0
BRDA:190,22,0,0
BRDA:190,22,1,0
BRDA:210,23,0,0
BRDA:210,23,1,0
BRDA:211,24,0,0
BRDA:211,24,1,0
BRDA:212,25,0,0
BRDA:212,25,1,0
BRDA:214,26,0,0
BRDA:214,26,1,0
BRDA:218,27,0,0
BRDA:218,27,1,0
BRDA:221,28,0,0
BRDA:221,28,1,0
BRDA:223,29,0,0
BRDA:223,29,1,0
BRDA:225,30,0,0
BRDA:225,30,1,0
BRDA:234,31,0,0
BRDA:234,31,1,0
BRDA:240,32,0,0
BRDA:240,32,1,0
BRDA:246,33,0,0
BRDA:246,33,1,0
BRDA:257,34,0,0
BRDA:257,34,1,0
BRDA:286,35,0,0
BRDA:286,35,1,0
BRDA:299,36,0,0
BRDA:299,36,1,0
BRDA:318,37,0,0
BRDA:318,37,1,0
BRDA:324,38,0,0
BRDA:324,38,1,0
BRDA:325,39,0,0
BRDA:325,39,1,0
BRDA:332,40,0,0
BRDA:332,40,1,0
BRDA:343,41,0,3
BRDA:343,41,1,0
BRDA:350,42,0,0
BRDA:350,42,1,0
BRDA:361,43,0,0
BRDA:361,43,1,0
BRDA:380,44,0,0
BRDA:380,44,1,0
BRDA:383,45,0,0
BRDA:383,45,1,0
BRDA:385,46,0,0
BRDA:385,46,1,0
BRDA:385,47,0,0
BRDA:385,47,1,0
BRDA:404,48,0,0
BRDA:404,48,1,0
BRDA:423,49,0,0
BRDA:423,49,1,0
BRDA:424,50,0,0
BRDA:424,50,1,0
BRDA:427,51,0,0
BRDA:427,51,1,0
BRF:104
BRH:1
end_of_record
TN:
SF:src\setupTestDB.js
FN:6,initTestDB
FN:122,cleanupTestDB
FNF:2
FNH:2
FNDA:1,initTestDB
FNDA:1,cleanupTestDB
DA:1,1
DA:2,1
DA:4,1
DA:10,1
DA:11,1
DA:12,1
DA:13,1
DA:14,1
DA:15,1
DA:16,1
DA:17,1
DA:18,1
DA:19,1
DA:20,1
DA:21,1
DA:22,1
DA:23,1
DA:28,1
DA:29,1
DA:30,1
DA:31,1
DA:32,1
DA:33,1
DA:34,1
DA:35,1
DA:40,1
DA:41,1
DA:42,1
DA:43,1
DA:44,1
DA:45,1
DA:46,1
DA:47,1
DA:49,1
DA:50,1
DA:51,1
DA:52,1
DA:53,1
DA:54,1
DA:55,1
DA:56,1
DA:57,1
DA:58,1
DA:59,1
DA:60,1
DA:61,1
DA:62,1
DA:63,1
DA:64,1
DA:65,1
DA:66,1
DA:67,1
DA:68,1
DA:69,1
DA:70,1
DA:71,1
DA:72,1
DA:73,1
DA:74,1
DA:79,1
DA:84,1
DA:85,1
DA:86,1
DA:87,1
DA:88,1
DA:89,1
DA:90,1
DA:91,1
DA:92,1
DA:93,1
DA:94,1
DA:95,1
DA:96,1
DA:97,1
DA:98,1
DA:99,1
DA:100,1
DA:101,1
DA:102,1
DA:103,1
DA:104,1
DA:105,1
DA:106,1
DA:107,1
DA:108,1
DA:109,1
DA:110,1
DA:115,1
DA:116,1
DA:117,1
DA:118,1
DA:119,1
DA:123,1
DA:124,1
DA:125,1
DA:126,1
DA:127,1
DA:128,1
DA:131,1
DA:132,1
LF:100
LH:100
BRF:0
BRH:0
end_of_record
TN:
SF:src\subjectsDao.js
FN:18,(anonymous_0)
FN:18,(anonymous_1)
FN:31,(anonymous_2)
FN:31,(anonymous_3)
FN:36,(anonymous_4)
FN:43,(anonymous_5)
FN:43,(anonymous_6)
FNF:7
FNH:3
FNDA:0,(anonymous_0)
FNDA:0,(anonymous_1)
FNDA:1,(anonymous_2)
FNDA:1,(anonymous_3)
FNDA:3,(anonymous_4)
FNDA:0,(anonymous_5)
FNDA:0,(anonymous_6)
DA:1,1
DA:18,1
DA:19,0
DA:20,0
DA:21,0
DA:23,0
DA:24,0
DA:27,0
DA:31,1
DA:32,1
DA:33,1
DA:34,1
DA:35,1
DA:36,1
DA:37,3
DA:39,1
DA:40,0
DA:43,1
DA:44,0
DA:45,0
DA:46,0
DA:47,0
DA:48,0
LF:23
LH:11
BRDA:23,0,0,0
BRDA:23,0,1,0
BRDA:35,1,0,1
BRDA:35,1,1,0
BRDA:46,2,0,0
BRDA:46,2,1,0
BRF:6
BRH:1
end_of_record
TN:
SF:src\userDao.js
FN:5,(anonymous_0)
FN:18,(anonymous_1)
FN:30,(anonymous_2)
FN:30,(anonymous_3)
FN:41,(anonymous_4)
FN:41,(anonymous_5)
FN:52,(anonymous_6)
FN:52,(anonymous_7)
FN:63,(anonymous_8)
FN:63,(anonymous_9)
FN:72,(anonymous_10)
FN:72,(anonymous_11)
FN:80,(anonymous_12)
FN:80,(anonymous_13)
FN:88,(anonymous_14)
FN:88,(anonymous_15)
FN:96,(anonymous_16)
FNF:17
FNH:0
FNDA:0,(anonymous_0)
FNDA:0,(anonymous_1)
FNDA:0,(anonymous_2)
FNDA:0,(anonymous_3)
FNDA:0,(anonymous_4)
FNDA:0,(anonymous_5)
FNDA:0,(anonymous_6)
FNDA:0,(anonymous_7)
FNDA:0,(anonymous_8)
FNDA:0,(anonymous_9)
FNDA:0,(anonymous_10)
FNDA:0,(anonymous_11)
FNDA:0,(anonymous_12)
FNDA:0,(anonymous_13)
FNDA:0,(anonymous_14)
FNDA:0,(anonymous_15)
FNDA:0,(anonymous_16)
DA:1,1
DA:2,1
DA:6,0
DA:7,0
DA:8,0
DA:9,0
DA:10,0
DA:11,0
DA:12,0
DA:13,0
DA:14,0
DA:18,1
DA:30,1
DA:31,0
DA:32,0
DA:33,0
DA:35,0
DA:37,0
DA:41,1
DA:42,0
DA:43,0
DA:44,0
DA:46,0
DA:48,0
DA:52,1
DA:53,0
DA:54,0
DA:55,0
DA:57,0
DA:59,0
DA:63,1
DA:64,0
DA:65,0
DA:66,0
DA:68,0
DA:72,1
DA:73,0
DA:74,0
DA:76,0
DA:80,1
DA:81,0
DA:82,0
DA:84,0
DA:88,1
DA:89,0
DA:90,0
DA:92,0
DA:96,1
DA:98,0
DA:99,0
DA:100,0
DA:102,0
LF:52
LH:11
BRDA:35,0,0,0
BRDA:35,0,1,0
BRDA:46,1,0,0
BRDA:46,1,1,0
BRDA:57,2,0,0
BRDA:57,2,1,0
BRDA:65,3,0,0
BRDA:65,3,1,0
BRDA:65,4,0,0
BRDA:65,4,1,0
BRDA:65,4,2,0
BRDA:74,5,0,0
BRDA:74,5,1,0
BRDA:74,6,0,0
BRDA:74,6,1,0
BRDA:74,6,2,0
BRDA:82,7,0,0
BRDA:82,7,1,0
BRDA:82,8,0,0
BRDA:82,8,1,0
BRDA:82,8,2,0
BRDA:90,9,0,0
BRDA:90,9,1,0
BRDA:90,10,0,0
BRDA:90,10,1,0
BRDA:90,10,2,0
BRDA:98,11,0,0
BRDA:98,11,1,0
BRF:28
BRH:0
end_of_record
TN:
SF:src\services\statistics.js
FN:6,weeksBetween
FN:18,getWeekId
FN:31,computeTeacherStatistics
FN:46,(anonymous_3)
FN:63,(anonymous_4)
FN:154,computeTeacherPresencesStatistics
FN:166,(anonymous_6)
FN:181,(anonymous_7)
FNF:8
FNH:5
FNDA:9,weeksBetween
FNDA:8,getWeekId
FNDA:1,computeTeacherStatistics
FNDA:3,(anonymous_3)
FNDA:12,(anonymous_4)
FNDA:0,computeTeacherPresencesStatistics
FNDA:0,(anonymous_6)
FNDA:0,(anonymous_7)
DA:1,1
DA:2,1
DA:3,1
DA:4,1
DA:8,9
DA:10,9
DA:11,9
DA:13,9
DA:15,9
DA:19,8
DA:20,8
DA:21,8
DA:22,8
DA:23,8
DA:24,8
DA:25,8
DA:26,8
DA:27,8
DA:28,5
DA:32,1
DA:33,1
DA:34,1
DA:35,1
DA:36,1
DA:38,1
DA:39,1
DA:40,1
DA:41,1
DA:42,1
DA:43,1
DA:46,1
DA:47,3
DA:49,3
DA:61,3
DA:63,3
DA:64,12
DA:65,12
DA:66,12
DA:67,12
DA:68,12
DA:69,12
DA:71,12
DA:75,12
DA:76,3
DA:77,3
DA:78,3
DA:80,12
DA:81,12
DA:85,12
DA:87,5
DA:88,5
DA:89,5
DA:90,5
DA:93,5
DA:94,5
DA:95,5
DA:98,12
DA:99,12
DA:100,12
DA:101,12
DA:103,3
DA:104,3
DA:105,3
DA:106,3
DA:109,3
DA:110,3
DA:111,3
DA:113,3
DA:115,12
DA:117,12
DA:119,12
DA:120,12
DA:121,12
DA:122,12
DA:123,12
DA:127,3
DA:128,3
DA:129,3
DA:130,3
DA:131,3
DA:132,3
DA:133,3
DA:134,3
DA:136,3
DA:137,3
DA:138,3
DA:139,3
DA:140,3
DA:141,3
DA:142,3
DA:143,3
DA:146,3
DA:147,3
DA:148,3
DA:149,3
DA:151,1
DA:155,0
DA:156,0
DA:157,0
DA:158,0
DA:159,0
DA:161,0
DA:162,0
DA:163,0
DA:164,0
DA:166,0
DA:167,0
DA:169,0
DA:179,0
DA:181,0
DA:182,0
DA:183,0
DA:184,0
DA:185,0
DA:186,0
DA:187,0
DA:189,0
DA:193,0
DA:194,0
DA:195,0
DA:196,0
DA:198,0
DA:199,0
DA:203,0
DA:205,0
DA:206,0
DA:207,0
DA:210,0
DA:211,0
DA:213,0
DA:214,0
DA:215,0
DA:216,0
DA:218,0
DA:220,0
DA:221,0
DA:224,0
DA:225,0
DA:227,0
DA:229,0
DA:231,0
DA:233,0
DA:234,0
DA:235,0
DA:239,0
DA:241,0
DA:242,0
DA:243,0
DA:244,0
DA:246,0
DA:248,0
DA:250,0
DA:251,0
DA:252,0
DA:253,0
DA:254,0
DA:257,0
DA:258,0
DA:259,0
DA:260,0
DA:262,0
DA:265,1
DA:266,1
LF:163
LH:98
BRDA:27,0,0,3
BRDA:27,0,1,5
BRDA:61,1,0,3
BRDA:61,1,1,0
BRDA:75,2,0,3
BRDA:75,2,1,9
BRDA:81,3,0,2
BRDA:81,3,1,10
BRDA:85,4,0,5
BRDA:85,4,1,7
BRDA:85,5,0,12
BRDA:85,5,1,9
BRDA:100,6,0,3
BRDA:100,6,1,9
BRDA:101,7,0,3
BRDA:101,7,1,9
BRDA:179,8,0,0
BRDA:179,8,1,0
BRDA:193,9,0,0
BRDA:193,9,1,0
BRDA:199,10,0,0
BRDA:199,10,1,0
BRDA:203,11,0,0
BRDA:203,11,1,0
BRDA:203,12,0,0
BRDA:203,12,1,0
BRDA:215,13,0,0
BRDA:215,13,1,0
BRDA:216,14,0,0
BRDA:216,14,1,0
BRF:30
BRH:15
end_of_record
