<?xml version="1.0" encoding="UTF-8"?>
<coverage generated="1605719271477" clover="3.2.0">
  <project timestamp="1605719271478" name="All files">
    <metrics statements="211" coveredstatements="194" conditionals="153" coveredconditionals="132" methods="85" coveredmethods="79" elements="449" coveredelements="405" complexity="0" loc="211" ncloc="211" packages="5" files="11" classes="11"/>
    <package name="src">
      <metrics statements="27" coveredstatements="23" conditionals="37" coveredconditionals="36" methods="13" coveredmethods="10"/>
      <file name="App.js" path="/home/daniele/Scrivania/PULSeBS-Team8/client/src/App.js">
        <metrics statements="25" coveredstatements="21" conditionals="37" coveredconditionals="36" methods="13" coveredmethods="10"/>
        <line num="16" count="3" type="stmt"/>
        <line num="17" count="3" type="stmt"/>
        <line num="18" count="3" type="stmt"/>
        <line num="19" count="3" type="stmt"/>
        <line num="20" count="3" type="stmt"/>
        <line num="21" count="3" type="stmt"/>
        <line num="25" count="3" type="stmt"/>
        <line num="27" count="3" type="stmt"/>
        <line num="28" count="4" type="stmt"/>
        <line num="30" count="3" type="stmt"/>
        <line num="33" count="1" type="cond" truecount="1" falsecount="1"/>
        <line num="34" count="1" type="stmt"/>
        <line num="38" count="3" type="stmt"/>
        <line num="39" count="1" type="stmt"/>
        <line num="40" count="1" type="stmt"/>
        <line num="42" count="1" type="stmt"/>
        <line num="43" count="1" type="stmt"/>
        <line num="46" count="0" type="stmt"/>
        <line num="47" count="0" type="stmt"/>
        <line num="50" count="3" type="stmt"/>
        <line num="51" count="1" type="stmt"/>
        <line num="53" count="1" type="stmt"/>
        <line num="56" count="0" type="stmt"/>
        <line num="60" count="0" type="stmt"/>
        <line num="63" count="16" type="stmt"/>
      </file>
      <file name="index.js" path="/home/daniele/Scrivania/PULSeBS-Team8/client/src/index.js">
        <metrics statements="2" coveredstatements="2" conditionals="0" coveredconditionals="0" methods="0" coveredmethods="0"/>
        <line num="9" count="1" type="stmt"/>
        <line num="21" count="1" type="stmt"/>
      </file>
    </package>
    <package name="src.Components">
      <metrics statements="2" coveredstatements="2" conditionals="24" coveredconditionals="19" methods="2" coveredmethods="2"/>
      <file name="Navbar.js" path="/home/daniele/Scrivania/PULSeBS-Team8/client/src/Components/Navbar.js">
        <metrics statements="2" coveredstatements="2" conditionals="24" coveredconditionals="19" methods="2" coveredmethods="2"/>
        <line num="9" count="3" type="stmt"/>
        <line num="12" count="16" type="stmt"/>
      </file>
    </package>
    <package name="src.Components.Student">
      <metrics statements="70" coveredstatements="65" conditionals="35" coveredconditionals="26" methods="32" coveredmethods="31"/>
      <file name="AvailableCourses.js" path="/home/daniele/Scrivania/PULSeBS-Team8/client/src/Components/Student/AvailableCourses.js">
        <metrics statements="39" coveredstatements="34" conditionals="31" coveredconditionals="24" methods="17" coveredmethods="16"/>
        <line num="5" count="3" type="stmt"/>
        <line num="6" count="85" type="stmt"/>
        <line num="7" count="84" type="stmt"/>
        <line num="8" count="84" type="stmt"/>
        <line num="9" count="84" type="stmt"/>
        <line num="10" count="84" type="stmt"/>
        <line num="12" count="84" type="stmt"/>
        <line num="85" count="2" type="stmt"/>
        <line num="100" count="2" type="stmt"/>
        <line num="115" count="2" type="stmt"/>
        <line num="136" count="9" type="stmt"/>
        <line num="138" count="8" type="stmt"/>
        <line num="139" count="8" type="stmt"/>
        <line num="142" count="1" type="cond" truecount="1" falsecount="1"/>
        <line num="143" count="1" type="stmt"/>
        <line num="145" count="1" type="stmt"/>
        <line num="149" count="6" type="stmt"/>
        <line num="150" count="2" type="stmt"/>
        <line num="152" count="1" type="stmt"/>
        <line num="153" count="1" type="stmt"/>
        <line num="155" count="1" type="stmt"/>
        <line num="156" count="1" type="cond" truecount="1" falsecount="1"/>
        <line num="157" count="1" type="stmt"/>
        <line num="163" count="6" type="stmt"/>
        <line num="164" count="4" type="stmt"/>
        <line num="166" count="2" type="stmt"/>
        <line num="167" count="2" type="stmt"/>
        <line num="169" count="0" type="stmt"/>
        <line num="170" count="0" type="cond" truecount="0" falsecount="4"/>
        <line num="171" count="0" type="stmt"/>
        <line num="173" count="0" type="stmt"/>
        <line num="176" count="0" type="stmt"/>
        <line num="179" count="4" type="cond" truecount="2" falsecount="0"/>
        <line num="180" count="2" type="stmt"/>
        <line num="182" count="4" type="stmt"/>
        <line num="187" count="7" type="stmt"/>
        <line num="188" count="6" type="stmt"/>
        <line num="191" count="28" type="stmt"/>
        <line num="198" count="84" type="stmt"/>
      </file>
      <file name="RegisteredCourses.js" path="/home/daniele/Scrivania/PULSeBS-Team8/client/src/Components/Student/RegisteredCourses.js">
        <metrics statements="24" coveredstatements="24" conditionals="4" coveredconditionals="2" methods="12" coveredmethods="12"/>
        <line num="8" count="3" type="stmt"/>
        <line num="12" count="2" type="stmt"/>
        <line num="14" count="1" type="stmt"/>
        <line num="17" count="1" type="stmt"/>
        <line num="18" count="1" type="cond" truecount="1" falsecount="1"/>
        <line num="19" count="1" type="stmt"/>
        <line num="21" count="1" type="stmt"/>
        <line num="26" count="5" type="stmt"/>
        <line num="28" count="4" type="stmt"/>
        <line num="29" count="4" type="stmt"/>
        <line num="30" count="16" type="stmt"/>
        <line num="38" count="16" type="stmt"/>
        <line num="40" count="4" type="stmt"/>
        <line num="43" count="1" type="cond" truecount="1" falsecount="1"/>
        <line num="44" count="1" type="stmt"/>
        <line num="46" count="1" type="stmt"/>
        <line num="50" count="5" type="stmt"/>
        <line num="52" count="4" type="stmt"/>
        <line num="57" count="4" type="stmt"/>
        <line num="58" count="36" type="stmt"/>
        <line num="64" count="2" type="stmt"/>
        <line num="73" count="4" type="stmt"/>
        <line num="74" count="36" type="stmt"/>
        <line num="96" count="10" type="stmt"/>
      </file>
      <file name="StudentPage.js" path="/home/daniele/Scrivania/PULSeBS-Team8/client/src/Components/Student/StudentPage.js">
        <metrics statements="7" coveredstatements="7" conditionals="0" coveredconditionals="0" methods="3" coveredmethods="3"/>
        <line num="7" count="1" type="stmt"/>
        <line num="8" count="1" type="stmt"/>
        <line num="9" count="1" type="stmt"/>
        <line num="12" count="1" type="stmt"/>
        <line num="13" count="1" type="stmt"/>
        <line num="14" count="1" type="stmt"/>
        <line num="18" count="3" type="stmt"/>
      </file>
    </package>
    <package name="src.Components.Teacher">
      <metrics statements="74" coveredstatements="70" conditionals="45" coveredconditionals="41" methods="29" coveredmethods="27"/>
      <file name="CancelForm.js" path="/home/daniele/Scrivania/PULSeBS-Team8/client/src/Components/Teacher/CancelForm.js">
        <metrics statements="7" coveredstatements="7" conditionals="2" coveredconditionals="1" methods="4" coveredmethods="3"/>
        <line num="6" count="19" type="stmt"/>
        <line num="8" count="19" type="stmt"/>
        <line num="9" count="19" type="stmt"/>
        <line num="10" count="19" type="stmt"/>
        <line num="11" count="2" type="stmt"/>
        <line num="12" count="2" type="stmt"/>
        <line num="14" count="19" type="stmt"/>
      </file>
      <file name="LectureTable.js" path="/home/daniele/Scrivania/PULSeBS-Team8/client/src/Components/Teacher/LectureTable.js">
        <metrics statements="21" coveredstatements="21" conditionals="11" coveredconditionals="11" methods="8" coveredmethods="8"/>
        <line num="13" count="3" type="stmt"/>
        <line num="14" count="24" type="stmt"/>
        <line num="15" count="24" type="stmt"/>
        <line num="16" count="24" type="stmt"/>
        <line num="94" count="5" type="stmt"/>
        <line num="95" count="4" type="stmt"/>
        <line num="104" count="3" type="cond" truecount="2" falsecount="0"/>
        <line num="105" count="1" type="stmt"/>
        <line num="106" count="1" type="stmt"/>
        <line num="107" count="3" type="stmt"/>
        <line num="109" count="1" type="stmt"/>
        <line num="111" count="2" type="stmt"/>
        <line num="112" count="2" type="stmt"/>
        <line num="113" count="6" type="stmt"/>
        <line num="115" count="2" type="stmt"/>
        <line num="119" count="8" type="stmt"/>
        <line num="130" count="16" type="stmt"/>
        <line num="131" count="16" type="stmt"/>
        <line num="138" count="2" type="stmt"/>
        <line num="153" count="1" type="stmt"/>
        <line num="163" count="24" type="stmt"/>
      </file>
      <file name="StudentList.js" path="/home/daniele/Scrivania/PULSeBS-Team8/client/src/Components/Teacher/StudentList.js">
        <metrics statements="21" coveredstatements="21" conditionals="19" coveredconditionals="18" methods="7" coveredmethods="7"/>
        <line num="6" count="4" type="stmt"/>
        <line num="7" count="4" type="stmt"/>
        <line num="19" count="25" type="stmt"/>
        <line num="20" count="25" type="stmt"/>
        <line num="21" count="25" type="stmt"/>
        <line num="22" count="25" type="stmt"/>
        <line num="23" count="25" type="stmt"/>
        <line num="24" count="25" type="stmt"/>
        <line num="25" count="2" type="stmt"/>
        <line num="26" count="2" type="stmt"/>
        <line num="28" count="1" type="stmt"/>
        <line num="29" count="1" type="stmt"/>
        <line num="30" count="1" type="stmt"/>
        <line num="33" count="1" type="cond" truecount="1" falsecount="1"/>
        <line num="34" count="1" type="stmt"/>
        <line num="36" count="1" type="stmt"/>
        <line num="37" count="1" type="stmt"/>
        <line num="38" count="1" type="stmt"/>
        <line num="40" count="2" type="stmt"/>
        <line num="43" count="25" type="stmt"/>
        <line num="118" count="6" type="stmt"/>
      </file>
      <file name="TeacherPage.js" path="/home/daniele/Scrivania/PULSeBS-Team8/client/src/Components/Teacher/TeacherPage.js">
        <metrics statements="25" coveredstatements="21" conditionals="13" coveredconditionals="11" methods="10" coveredmethods="9"/>
        <line num="8" count="7" type="stmt"/>
        <line num="9" count="6" type="stmt"/>
        <line num="10" count="6" type="stmt"/>
        <line num="14" count="1" type="stmt"/>
        <line num="16" count="1" type="stmt"/>
        <line num="19" count="0" type="stmt"/>
        <line num="20" count="0" type="cond" truecount="0" falsecount="2"/>
        <line num="21" count="0" type="stmt"/>
        <line num="23" count="0" type="stmt"/>
        <line num="27" count="7" type="stmt"/>
        <line num="29" count="5" type="stmt"/>
        <line num="31" count="5" type="stmt"/>
        <line num="32" count="5" type="stmt"/>
        <line num="33" count="15" type="stmt"/>
        <line num="35" count="5" type="stmt"/>
        <line num="36" count="5" type="stmt"/>
        <line num="37" count="5" type="stmt"/>
        <line num="39" count="5" type="stmt"/>
        <line num="47" count="2" type="stmt"/>
        <line num="48" count="2" type="cond" truecount="2" falsecount="0"/>
        <line num="49" count="1" type="stmt"/>
        <line num="51" count="2" type="stmt"/>
        <line num="56" count="6" type="stmt"/>
        <line num="59" count="15" type="stmt"/>
        <line num="62" count="15" type="stmt"/>
      </file>
    </package>
    <package name="src.pages.logins">
      <metrics statements="38" coveredstatements="34" conditionals="12" coveredconditionals="10" methods="9" coveredmethods="9"/>
      <file name="index.js" path="/home/daniele/Scrivania/PULSeBS-Team8/client/src/pages/logins/index.js">
        <metrics statements="38" coveredstatements="34" conditionals="12" coveredconditionals="10" methods="9" coveredmethods="9"/>
        <line num="17" count="3" type="stmt"/>
        <line num="42" count="3" type="stmt"/>
        <line num="52" count="12" type="stmt"/>
        <line num="53" count="11" type="stmt"/>
        <line num="54" count="11" type="stmt"/>
        <line num="55" count="11" type="stmt"/>
        <line num="56" count="11" type="stmt"/>
        <line num="57" count="11" type="stmt"/>
        <line num="58" count="11" type="stmt"/>
        <line num="60" count="11" type="stmt"/>
        <line num="62" count="11" type="stmt"/>
        <line num="64" count="3" type="stmt"/>
        <line num="65" count="3" type="stmt"/>
        <line num="66" count="3" type="stmt"/>
        <line num="67" count="3" type="stmt"/>
        <line num="68" count="3" type="stmt"/>
        <line num="69" count="3" type="cond" truecount="4" falsecount="0"/>
        <line num="70" count="2" type="stmt"/>
        <line num="71" count="2" type="stmt"/>
        <line num="72" count="2" type="stmt"/>
        <line num="76" count="2" type="stmt"/>
        <line num="78" count="1" type="stmt"/>
        <line num="81" count="11" type="stmt"/>
        <line num="82" count="11" type="stmt"/>
        <line num="83" count="1" type="cond" truecount="1" falsecount="1"/>
        <line num="84" count="1" type="stmt"/>
        <line num="86" count="0" type="stmt"/>
        <line num="87" count="0" type="stmt"/>
        <line num="88" count="0" type="stmt"/>
        <line num="89" count="0" type="stmt"/>
        <line num="91" count="11" type="stmt"/>
        <line num="93" count="10" type="cond" truecount="4" falsecount="0"/>
        <line num="94" count="2" type="cond" truecount="1" falsecount="1"/>
        <line num="95" count="2" type="stmt"/>
        <line num="98" count="11" type="stmt"/>
        <line num="165" count="2" type="stmt"/>
        <line num="181" count="2" type="stmt"/>
        <line num="193" count="3" type="stmt"/>
      </file>
    </package>
  </project>
</coverage>
