{"/home/daniele/Scrivania/PULSeBS-Team8/client/src/App.js": {"path":"/home/daniele/Scrivania/PULSeBS-Team8/client/src/App.js","statementMap":{"0":{"start":{"line":18,"column":4},"end":{"line":18,"column":17}},"1":{"start":{"line":19,"column":4},"end":{"line":19,"column":29}},"2":{"start":{"line":20,"column":4},"end":{"line":20,"column":37}},"3":{"start":{"line":21,"column":4},"end":{"line":21,"column":39}},"4":{"start":{"line":22,"column":4},"end":{"line":22,"column":41}},"5":{"start":{"line":23,"column":4},"end":{"line":23,"column":53}},"6":{"start":{"line":27,"column":4},"end":{"line":27,"column":18}},"7":{"start":{"line":29,"column":10},"end":{"line":37,"column":3}},"8":{"start":{"line":30,"column":4},"end":{"line":36,"column":6}},"9":{"start":{"line":31,"column":6},"end":{"line":31,"column":37}},"10":{"start":{"line":33,"column":6},"end":{"line":35,"column":7}},"11":{"start":{"line":34,"column":8},"end":{"line":34,"column":40}},"12":{"start":{"line":38,"column":8},"end":{"line":49,"column":3}},"13":{"start":{"line":39,"column":4},"end":{"line":39,"column":33}},"14":{"start":{"line":40,"column":4},"end":{"line":48,"column":7}},"15":{"start":{"line":42,"column":10},"end":{"line":42,"column":71}},"16":{"start":{"line":43,"column":10},"end":{"line":43,"column":24}},"17":{"start":{"line":46,"column":6},"end":{"line":46,"column":27}},"18":{"start":{"line":47,"column":6},"end":{"line":47,"column":70}},"19":{"start":{"line":50,"column":11},"end":{"line":56,"column":3}},"20":{"start":{"line":51,"column":4},"end":{"line":55,"column":7}},"21":{"start":{"line":52,"column":6},"end":{"line":52,"column":54}},"22":{"start":{"line":54,"column":6},"end":{"line":54,"column":54}},"23":{"start":{"line":58,"column":4},"end":{"line":58,"column":36}},"24":{"start":{"line":61,"column":4},"end":{"line":103,"column":7}}},"fnMap":{"0":{"name":"(anonymous_0)","decl":{"start":{"line":17,"column":2},"end":{"line":17,"column":3}},"loc":{"start":{"line":17,"column":21},"end":{"line":24,"column":3}},"line":17},"1":{"name":"(anonymous_1)","decl":{"start":{"line":26,"column":2},"end":{"line":26,"column":3}},"loc":{"start":{"line":26,"column":22},"end":{"line":28,"column":3}},"line":26},"2":{"name":"(anonymous_2)","decl":{"start":{"line":29,"column":10},"end":{"line":29,"column":11}},"loc":{"start":{"line":29,"column":14},"end":{"line":37,"column":3}},"line":29},"3":{"name":"(anonymous_3)","decl":{"start":{"line":30,"column":23},"end":{"line":30,"column":24}},"loc":{"start":{"line":30,"column":30},"end":{"line":32,"column":5}},"line":30},"4":{"name":"(anonymous_4)","decl":{"start":{"line":32,"column":13},"end":{"line":32,"column":14}},"loc":{"start":{"line":32,"column":20},"end":{"line":36,"column":5}},"line":32},"5":{"name":"(anonymous_5)","decl":{"start":{"line":38,"column":8},"end":{"line":38,"column":9}},"loc":{"start":{"line":38,"column":16},"end":{"line":49,"column":3}},"line":38},"6":{"name":"(anonymous_6)","decl":{"start":{"line":41,"column":8},"end":{"line":41,"column":9}},"loc":{"start":{"line":41,"column":16},"end":{"line":44,"column":9}},"line":41},"7":{"name":"(anonymous_7)","decl":{"start":{"line":45,"column":12},"end":{"line":45,"column":13}},"loc":{"start":{"line":45,"column":26},"end":{"line":48,"column":5}},"line":45},"8":{"name":"(anonymous_8)","decl":{"start":{"line":50,"column":11},"end":{"line":50,"column":12}},"loc":{"start":{"line":50,"column":17},"end":{"line":56,"column":3}},"line":50},"9":{"name":"(anonymous_9)","decl":{"start":{"line":51,"column":26},"end":{"line":51,"column":27}},"loc":{"start":{"line":51,"column":32},"end":{"line":53,"column":5}},"line":51},"10":{"name":"(anonymous_10)","decl":{"start":{"line":53,"column":13},"end":{"line":53,"column":14}},"loc":{"start":{"line":53,"column":20},"end":{"line":55,"column":5}},"line":53},"11":{"name":"(anonymous_11)","decl":{"start":{"line":57,"column":2},"end":{"line":57,"column":3}},"loc":{"start":{"line":57,"column":17},"end":{"line":59,"column":3}},"line":57},"12":{"name":"(anonymous_12)","decl":{"start":{"line":60,"column":2},"end":{"line":60,"column":3}},"loc":{"start":{"line":60,"column":10},"end":{"line":104,"column":3}},"line":60}},"branchMap":{"0":{"loc":{"start":{"line":33,"column":6},"end":{"line":35,"column":7}},"type":"if","locations":[{"start":{"line":33,"column":6},"end":{"line":35,"column":7}},{"start":{"line":33,"column":6},"end":{"line":35,"column":7}}],"line":33},"1":{"loc":{"start":{"line":69,"column":30},"end":{"line":69,"column":122}},"type":"binary-expr","locations":[{"start":{"line":69,"column":30},"end":{"line":69,"column":51}},{"start":{"line":69,"column":55},"end":{"line":69,"column":81}},{"start":{"line":69,"column":85},"end":{"line":69,"column":122}}],"line":69},"2":{"loc":{"start":{"line":73,"column":19},"end":{"line":73,"column":204}},"type":"binary-expr","locations":[{"start":{"line":73,"column":19},"end":{"line":73,"column":40}},{"start":{"line":73,"column":44},"end":{"line":73,"column":70}},{"start":{"line":73,"column":74},"end":{"line":73,"column":106}},{"start":{"line":73,"column":110},"end":{"line":73,"column":204}}],"line":73},"3":{"loc":{"start":{"line":74,"column":19},"end":{"line":74,"column":204}},"type":"binary-expr","locations":[{"start":{"line":74,"column":19},"end":{"line":74,"column":40}},{"start":{"line":74,"column":44},"end":{"line":74,"column":70}},{"start":{"line":74,"column":74},"end":{"line":74,"column":106}},{"start":{"line":74,"column":110},"end":{"line":74,"column":204}}],"line":74},"4":{"loc":{"start":{"line":83,"column":13},"end":{"line":83,"column":102}},"type":"binary-expr","locations":[{"start":{"line":83,"column":14},"end":{"line":83,"column":35}},{"start":{"line":83,"column":39},"end":{"line":83,"column":71}},{"start":{"line":83,"column":77},"end":{"line":83,"column":102}}],"line":83},"5":{"loc":{"start":{"line":84,"column":13},"end":{"line":84,"column":102}},"type":"binary-expr","locations":[{"start":{"line":84,"column":14},"end":{"line":84,"column":35}},{"start":{"line":84,"column":39},"end":{"line":84,"column":71}},{"start":{"line":84,"column":77},"end":{"line":84,"column":102}}],"line":84},"6":{"loc":{"start":{"line":85,"column":13},"end":{"line":85,"column":124}},"type":"binary-expr","locations":[{"start":{"line":85,"column":14},"end":{"line":85,"column":36}},{"start":{"line":85,"column":41},"end":{"line":85,"column":124}}],"line":85},"7":{"loc":{"start":{"line":88,"column":13},"end":{"line":88,"column":150}},"type":"cond-expr","locations":[{"start":{"line":88,"column":76},"end":{"line":88,"column":125}},{"start":{"line":88,"column":127},"end":{"line":88,"column":150}}],"line":88},"8":{"loc":{"start":{"line":88,"column":14},"end":{"line":88,"column":71}},"type":"binary-expr","locations":[{"start":{"line":88,"column":14},"end":{"line":88,"column":35}},{"start":{"line":88,"column":39},"end":{"line":88,"column":71}}],"line":88},"9":{"loc":{"start":{"line":92,"column":13},"end":{"line":92,"column":116}},"type":"cond-expr","locations":[{"start":{"line":92,"column":76},"end":{"line":92,"column":91}},{"start":{"line":92,"column":93},"end":{"line":92,"column":116}}],"line":92},"10":{"loc":{"start":{"line":92,"column":14},"end":{"line":92,"column":71}},"type":"binary-expr","locations":[{"start":{"line":92,"column":14},"end":{"line":92,"column":35}},{"start":{"line":92,"column":39},"end":{"line":92,"column":71}}],"line":92},"11":{"loc":{"start":{"line":95,"column":11},"end":{"line":95,"column":153}},"type":"cond-expr","locations":[{"start":{"line":95,"column":74},"end":{"line":95,"column":128}},{"start":{"line":95,"column":130},"end":{"line":95,"column":153}}],"line":95},"12":{"loc":{"start":{"line":95,"column":12},"end":{"line":95,"column":69}},"type":"binary-expr","locations":[{"start":{"line":95,"column":12},"end":{"line":95,"column":33}},{"start":{"line":95,"column":37},"end":{"line":95,"column":69}}],"line":95},"13":{"loc":{"start":{"line":98,"column":11},"end":{"line":98,"column":154}},"type":"cond-expr","locations":[{"start":{"line":98,"column":74},"end":{"line":98,"column":129}},{"start":{"line":98,"column":131},"end":{"line":98,"column":154}}],"line":98},"14":{"loc":{"start":{"line":98,"column":12},"end":{"line":98,"column":69}},"type":"binary-expr","locations":[{"start":{"line":98,"column":12},"end":{"line":98,"column":33}},{"start":{"line":98,"column":37},"end":{"line":98,"column":69}}],"line":98}},"s":{"0":2,"1":2,"2":2,"3":2,"4":2,"5":2,"6":2,"7":2,"8":2,"9":2,"10":0,"11":0,"12":2,"13":0,"14":0,"15":0,"16":0,"17":0,"18":0,"19":2,"20":0,"21":0,"22":0,"23":0,"24":8},"f":{"0":2,"1":2,"2":2,"3":2,"4":0,"5":0,"6":0,"7":0,"8":0,"9":0,"10":0,"11":0,"12":8},"b":{"0":[0,0],"1":[8,3,0],"2":[8,3,3,1],"3":[8,3,3,2],"4":[8,3,2],"5":[8,3,1],"6":[8,5],"7":[2,6],"8":[8,3],"9":[1,7],"10":[8,3],"11":[1,7],"12":[8,3],"13":[1,7],"14":[8,3]},"_coverageSchema":"1a1c01bbd47fc00a2c39e90264f33305004495a9","hash":"143f15e14e789d79cc17eeb8d119a01ac013228b"}
,"/home/daniele/Scrivania/PULSeBS-Team8/client/src/index.js": {"path":"/home/daniele/Scrivania/PULSeBS-Team8/client/src/index.js","statementMap":{"0":{"start":{"line":11,"column":0},"end":{"line":18,"column":2}},"1":{"start":{"line":23,"column":0},"end":{"line":23,"column":18}}},"fnMap":{},"branchMap":{},"s":{"0":1,"1":1},"f":{},"b":{},"_coverageSchema":"1a1c01bbd47fc00a2c39e90264f33305004495a9","hash":"0f053c803d695c5c618697d08eb1dd8bc0a6a6d9"}
,"/home/daniele/Scrivania/PULSeBS-Team8/client/src/Components/Navbar.js": {"path":"/home/daniele/Scrivania/PULSeBS-Team8/client/src/Components/Navbar.js","statementMap":{"0":{"start":{"line":9,"column":8},"end":{"line":9,"column":21}},"1":{"start":{"line":12,"column":8},"end":{"line":45,"column":10}}},"fnMap":{"0":{"name":"(anonymous_0)","decl":{"start":{"line":8,"column":4},"end":{"line":8,"column":5}},"loc":{"start":{"line":8,"column":22},"end":{"line":10,"column":5}},"line":8},"1":{"name":"(anonymous_1)","decl":{"start":{"line":11,"column":4},"end":{"line":11,"column":5}},"loc":{"start":{"line":11,"column":13},"end":{"line":46,"column":5}},"line":11}},"branchMap":{"0":{"loc":{"start":{"line":35,"column":25},"end":{"line":35,"column":174}},"type":"binary-expr","locations":[{"start":{"line":35,"column":25},"end":{"line":35,"column":47}},{"start":{"line":35,"column":51},"end":{"line":35,"column":76}},{"start":{"line":35,"column":81},"end":{"line":35,"column":174}}],"line":35},"1":{"loc":{"start":{"line":36,"column":25},"end":{"line":37,"column":115}},"type":"binary-expr","locations":[{"start":{"line":36,"column":25},"end":{"line":36,"column":46}},{"start":{"line":36,"column":50},"end":{"line":36,"column":76}},{"start":{"line":36,"column":80},"end":{"line":37,"column":115}}],"line":36},"2":{"loc":{"start":{"line":36,"column":211},"end":{"line":36,"column":259}},"type":"binary-expr","locations":[{"start":{"line":36,"column":211},"end":{"line":36,"column":243}},{"start":{"line":36,"column":247},"end":{"line":36,"column":259}}],"line":36},"3":{"loc":{"start":{"line":36,"column":261},"end":{"line":36,"column":309}},"type":"binary-expr","locations":[{"start":{"line":36,"column":261},"end":{"line":36,"column":293}},{"start":{"line":36,"column":297},"end":{"line":36,"column":309}}],"line":36},"4":{"loc":{"start":{"line":38,"column":25},"end":{"line":38,"column":189}},"type":"binary-expr","locations":[{"start":{"line":38,"column":25},"end":{"line":38,"column":46}},{"start":{"line":38,"column":51},"end":{"line":38,"column":83}},{"start":{"line":38,"column":87},"end":{"line":38,"column":189}}],"line":38},"5":{"loc":{"start":{"line":39,"column":25},"end":{"line":39,"column":189}},"type":"binary-expr","locations":[{"start":{"line":39,"column":25},"end":{"line":39,"column":46}},{"start":{"line":39,"column":51},"end":{"line":39,"column":83}},{"start":{"line":39,"column":87},"end":{"line":39,"column":189}}],"line":39}},"s":{"0":2,"1":8},"f":{"0":2,"1":8},"b":{"0":[8,5,2],"1":[8,3,0],"2":[0,0],"3":[0,0],"4":[8,3,1],"5":[8,3,2]},"_coverageSchema":"1a1c01bbd47fc00a2c39e90264f33305004495a9","hash":"496eec0aff881512f6f47ed8336d7b70b310dbd3"}
,"/home/daniele/Scrivania/PULSeBS-Team8/client/src/Components/Student/AvailableCourses.js": {"path":"/home/daniele/Scrivania/PULSeBS-Team8/client/src/Components/Student/AvailableCourses.js","statementMap":{"0":{"start":{"line":6,"column":18},"end":{"line":47,"column":1}},"1":{"start":{"line":7,"column":11},"end":{"line":7,"column":24}},"2":{"start":{"line":8,"column":21},"end":{"line":8,"column":38}},"3":{"start":{"line":9,"column":4},"end":{"line":46,"column":7}},"4":{"start":{"line":37,"column":141},"end":{"line":37,"column":165}},"5":{"start":{"line":38,"column":140},"end":{"line":38,"column":164}},"6":{"start":{"line":53,"column":8},"end":{"line":60,"column":10}},"7":{"start":{"line":54,"column":13},"end":{"line":54,"column":70}},"8":{"start":{"line":56,"column":12},"end":{"line":58,"column":13}},"9":{"start":{"line":57,"column":16},"end":{"line":57,"column":42}},"10":{"start":{"line":59,"column":12},"end":{"line":59,"column":56}},"11":{"start":{"line":64,"column":16},"end":{"line":74,"column":7}},"12":{"start":{"line":65,"column":9},"end":{"line":65,"column":34}},"13":{"start":{"line":66,"column":8},"end":{"line":73,"column":10}},"14":{"start":{"line":67,"column":12},"end":{"line":67,"column":28}},"15":{"start":{"line":69,"column":12},"end":{"line":71,"column":13}},"16":{"start":{"line":70,"column":16},"end":{"line":70,"column":42}},"17":{"start":{"line":72,"column":12},"end":{"line":72,"column":56}},"18":{"start":{"line":78,"column":8},"end":{"line":78,"column":21}},"19":{"start":{"line":79,"column":8},"end":{"line":80,"column":26}},"20":{"start":{"line":83,"column":8},"end":{"line":93,"column":9}},"21":{"start":{"line":87,"column":56},"end":{"line":87,"column":132}}},"fnMap":{"0":{"name":"(anonymous_0)","decl":{"start":{"line":6,"column":18},"end":{"line":6,"column":19}},"loc":{"start":{"line":6,"column":27},"end":{"line":47,"column":1}},"line":6},"1":{"name":"(anonymous_1)","decl":{"start":{"line":37,"column":135},"end":{"line":37,"column":136}},"loc":{"start":{"line":37,"column":141},"end":{"line":37,"column":165}},"line":37},"2":{"name":"(anonymous_2)","decl":{"start":{"line":38,"column":134},"end":{"line":38,"column":135}},"loc":{"start":{"line":38,"column":140},"end":{"line":38,"column":164}},"line":38},"3":{"name":"(anonymous_3)","decl":{"start":{"line":52,"column":4},"end":{"line":52,"column":5}},"loc":{"start":{"line":52,"column":24},"end":{"line":61,"column":5}},"line":52},"4":{"name":"(anonymous_4)","decl":{"start":{"line":53,"column":31},"end":{"line":53,"column":32}},"loc":{"start":{"line":53,"column":38},"end":{"line":55,"column":9}},"line":53},"5":{"name":"(anonymous_5)","decl":{"start":{"line":55,"column":17},"end":{"line":55,"column":18}},"loc":{"start":{"line":55,"column":24},"end":{"line":60,"column":9}},"line":55},"6":{"name":"(anonymous_6)","decl":{"start":{"line":64,"column":16},"end":{"line":64,"column":17}},"loc":{"start":{"line":64,"column":23},"end":{"line":74,"column":7}},"line":64},"7":{"name":"(anonymous_7)","decl":{"start":{"line":66,"column":34},"end":{"line":66,"column":35}},"loc":{"start":{"line":66,"column":41},"end":{"line":68,"column":9}},"line":66},"8":{"name":"(anonymous_8)","decl":{"start":{"line":68,"column":17},"end":{"line":68,"column":18}},"loc":{"start":{"line":68,"column":24},"end":{"line":73,"column":9}},"line":68},"9":{"name":"(anonymous_9)","decl":{"start":{"line":77,"column":4},"end":{"line":77,"column":5}},"loc":{"start":{"line":77,"column":23},"end":{"line":81,"column":5}},"line":77},"10":{"name":"(anonymous_10)","decl":{"start":{"line":82,"column":4},"end":{"line":82,"column":5}},"loc":{"start":{"line":82,"column":12},"end":{"line":94,"column":5}},"line":82},"11":{"name":"(anonymous_11)","decl":{"start":{"line":87,"column":45},"end":{"line":87,"column":46}},"loc":{"start":{"line":87,"column":55},"end":{"line":87,"column":133}},"line":87}},"branchMap":{"0":{"loc":{"start":{"line":37,"column":29},"end":{"line":37,"column":224}},"type":"binary-expr","locations":[{"start":{"line":37,"column":29},"end":{"line":37,"column":45}},{"start":{"line":37,"column":49},"end":{"line":37,"column":76}},{"start":{"line":37,"column":80},"end":{"line":37,"column":224}}],"line":37},"1":{"loc":{"start":{"line":38,"column":28},"end":{"line":38,"column":219}},"type":"binary-expr","locations":[{"start":{"line":38,"column":28},"end":{"line":38,"column":44}},{"start":{"line":38,"column":48},"end":{"line":38,"column":75}},{"start":{"line":38,"column":79},"end":{"line":38,"column":219}}],"line":38},"2":{"loc":{"start":{"line":39,"column":28},"end":{"line":39,"column":116}},"type":"binary-expr","locations":[{"start":{"line":39,"column":28},"end":{"line":39,"column":43}},{"start":{"line":39,"column":47},"end":{"line":39,"column":74}},{"start":{"line":39,"column":78},"end":{"line":39,"column":116}}],"line":39},"3":{"loc":{"start":{"line":40,"column":28},"end":{"line":40,"column":121}},"type":"binary-expr","locations":[{"start":{"line":40,"column":28},"end":{"line":40,"column":43}},{"start":{"line":40,"column":47},"end":{"line":40,"column":74}},{"start":{"line":40,"column":78},"end":{"line":40,"column":121}}],"line":40},"4":{"loc":{"start":{"line":56,"column":12},"end":{"line":58,"column":13}},"type":"if","locations":[{"start":{"line":56,"column":12},"end":{"line":58,"column":13}},{"start":{"line":56,"column":12},"end":{"line":58,"column":13}}],"line":56},"5":{"loc":{"start":{"line":69,"column":12},"end":{"line":71,"column":13}},"type":"if","locations":[{"start":{"line":69,"column":12},"end":{"line":71,"column":13}},{"start":{"line":69,"column":12},"end":{"line":71,"column":13}}],"line":69}},"s":{"0":3,"1":36,"2":36,"3":36,"4":2,"5":2,"6":8,"7":7,"8":1,"9":1,"10":1,"11":4,"12":4,"13":4,"14":2,"15":2,"16":2,"17":2,"18":4,"19":4,"20":14,"21":36},"f":{"0":36,"1":2,"2":2,"3":8,"4":7,"5":1,"6":4,"7":2,"8":2,"9":4,"10":14,"11":36},"b":{"0":[36,18,9],"1":[36,18,9],"2":[36,18,9],"3":[36,18,9],"4":[1,0],"5":[2,0]},"_coverageSchema":"1a1c01bbd47fc00a2c39e90264f33305004495a9","hash":"93b5d52c40016b2101689fe9f0f37f23f3c39308"}
,"/home/daniele/Scrivania/PULSeBS-Team8/client/src/Components/Student/RegisteredCourses.js": {"path":"/home/daniele/Scrivania/PULSeBS-Team8/client/src/Components/Student/RegisteredCourses.js","statementMap":{"0":{"start":{"line":8,"column":18},"end":{"line":8,"column":41}},"1":{"start":{"line":13,"column":4},"end":{"line":13,"column":38}},"2":{"start":{"line":17,"column":4},"end":{"line":41,"column":8}},"3":{"start":{"line":20,"column":8},"end":{"line":20,"column":24}},"4":{"start":{"line":21,"column":20},"end":{"line":31,"column":10}},"5":{"start":{"line":22,"column":24},"end":{"line":29,"column":11}},"6":{"start":{"line":30,"column":10},"end":{"line":30,"column":25}},"7":{"start":{"line":32,"column":8},"end":{"line":32,"column":68}},"8":{"start":{"line":35,"column":8},"end":{"line":39,"column":9}},"9":{"start":{"line":36,"column":10},"end":{"line":38,"column":28}},"10":{"start":{"line":40,"column":8},"end":{"line":40,"column":55}},"11":{"start":{"line":44,"column":4},"end":{"line":44,"column":17}},"12":{"start":{"line":46,"column":4},"end":{"line":48,"column":5}},"13":{"start":{"line":51,"column":12},"end":{"line":59,"column":3}},"14":{"start":{"line":52,"column":4},"end":{"line":58,"column":14}},"15":{"start":{"line":56,"column":71},"end":{"line":56,"column":98}},"16":{"start":{"line":61,"column":10},"end":{"line":73,"column":3}},"17":{"start":{"line":62,"column":4},"end":{"line":72,"column":21}},"18":{"start":{"line":77,"column":4},"end":{"line":97,"column":6}}},"fnMap":{"0":{"name":"(anonymous_0)","decl":{"start":{"line":12,"column":2},"end":{"line":12,"column":3}},"loc":{"start":{"line":12,"column":19},"end":{"line":14,"column":3}},"line":12},"1":{"name":"(anonymous_1)","decl":{"start":{"line":16,"column":2},"end":{"line":16,"column":3}},"loc":{"start":{"line":16,"column":22},"end":{"line":42,"column":3}},"line":16},"2":{"name":"(anonymous_2)","decl":{"start":{"line":19,"column":12},"end":{"line":19,"column":13}},"loc":{"start":{"line":19,"column":21},"end":{"line":33,"column":7}},"line":19},"3":{"name":"(anonymous_3)","decl":{"start":{"line":21,"column":28},"end":{"line":21,"column":29}},"loc":{"start":{"line":21,"column":37},"end":{"line":31,"column":9}},"line":21},"4":{"name":"(anonymous_4)","decl":{"start":{"line":34,"column":13},"end":{"line":34,"column":14}},"loc":{"start":{"line":34,"column":22},"end":{"line":41,"column":7}},"line":34},"5":{"name":"(anonymous_5)","decl":{"start":{"line":43,"column":2},"end":{"line":43,"column":3}},"loc":{"start":{"line":43,"column":21},"end":{"line":49,"column":3}},"line":43},"6":{"name":"(anonymous_6)","decl":{"start":{"line":51,"column":12},"end":{"line":51,"column":13}},"loc":{"start":{"line":52,"column":4},"end":{"line":58,"column":14}},"line":52},"7":{"name":"(anonymous_7)","decl":{"start":{"line":56,"column":65},"end":{"line":56,"column":66}},"loc":{"start":{"line":56,"column":71},"end":{"line":56,"column":98}},"line":56},"8":{"name":"(anonymous_8)","decl":{"start":{"line":61,"column":10},"end":{"line":61,"column":11}},"loc":{"start":{"line":62,"column":4},"end":{"line":72,"column":21}},"line":62},"9":{"name":"(anonymous_9)","decl":{"start":{"line":75,"column":2},"end":{"line":75,"column":3}},"loc":{"start":{"line":75,"column":11},"end":{"line":98,"column":3}},"line":75}},"branchMap":{"0":{"loc":{"start":{"line":35,"column":8},"end":{"line":39,"column":9}},"type":"if","locations":[{"start":{"line":35,"column":8},"end":{"line":39,"column":9}},{"start":{"line":35,"column":8},"end":{"line":39,"column":9}}],"line":35}},"s":{"0":3,"1":1,"2":3,"3":2,"4":2,"5":8,"6":8,"7":2,"8":1,"9":1,"10":1,"11":4,"12":3,"13":3,"14":16,"15":1,"16":3,"17":16,"18":6},"f":{"0":1,"1":3,"2":2,"3":8,"4":1,"5":4,"6":16,"7":1,"8":16,"9":6},"b":{"0":[1,0]},"_coverageSchema":"1a1c01bbd47fc00a2c39e90264f33305004495a9","hash":"cdf8a3108c2387b4e83bd5ff4d2cdb3693ac8ed3"}
,"/home/daniele/Scrivania/PULSeBS-Team8/client/src/Components/Student/StudentPage.js": {"path":"/home/daniele/Scrivania/PULSeBS-Team8/client/src/Components/Student/StudentPage.js","statementMap":{"0":{"start":{"line":9,"column":18},"end":{"line":12,"column":3}},"1":{"start":{"line":10,"column":15},"end":{"line":10,"column":25}},"2":{"start":{"line":11,"column":4},"end":{"line":11,"column":34}},"3":{"start":{"line":14,"column":18},"end":{"line":17,"column":3}},"4":{"start":{"line":15,"column":15},"end":{"line":15,"column":35}},"5":{"start":{"line":16,"column":4},"end":{"line":16,"column":34}},"6":{"start":{"line":20,"column":4},"end":{"line":63,"column":6}}},"fnMap":{"0":{"name":"(anonymous_0)","decl":{"start":{"line":9,"column":18},"end":{"line":9,"column":19}},"loc":{"start":{"line":9,"column":23},"end":{"line":12,"column":3}},"line":9},"1":{"name":"(anonymous_1)","decl":{"start":{"line":14,"column":18},"end":{"line":14,"column":19}},"loc":{"start":{"line":14,"column":23},"end":{"line":17,"column":3}},"line":14},"2":{"name":"(anonymous_2)","decl":{"start":{"line":19,"column":2},"end":{"line":19,"column":3}},"loc":{"start":{"line":19,"column":11},"end":{"line":64,"column":3}},"line":19}},"branchMap":{},"s":{"0":1,"1":1,"2":1,"3":1,"4":1,"5":1,"6":3},"f":{"0":1,"1":1,"2":3},"b":{},"_coverageSchema":"1a1c01bbd47fc00a2c39e90264f33305004495a9","hash":"1d1aa66c2670425c38e9dc94ca0bcf989d6a0520"}
,"/home/daniele/Scrivania/PULSeBS-Team8/client/src/Components/Teacher/CancelForm.js": {"path":"/home/daniele/Scrivania/PULSeBS-Team8/client/src/Components/Teacher/CancelForm.js","statementMap":{"0":{"start":{"line":6,"column":28},"end":{"line":6,"column":43}},"1":{"start":{"line":8,"column":24},"end":{"line":8,"column":44}},"2":{"start":{"line":8,"column":30},"end":{"line":8,"column":44}},"3":{"start":{"line":9,"column":23},"end":{"line":9,"column":42}},"4":{"start":{"line":9,"column":29},"end":{"line":9,"column":42}},"5":{"start":{"line":10,"column":23},"end":{"line":13,"column":5}},"6":{"start":{"line":11,"column":8},"end":{"line":11,"column":22}},"7":{"start":{"line":12,"column":8},"end":{"line":12,"column":40}},"8":{"start":{"line":14,"column":4},"end":{"line":41,"column":6}}},"fnMap":{"0":{"name":"CancelForm","decl":{"start":{"line":5,"column":9},"end":{"line":5,"column":19}},"loc":{"start":{"line":5,"column":27},"end":{"line":42,"column":1}},"line":5},"1":{"name":"(anonymous_1)","decl":{"start":{"line":8,"column":24},"end":{"line":8,"column":25}},"loc":{"start":{"line":8,"column":30},"end":{"line":8,"column":44}},"line":8},"2":{"name":"(anonymous_2)","decl":{"start":{"line":9,"column":23},"end":{"line":9,"column":24}},"loc":{"start":{"line":9,"column":29},"end":{"line":9,"column":42}},"line":9},"3":{"name":"(anonymous_3)","decl":{"start":{"line":10,"column":23},"end":{"line":10,"column":24}},"loc":{"start":{"line":10,"column":27},"end":{"line":13,"column":5}},"line":10}},"branchMap":{"0":{"loc":{"start":{"line":16,"column":13},"end":{"line":18,"column":92}},"type":"cond-expr","locations":[{"start":{"line":17,"column":16},"end":{"line":17,"column":126}},{"start":{"line":18,"column":16},"end":{"line":18,"column":92}}],"line":16}},"s":{"0":3,"1":3,"2":0,"3":3,"4":1,"5":3,"6":1,"7":1,"8":3},"f":{"0":3,"1":0,"2":1,"3":1},"b":{"0":[3,0]},"_coverageSchema":"1a1c01bbd47fc00a2c39e90264f33305004495a9","hash":"013242e0282b2b4293a531d385950d480837c109"}
,"/home/daniele/Scrivania/PULSeBS-Team8/client/src/Components/Teacher/LectureTable.js": {"path":"/home/daniele/Scrivania/PULSeBS-Team8/client/src/Components/Teacher/LectureTable.js","statementMap":{"0":{"start":{"line":8,"column":18},"end":{"line":51,"column":1}},"1":{"start":{"line":9,"column":10},"end":{"line":9,"column":23}},"2":{"start":{"line":10,"column":15},"end":{"line":10,"column":31}},"3":{"start":{"line":11,"column":4},"end":{"line":50,"column":7}},"4":{"start":{"line":56,"column":8},"end":{"line":56,"column":21}},"5":{"start":{"line":57,"column":8},"end":{"line":57,"column":87}},"6":{"start":{"line":62,"column":18},"end":{"line":62,"column":37}},"7":{"start":{"line":63,"column":8},"end":{"line":65,"column":9}},"8":{"start":{"line":64,"column":12},"end":{"line":64,"column":41}},"9":{"start":{"line":66,"column":8},"end":{"line":66,"column":39}},"10":{"start":{"line":69,"column":8},"end":{"line":95,"column":9}},"11":{"start":{"line":78,"column":32},"end":{"line":78,"column":46}},"12":{"start":{"line":79,"column":32},"end":{"line":81,"column":49}},"13":{"start":{"line":79,"column":100},"end":{"line":79,"column":135}},"14":{"start":{"line":86,"column":59},"end":{"line":86,"column":174}}},"fnMap":{"0":{"name":"(anonymous_0)","decl":{"start":{"line":8,"column":18},"end":{"line":8,"column":19}},"loc":{"start":{"line":8,"column":27},"end":{"line":51,"column":1}},"line":8},"1":{"name":"(anonymous_1)","decl":{"start":{"line":55,"column":4},"end":{"line":55,"column":5}},"loc":{"start":{"line":55,"column":23},"end":{"line":58,"column":5}},"line":55},"2":{"name":"(anonymous_2)","decl":{"start":{"line":61,"column":4},"end":{"line":61,"column":5}},"loc":{"start":{"line":61,"column":22},"end":{"line":67,"column":5}},"line":61},"3":{"name":"(anonymous_3)","decl":{"start":{"line":68,"column":4},"end":{"line":68,"column":5}},"loc":{"start":{"line":68,"column":12},"end":{"line":96,"column":5}},"line":68},"4":{"name":"(anonymous_4)","decl":{"start":{"line":77,"column":57},"end":{"line":77,"column":58}},"loc":{"start":{"line":77,"column":62},"end":{"line":81,"column":50}},"line":77},"5":{"name":"(anonymous_5)","decl":{"start":{"line":79,"column":94},"end":{"line":79,"column":95}},"loc":{"start":{"line":79,"column":99},"end":{"line":79,"column":136}},"line":79},"6":{"name":"(anonymous_6)","decl":{"start":{"line":86,"column":53},"end":{"line":86,"column":54}},"loc":{"start":{"line":86,"column":58},"end":{"line":86,"column":175}},"line":86}},"branchMap":{"0":{"loc":{"start":{"line":12,"column":9},"end":{"line":48,"column":22}},"type":"binary-expr","locations":[{"start":{"line":12,"column":9},"end":{"line":12,"column":18}},{"start":{"line":13,"column":16},"end":{"line":48,"column":22}}],"line":12},"1":{"loc":{"start":{"line":29,"column":41},"end":{"line":32,"column":156}},"type":"cond-expr","locations":[{"start":{"line":29,"column":85},"end":{"line":30,"column":50}},{"start":{"line":32,"column":44},"end":{"line":32,"column":156}}],"line":29},"2":{"loc":{"start":{"line":29,"column":42},"end":{"line":29,"column":80}},"type":"binary-expr","locations":[{"start":{"line":29,"column":42},"end":{"line":29,"column":52}},{"start":{"line":29,"column":56},"end":{"line":29,"column":80}}],"line":29},"3":{"loc":{"start":{"line":35,"column":41},"end":{"line":35,"column":205}},"type":"binary-expr","locations":[{"start":{"line":35,"column":42},"end":{"line":35,"column":52}},{"start":{"line":35,"column":56},"end":{"line":35,"column":80}},{"start":{"line":35,"column":87},"end":{"line":35,"column":205}}],"line":35}},"s":{"0":3,"1":0,"2":0,"3":0,"4":0,"5":0,"6":0,"7":0,"8":0,"9":0,"10":0,"11":0,"12":0,"13":0,"14":0},"f":{"0":0,"1":0,"2":0,"3":0,"4":0,"5":0,"6":0},"b":{"0":[0,0],"1":[0,0],"2":[0,0],"3":[0,0,0]},"_coverageSchema":"1a1c01bbd47fc00a2c39e90264f33305004495a9","hash":"d4b81a22e1a77dfa5d1900a00d101ebb003ed35b"}
,"/home/daniele/Scrivania/PULSeBS-Team8/client/src/Components/Teacher/StudentList.js": {"path":"/home/daniele/Scrivania/PULSeBS-Team8/client/src/Components/Teacher/StudentList.js","statementMap":{"0":{"start":{"line":8,"column":4},"end":{"line":8,"column":28}},"1":{"start":{"line":9,"column":4},"end":{"line":10,"column":8}},"2":{"start":{"line":15,"column":28},"end":{"line":15,"column":43}},"3":{"start":{"line":16,"column":34},"end":{"line":16,"column":46}},"4":{"start":{"line":17,"column":36},"end":{"line":17,"column":51}},"5":{"start":{"line":18,"column":32},"end":{"line":18,"column":47}},"6":{"start":{"line":19,"column":24},"end":{"line":19,"column":44}},"7":{"start":{"line":19,"column":30},"end":{"line":19,"column":44}},"8":{"start":{"line":20,"column":23},"end":{"line":36,"column":5}},"9":{"start":{"line":22,"column":8},"end":{"line":22,"column":24}},"10":{"start":{"line":23,"column":8},"end":{"line":34,"column":10}},"11":{"start":{"line":24,"column":12},"end":{"line":24,"column":28}},"12":{"start":{"line":25,"column":12},"end":{"line":25,"column":29}},"13":{"start":{"line":26,"column":12},"end":{"line":26,"column":31}},"14":{"start":{"line":28,"column":12},"end":{"line":30,"column":13}},"15":{"start":{"line":29,"column":16},"end":{"line":29,"column":38}},"16":{"start":{"line":31,"column":12},"end":{"line":31,"column":27}},"17":{"start":{"line":32,"column":12},"end":{"line":32,"column":30}},"18":{"start":{"line":33,"column":12},"end":{"line":33,"column":29}},"19":{"start":{"line":35,"column":8},"end":{"line":35,"column":22}},"20":{"start":{"line":39,"column":4},"end":{"line":88,"column":6}},"21":{"start":{"line":78,"column":93},"end":{"line":78,"column":129}}},"fnMap":{"0":{"name":"StudentItem","decl":{"start":{"line":7,"column":9},"end":{"line":7,"column":20}},"loc":{"start":{"line":7,"column":23},"end":{"line":11,"column":1}},"line":7},"1":{"name":"StudentList","decl":{"start":{"line":14,"column":9},"end":{"line":14,"column":20}},"loc":{"start":{"line":14,"column":28},"end":{"line":89,"column":1}},"line":14},"2":{"name":"(anonymous_2)","decl":{"start":{"line":19,"column":24},"end":{"line":19,"column":25}},"loc":{"start":{"line":19,"column":30},"end":{"line":19,"column":44}},"line":19},"3":{"name":"(anonymous_3)","decl":{"start":{"line":20,"column":23},"end":{"line":20,"column":24}},"loc":{"start":{"line":20,"column":29},"end":{"line":36,"column":5}},"line":20},"4":{"name":"(anonymous_4)","decl":{"start":{"line":23,"column":53},"end":{"line":23,"column":54}},"loc":{"start":{"line":23,"column":60},"end":{"line":27,"column":9}},"line":23},"5":{"name":"(anonymous_5)","decl":{"start":{"line":27,"column":17},"end":{"line":27,"column":18}},"loc":{"start":{"line":27,"column":22},"end":{"line":34,"column":9}},"line":27},"6":{"name":"(anonymous_6)","decl":{"start":{"line":78,"column":84},"end":{"line":78,"column":85}},"loc":{"start":{"line":78,"column":92},"end":{"line":78,"column":130}},"line":78}},"branchMap":{"0":{"loc":{"start":{"line":28,"column":12},"end":{"line":30,"column":13}},"type":"if","locations":[{"start":{"line":28,"column":12},"end":{"line":30,"column":13}},{"start":{"line":28,"column":12},"end":{"line":30,"column":13}}],"line":28},"1":{"loc":{"start":{"line":50,"column":21},"end":{"line":50,"column":106}},"type":"binary-expr","locations":[{"start":{"line":50,"column":21},"end":{"line":50,"column":30}},{"start":{"line":50,"column":34},"end":{"line":50,"column":106}}],"line":50},"2":{"loc":{"start":{"line":51,"column":21},"end":{"line":51,"column":138}},"type":"binary-expr","locations":[{"start":{"line":51,"column":21},"end":{"line":51,"column":31}},{"start":{"line":51,"column":35},"end":{"line":51,"column":42}},{"start":{"line":51,"column":46},"end":{"line":51,"column":138}}],"line":51},"3":{"loc":{"start":{"line":52,"column":21},"end":{"line":62,"column":27}},"type":"binary-expr","locations":[{"start":{"line":52,"column":21},"end":{"line":52,"column":31}},{"start":{"line":52,"column":35},"end":{"line":52,"column":43}},{"start":{"line":52,"column":47},"end":{"line":52,"column":66}},{"start":{"line":52,"column":70},"end":{"line":62,"column":27}}],"line":52},"4":{"loc":{"start":{"line":63,"column":21},"end":{"line":77,"column":23}},"type":"binary-expr","locations":[{"start":{"line":63,"column":21},"end":{"line":63,"column":31}},{"start":{"line":63,"column":35},"end":{"line":63,"column":43}},{"start":{"line":63,"column":48},"end":{"line":63,"column":67}},{"start":{"line":63,"column":71},"end":{"line":77,"column":23}}],"line":63},"5":{"loc":{"start":{"line":78,"column":21},"end":{"line":78,"column":131}},"type":"binary-expr","locations":[{"start":{"line":78,"column":21},"end":{"line":78,"column":31}},{"start":{"line":78,"column":35},"end":{"line":78,"column":43}},{"start":{"line":78,"column":48},"end":{"line":78,"column":67}},{"start":{"line":78,"column":71},"end":{"line":78,"column":131}}],"line":78}},"s":{"0":4,"1":4,"2":11,"3":11,"4":11,"5":11,"6":11,"7":1,"8":11,"9":2,"10":2,"11":1,"12":1,"13":1,"14":1,"15":1,"16":1,"17":1,"18":1,"19":2,"20":11,"21":6},"f":{"0":4,"1":11,"2":1,"3":2,"4":1,"5":1,"6":6},"b":{"0":[1,0],"1":[11,2],"2":[11,9,4],"3":[11,9,5,2],"4":[11,9,5,3],"5":[11,9,5,3]},"_coverageSchema":"1a1c01bbd47fc00a2c39e90264f33305004495a9","hash":"3b703c495a806cd6bbae7e8309b4c00eeaf09c85"}
,"/home/daniele/Scrivania/PULSeBS-Team8/client/src/Components/Teacher/TeacherPage.js": {"path":"/home/daniele/Scrivania/PULSeBS-Team8/client/src/Components/Teacher/TeacherPage.js","statementMap":{"0":{"start":{"line":8,"column":8},"end":{"line":8,"column":21}},"1":{"start":{"line":9,"column":8},"end":{"line":9,"column":48}},"2":{"start":{"line":10,"column":8},"end":{"line":10,"column":56}},"3":{"start":{"line":14,"column":8},"end":{"line":22,"column":10}},"4":{"start":{"line":15,"column":12},"end":{"line":15,"column":30}},"5":{"start":{"line":17,"column":12},"end":{"line":17,"column":35}},"6":{"start":{"line":18,"column":12},"end":{"line":20,"column":13}},"7":{"start":{"line":19,"column":16},"end":{"line":19,"column":43}},"8":{"start":{"line":21,"column":12},"end":{"line":21,"column":43}},"9":{"start":{"line":25,"column":8},"end":{"line":44,"column":10}},"10":{"start":{"line":26,"column":12},"end":{"line":26,"column":28}},"11":{"start":{"line":28,"column":25},"end":{"line":28,"column":27}},"12":{"start":{"line":29,"column":12},"end":{"line":31,"column":13}},"13":{"start":{"line":30,"column":16},"end":{"line":30,"column":40}},"14":{"start":{"line":32,"column":12},"end":{"line":32,"column":53}},"15":{"start":{"line":33,"column":12},"end":{"line":33,"column":36}},"16":{"start":{"line":34,"column":12},"end":{"line":34,"column":33}},"17":{"start":{"line":37,"column":12},"end":{"line":37,"column":88}},"18":{"start":{"line":39,"column":12},"end":{"line":39,"column":35}},"19":{"start":{"line":40,"column":12},"end":{"line":42,"column":13}},"20":{"start":{"line":41,"column":16},"end":{"line":41,"column":43}},"21":{"start":{"line":43,"column":12},"end":{"line":43,"column":56}},"22":{"start":{"line":48,"column":8},"end":{"line":48,"column":26}},"23":{"start":{"line":52,"column":8},"end":{"line":52,"column":45}},"24":{"start":{"line":55,"column":8},"end":{"line":61,"column":15}}},"fnMap":{"0":{"name":"(anonymous_0)","decl":{"start":{"line":7,"column":4},"end":{"line":7,"column":5}},"loc":{"start":{"line":7,"column":23},"end":{"line":11,"column":5}},"line":7},"1":{"name":"(anonymous_1)","decl":{"start":{"line":13,"column":4},"end":{"line":13,"column":5}},"loc":{"start":{"line":13,"column":21},"end":{"line":23,"column":5}},"line":13},"2":{"name":"(anonymous_2)","decl":{"start":{"line":14,"column":44},"end":{"line":14,"column":45}},"loc":{"start":{"line":14,"column":51},"end":{"line":16,"column":9}},"line":14},"3":{"name":"(anonymous_3)","decl":{"start":{"line":16,"column":17},"end":{"line":16,"column":18}},"loc":{"start":{"line":16,"column":24},"end":{"line":22,"column":9}},"line":16},"4":{"name":"(anonymous_4)","decl":{"start":{"line":24,"column":4},"end":{"line":24,"column":5}},"loc":{"start":{"line":24,"column":17},"end":{"line":45,"column":5}},"line":24},"5":{"name":"(anonymous_5)","decl":{"start":{"line":25,"column":38},"end":{"line":25,"column":39}},"loc":{"start":{"line":25,"column":45},"end":{"line":38,"column":9}},"line":25},"6":{"name":"(anonymous_6)","decl":{"start":{"line":38,"column":17},"end":{"line":38,"column":18}},"loc":{"start":{"line":38,"column":24},"end":{"line":44,"column":9}},"line":38},"7":{"name":"(anonymous_7)","decl":{"start":{"line":46,"column":4},"end":{"line":46,"column":5}},"loc":{"start":{"line":46,"column":24},"end":{"line":50,"column":5}},"line":46},"8":{"name":"(anonymous_8)","decl":{"start":{"line":51,"column":4},"end":{"line":51,"column":5}},"loc":{"start":{"line":51,"column":35},"end":{"line":53,"column":5}},"line":51},"9":{"name":"(anonymous_9)","decl":{"start":{"line":54,"column":4},"end":{"line":54,"column":5}},"loc":{"start":{"line":54,"column":12},"end":{"line":62,"column":5}},"line":54}},"branchMap":{"0":{"loc":{"start":{"line":18,"column":12},"end":{"line":20,"column":13}},"type":"if","locations":[{"start":{"line":18,"column":12},"end":{"line":20,"column":13}},{"start":{"line":18,"column":12},"end":{"line":20,"column":13}}],"line":18},"1":{"loc":{"start":{"line":40,"column":12},"end":{"line":42,"column":13}},"type":"if","locations":[{"start":{"line":40,"column":12},"end":{"line":42,"column":13}},{"start":{"line":40,"column":12},"end":{"line":42,"column":13}}],"line":40},"2":{"loc":{"start":{"line":57,"column":17},"end":{"line":57,"column":113}},"type":"binary-expr","locations":[{"start":{"line":57,"column":17},"end":{"line":57,"column":37}},{"start":{"line":57,"column":41},"end":{"line":57,"column":113}}],"line":57},"3":{"loc":{"start":{"line":58,"column":17},"end":{"line":58,"column":162}},"type":"binary-expr","locations":[{"start":{"line":58,"column":17},"end":{"line":58,"column":44}},{"start":{"line":58,"column":48},"end":{"line":58,"column":66}},{"start":{"line":58,"column":70},"end":{"line":58,"column":162}}],"line":58},"4":{"loc":{"start":{"line":59,"column":17},"end":{"line":59,"column":253}},"type":"binary-expr","locations":[{"start":{"line":59,"column":17},"end":{"line":59,"column":44}},{"start":{"line":59,"column":48},"end":{"line":59,"column":73}},{"start":{"line":59,"column":77},"end":{"line":59,"column":96}},{"start":{"line":59,"column":100},"end":{"line":59,"column":253}}],"line":59}},"s":{"0":4,"1":4,"2":4,"3":0,"4":0,"5":0,"6":0,"7":0,"8":0,"9":4,"10":0,"11":0,"12":0,"13":0,"14":0,"15":0,"16":0,"17":0,"18":3,"19":3,"20":0,"21":3,"22":4,"23":0,"24":7},"f":{"0":4,"1":0,"2":0,"3":0,"4":4,"5":0,"6":3,"7":4,"8":0,"9":7},"b":{"0":[0,0],"1":[0,3],"2":[7,3],"3":[7,4,4],"4":[7,4,0,0]},"_coverageSchema":"1a1c01bbd47fc00a2c39e90264f33305004495a9","hash":"b7844c77ba36c3f50317a3e7673b7fe9881d446b"}
,"/home/daniele/Scrivania/PULSeBS-Team8/client/src/pages/logins/index.js": {"path":"/home/daniele/Scrivania/PULSeBS-Team8/client/src/pages/logins/index.js","statementMap":{"0":{"start":{"line":15,"column":18},"end":{"line":40,"column":3}},"1":{"start":{"line":15,"column":41},"end":{"line":40,"column":1}},"2":{"start":{"line":41,"column":19},"end":{"line":48,"column":3}},"3":{"start":{"line":41,"column":42},"end":{"line":48,"column":1}},"4":{"start":{"line":51,"column":18},"end":{"line":51,"column":29}},"5":{"start":{"line":52,"column":27},"end":{"line":52,"column":39}},"6":{"start":{"line":53,"column":29},"end":{"line":53,"column":41}},"7":{"start":{"line":54,"column":26},"end":{"line":54,"column":41}},"8":{"start":{"line":55,"column":36},"end":{"line":55,"column":51}},"9":{"start":{"line":56,"column":36},"end":{"line":56,"column":51}},"10":{"start":{"line":57,"column":40},"end":{"line":57,"column":55}},"11":{"start":{"line":58,"column":34},"end":{"line":58,"column":53}},"12":{"start":{"line":59,"column":16},"end":{"line":59,"column":57}},"13":{"start":{"line":61,"column":25},"end":{"line":81,"column":3}},"14":{"start":{"line":64,"column":4},"end":{"line":64,"column":23}},"15":{"start":{"line":65,"column":4},"end":{"line":65,"column":24}},"16":{"start":{"line":66,"column":4},"end":{"line":66,"column":19}},"17":{"start":{"line":67,"column":4},"end":{"line":67,"column":26}},"18":{"start":{"line":68,"column":4},"end":{"line":68,"column":24}},"19":{"start":{"line":69,"column":4},"end":{"line":79,"column":7}},"20":{"start":{"line":70,"column":6},"end":{"line":70,"column":24}},"21":{"start":{"line":71,"column":6},"end":{"line":71,"column":27}},"22":{"start":{"line":72,"column":18},"end":{"line":75,"column":8}},"23":{"start":{"line":76,"column":6},"end":{"line":76,"column":24}},"24":{"start":{"line":78,"column":8},"end":{"line":78,"column":26}},"25":{"start":{"line":82,"column":19},"end":{"line":82,"column":31}},"26":{"start":{"line":83,"column":22},"end":{"line":92,"column":3}},"27":{"start":{"line":84,"column":4},"end":{"line":86,"column":5}},"28":{"start":{"line":85,"column":6},"end":{"line":85,"column":13}},"29":{"start":{"line":87,"column":4},"end":{"line":87,"column":24}},"30":{"start":{"line":88,"column":4},"end":{"line":88,"column":19}},"31":{"start":{"line":89,"column":4},"end":{"line":89,"column":26}},"32":{"start":{"line":90,"column":4},"end":{"line":90,"column":24}},"33":{"start":{"line":93,"column":2},"end":{"line":101,"column":4}},"34":{"start":{"line":95,"column":4},"end":{"line":100,"column":5}},"35":{"start":{"line":96,"column":6},"end":{"line":99,"column":21}},"36":{"start":{"line":97,"column":8},"end":{"line":97,"column":28}},"37":{"start":{"line":99,"column":8},"end":{"line":99,"column":21}},"38":{"start":{"line":102,"column":2},"end":{"line":186,"column":4}},"39":{"start":{"line":149,"column":49},"end":{"line":149,"column":72}},"40":{"start":{"line":164,"column":52},"end":{"line":164,"column":74}},"41":{"start":{"line":175,"column":30},"end":{"line":175,"column":48}}},"fnMap":{"0":{"name":"(anonymous_0)","decl":{"start":{"line":15,"column":29},"end":{"line":15,"column":30}},"loc":{"start":{"line":15,"column":41},"end":{"line":40,"column":1}},"line":15},"1":{"name":"(anonymous_1)","decl":{"start":{"line":41,"column":30},"end":{"line":41,"column":31}},"loc":{"start":{"line":41,"column":42},"end":{"line":48,"column":1}},"line":41},"2":{"name":"SignUp","decl":{"start":{"line":50,"column":9},"end":{"line":50,"column":15}},"loc":{"start":{"line":50,"column":23},"end":{"line":187,"column":1}},"line":50},"3":{"name":"(anonymous_3)","decl":{"start":{"line":61,"column":25},"end":{"line":61,"column":26}},"loc":{"start":{"line":61,"column":39},"end":{"line":81,"column":3}},"line":61},"4":{"name":"(anonymous_4)","decl":{"start":{"line":83,"column":22},"end":{"line":83,"column":23}},"loc":{"start":{"line":83,"column":41},"end":{"line":92,"column":3}},"line":83},"5":{"name":"(anonymous_5)","decl":{"start":{"line":93,"column":12},"end":{"line":93,"column":13}},"loc":{"start":{"line":93,"column":16},"end":{"line":101,"column":3}},"line":93},"6":{"name":"(anonymous_6)","decl":{"start":{"line":149,"column":42},"end":{"line":149,"column":43}},"loc":{"start":{"line":149,"column":49},"end":{"line":149,"column":72}},"line":149},"7":{"name":"(anonymous_7)","decl":{"start":{"line":164,"column":45},"end":{"line":164,"column":46}},"loc":{"start":{"line":164,"column":52},"end":{"line":164,"column":74}},"line":164},"8":{"name":"(anonymous_8)","decl":{"start":{"line":175,"column":23},"end":{"line":175,"column":24}},"loc":{"start":{"line":175,"column":29},"end":{"line":175,"column":49}},"line":175}},"branchMap":{"0":{"loc":{"start":{"line":69,"column":4},"end":{"line":79,"column":7}},"type":"if","locations":[{"start":{"line":69,"column":4},"end":{"line":79,"column":7}},{"start":{"line":69,"column":4},"end":{"line":79,"column":7}}],"line":69},"1":{"loc":{"start":{"line":69,"column":8},"end":{"line":69,"column":53}},"type":"binary-expr","locations":[{"start":{"line":69,"column":8},"end":{"line":69,"column":27}},{"start":{"line":69,"column":31},"end":{"line":69,"column":53}}],"line":69},"2":{"loc":{"start":{"line":84,"column":4},"end":{"line":86,"column":5}},"type":"if","locations":[{"start":{"line":84,"column":4},"end":{"line":86,"column":5}},{"start":{"line":84,"column":4},"end":{"line":86,"column":5}}],"line":84},"3":{"loc":{"start":{"line":95,"column":4},"end":{"line":100,"column":5}},"type":"if","locations":[{"start":{"line":95,"column":4},"end":{"line":100,"column":5}},{"start":{"line":95,"column":4},"end":{"line":100,"column":5}}],"line":95},"4":{"loc":{"start":{"line":95,"column":7},"end":{"line":95,"column":34}},"type":"binary-expr","locations":[{"start":{"line":95,"column":7},"end":{"line":95,"column":16}},{"start":{"line":95,"column":20},"end":{"line":95,"column":34}}],"line":95},"5":{"loc":{"start":{"line":96,"column":6},"end":{"line":99,"column":21}},"type":"if","locations":[{"start":{"line":96,"column":6},"end":{"line":99,"column":21}},{"start":{"line":96,"column":6},"end":{"line":99,"column":21}}],"line":96}},"s":{"0":3,"1":3,"2":3,"3":3,"4":8,"5":8,"6":8,"7":8,"8":8,"9":8,"10":8,"11":8,"12":8,"13":8,"14":2,"15":2,"16":2,"17":2,"18":2,"19":2,"20":1,"21":1,"22":1,"23":1,"24":1,"25":8,"26":8,"27":1,"28":1,"29":0,"30":0,"31":0,"32":0,"33":8,"34":7,"35":2,"36":0,"37":2,"38":8,"39":1,"40":1,"41":2},"f":{"0":3,"1":3,"2":8,"3":2,"4":1,"5":7,"6":1,"7":1,"8":2},"b":{"0":[1,1],"1":[2,1],"2":[1,0],"3":[2,5],"4":[7,2],"5":[0,2]},"_coverageSchema":"1a1c01bbd47fc00a2c39e90264f33305004495a9","hash":"ac07133a45fc72351933f7f4fcbc2847589df6ce"}
}
