{"/home/daniele/Scrivania/PULSeBS-Team8/client/src/App.js": {"path":"/home/daniele/Scrivania/PULSeBS-Team8/client/src/App.js","statementMap":{"0":{"start":{"line":16,"column":4},"end":{"line":16,"column":17}},"1":{"start":{"line":17,"column":4},"end":{"line":17,"column":35}},"2":{"start":{"line":18,"column":4},"end":{"line":18,"column":39}},"3":{"start":{"line":19,"column":4},"end":{"line":19,"column":41}},"4":{"start":{"line":20,"column":4},"end":{"line":20,"column":43}},"5":{"start":{"line":21,"column":4},"end":{"line":21,"column":55}},"6":{"start":{"line":25,"column":4},"end":{"line":25,"column":19}},"7":{"start":{"line":27,"column":12},"end":{"line":37,"column":3}},"8":{"start":{"line":28,"column":4},"end":{"line":36,"column":9}},"9":{"start":{"line":30,"column":8},"end":{"line":30,"column":43}},"10":{"start":{"line":33,"column":8},"end":{"line":35,"column":9}},"11":{"start":{"line":34,"column":10},"end":{"line":34,"column":46}},"12":{"start":{"line":38,"column":10},"end":{"line":49,"column":3}},"13":{"start":{"line":39,"column":4},"end":{"line":39,"column":37}},"14":{"start":{"line":40,"column":4},"end":{"line":48,"column":9}},"15":{"start":{"line":42,"column":8},"end":{"line":42,"column":75}},"16":{"start":{"line":43,"column":8},"end":{"line":43,"column":23}},"17":{"start":{"line":46,"column":8},"end":{"line":46,"column":30}},"18":{"start":{"line":47,"column":8},"end":{"line":47,"column":79}},"19":{"start":{"line":50,"column":11},"end":{"line":58,"column":3}},"20":{"start":{"line":51,"column":4},"end":{"line":57,"column":9}},"21":{"start":{"line":53,"column":8},"end":{"line":53,"column":59}},"22":{"start":{"line":56,"column":8},"end":{"line":56,"column":59}},"23":{"start":{"line":60,"column":4},"end":{"line":60,"column":40}},"24":{"start":{"line":63,"column":4},"end":{"line":166,"column":6}}},"fnMap":{"0":{"name":"(anonymous_0)","decl":{"start":{"line":15,"column":2},"end":{"line":15,"column":3}},"loc":{"start":{"line":15,"column":21},"end":{"line":22,"column":3}},"line":15},"1":{"name":"(anonymous_1)","decl":{"start":{"line":24,"column":2},"end":{"line":24,"column":3}},"loc":{"start":{"line":24,"column":22},"end":{"line":26,"column":3}},"line":24},"2":{"name":"(anonymous_2)","decl":{"start":{"line":27,"column":12},"end":{"line":27,"column":13}},"loc":{"start":{"line":27,"column":18},"end":{"line":37,"column":3}},"line":27},"3":{"name":"(anonymous_3)","decl":{"start":{"line":29,"column":12},"end":{"line":29,"column":13}},"loc":{"start":{"line":29,"column":21},"end":{"line":31,"column":7}},"line":29},"4":{"name":"(anonymous_4)","decl":{"start":{"line":32,"column":13},"end":{"line":32,"column":14}},"loc":{"start":{"line":32,"column":22},"end":{"line":36,"column":7}},"line":32},"5":{"name":"(anonymous_5)","decl":{"start":{"line":38,"column":10},"end":{"line":38,"column":11}},"loc":{"start":{"line":38,"column":20},"end":{"line":49,"column":3}},"line":38},"6":{"name":"(anonymous_6)","decl":{"start":{"line":41,"column":12},"end":{"line":41,"column":13}},"loc":{"start":{"line":41,"column":22},"end":{"line":44,"column":7}},"line":41},"7":{"name":"(anonymous_7)","decl":{"start":{"line":45,"column":13},"end":{"line":45,"column":14}},"loc":{"start":{"line":45,"column":27},"end":{"line":48,"column":7}},"line":45},"8":{"name":"(anonymous_8)","decl":{"start":{"line":50,"column":11},"end":{"line":50,"column":12}},"loc":{"start":{"line":50,"column":17},"end":{"line":58,"column":3}},"line":50},"9":{"name":"(anonymous_9)","decl":{"start":{"line":52,"column":12},"end":{"line":52,"column":13}},"loc":{"start":{"line":52,"column":18},"end":{"line":54,"column":7}},"line":52},"10":{"name":"(anonymous_10)","decl":{"start":{"line":55,"column":13},"end":{"line":55,"column":14}},"loc":{"start":{"line":55,"column":22},"end":{"line":57,"column":7}},"line":55},"11":{"name":"(anonymous_11)","decl":{"start":{"line":59,"column":2},"end":{"line":59,"column":3}},"loc":{"start":{"line":59,"column":18},"end":{"line":61,"column":3}},"line":59},"12":{"name":"(anonymous_12)","decl":{"start":{"line":62,"column":2},"end":{"line":62,"column":3}},"loc":{"start":{"line":62,"column":11},"end":{"line":167,"column":3}},"line":62}},"branchMap":{"0":{"loc":{"start":{"line":33,"column":8},"end":{"line":35,"column":9}},"type":"if","locations":[{"start":{"line":33,"column":8},"end":{"line":35,"column":9}},{"start":{"line":33,"column":8},"end":{"line":35,"column":9}}],"line":33},"1":{"loc":{"start":{"line":77,"column":21},"end":{"line":79,"column":21}},"type":"binary-expr","locations":[{"start":{"line":77,"column":21},"end":{"line":77,"column":42}},{"start":{"line":77,"column":46},"end":{"line":77,"column":72}},{"start":{"line":78,"column":22},"end":{"line":78,"column":59}}],"line":77},"2":{"loc":{"start":{"line":89,"column":19},"end":{"line":100,"column":21}},"type":"binary-expr","locations":[{"start":{"line":89,"column":19},"end":{"line":89,"column":40}},{"start":{"line":90,"column":20},"end":{"line":90,"column":46}},{"start":{"line":91,"column":20},"end":{"line":91,"column":54}},{"start":{"line":92,"column":22},"end":{"line":99,"column":25}}],"line":89},"3":{"loc":{"start":{"line":101,"column":19},"end":{"line":112,"column":21}},"type":"binary-expr","locations":[{"start":{"line":101,"column":19},"end":{"line":101,"column":40}},{"start":{"line":102,"column":20},"end":{"line":102,"column":46}},{"start":{"line":103,"column":20},"end":{"line":103,"column":54}},{"start":{"line":104,"column":22},"end":{"line":111,"column":25}}],"line":101},"4":{"loc":{"start":{"line":118,"column":13},"end":{"line":120,"column":13}},"type":"binary-expr","locations":[{"start":{"line":118,"column":13},"end":{"line":118,"column":34}},{"start":{"line":118,"column":38},"end":{"line":118,"column":72}},{"start":{"line":119,"column":14},"end":{"line":119,"column":40}}],"line":118},"5":{"loc":{"start":{"line":121,"column":13},"end":{"line":123,"column":13}},"type":"binary-expr","locations":[{"start":{"line":121,"column":13},"end":{"line":121,"column":34}},{"start":{"line":121,"column":38},"end":{"line":121,"column":72}},{"start":{"line":122,"column":14},"end":{"line":122,"column":40}}],"line":121},"6":{"loc":{"start":{"line":124,"column":13},"end":{"line":130,"column":13}},"type":"binary-expr","locations":[{"start":{"line":124,"column":13},"end":{"line":124,"column":35}},{"start":{"line":125,"column":14},"end":{"line":129,"column":16}}],"line":124},"7":{"loc":{"start":{"line":134,"column":13},"end":{"line":138,"column":13}},"type":"cond-expr","locations":[{"start":{"line":135,"column":14},"end":{"line":135,"column":64}},{"start":{"line":137,"column":14},"end":{"line":137,"column":38}}],"line":134},"8":{"loc":{"start":{"line":134,"column":13},"end":{"line":134,"column":72}},"type":"binary-expr","locations":[{"start":{"line":134,"column":13},"end":{"line":134,"column":34}},{"start":{"line":134,"column":38},"end":{"line":134,"column":72}}],"line":134},"9":{"loc":{"start":{"line":141,"column":13},"end":{"line":145,"column":13}},"type":"cond-expr","locations":[{"start":{"line":142,"column":14},"end":{"line":142,"column":29}},{"start":{"line":144,"column":14},"end":{"line":144,"column":38}}],"line":141},"10":{"loc":{"start":{"line":141,"column":13},"end":{"line":141,"column":72}},"type":"binary-expr","locations":[{"start":{"line":141,"column":13},"end":{"line":141,"column":34}},{"start":{"line":141,"column":38},"end":{"line":141,"column":72}}],"line":141},"11":{"loc":{"start":{"line":148,"column":13},"end":{"line":152,"column":13}},"type":"cond-expr","locations":[{"start":{"line":149,"column":14},"end":{"line":149,"column":69}},{"start":{"line":151,"column":14},"end":{"line":151,"column":38}}],"line":148},"12":{"loc":{"start":{"line":148,"column":13},"end":{"line":148,"column":72}},"type":"binary-expr","locations":[{"start":{"line":148,"column":13},"end":{"line":148,"column":34}},{"start":{"line":148,"column":38},"end":{"line":148,"column":72}}],"line":148},"13":{"loc":{"start":{"line":155,"column":13},"end":{"line":159,"column":13}},"type":"cond-expr","locations":[{"start":{"line":156,"column":14},"end":{"line":156,"column":70}},{"start":{"line":158,"column":14},"end":{"line":158,"column":38}}],"line":155},"14":{"loc":{"start":{"line":155,"column":13},"end":{"line":155,"column":72}},"type":"binary-expr","locations":[{"start":{"line":155,"column":13},"end":{"line":155,"column":34}},{"start":{"line":155,"column":38},"end":{"line":155,"column":72}}],"line":155}},"s":{"0":2,"1":2,"2":2,"3":2,"4":2,"5":2,"6":2,"7":2,"8":2,"9":2,"10":0,"11":0,"12":2,"13":0,"14":0,"15":0,"16":0,"17":0,"18":0,"19":2,"20":0,"21":0,"22":0,"23":0,"24":8},"f":{"0":2,"1":2,"2":2,"3":2,"4":0,"5":0,"6":0,"7":0,"8":0,"9":0,"10":0,"11":0,"12":8},"b":{"0":[0,0],"1":[8,3,0],"2":[8,3,3,1],"3":[8,3,3,2],"4":[8,3,2],"5":[8,3,1],"6":[8,5],"7":[2,6],"8":[8,3],"9":[1,7],"10":[8,3],"11":[1,7],"12":[8,3],"13":[1,7],"14":[8,3]},"_coverageSchema":"1a1c01bbd47fc00a2c39e90264f33305004495a9","hash":"278514ab9f34b8cb825e46a5069eced39b7f0a3e"}
,"/home/daniele/Scrivania/PULSeBS-Team8/client/src/index.js": {"path":"/home/daniele/Scrivania/PULSeBS-Team8/client/src/index.js","statementMap":{"0":{"start":{"line":11,"column":0},"end":{"line":18,"column":2}},"1":{"start":{"line":23,"column":0},"end":{"line":23,"column":18}}},"fnMap":{},"branchMap":{},"s":{"0":1,"1":1},"f":{},"b":{},"_coverageSchema":"1a1c01bbd47fc00a2c39e90264f33305004495a9","hash":"0f053c803d695c5c618697d08eb1dd8bc0a6a6d9"}
,"/home/daniele/Scrivania/PULSeBS-Team8/client/src/Components/Navbar.js": {"path":"/home/daniele/Scrivania/PULSeBS-Team8/client/src/Components/Navbar.js","statementMap":{"0":{"start":{"line":9,"column":4},"end":{"line":9,"column":17}},"1":{"start":{"line":12,"column":4},"end":{"line":91,"column":6}}},"fnMap":{"0":{"name":"(anonymous_0)","decl":{"start":{"line":8,"column":2},"end":{"line":8,"column":3}},"loc":{"start":{"line":8,"column":21},"end":{"line":10,"column":3}},"line":8},"1":{"name":"(anonymous_1)","decl":{"start":{"line":11,"column":2},"end":{"line":11,"column":3}},"loc":{"start":{"line":11,"column":11},"end":{"line":92,"column":3}},"line":11}},"branchMap":{"0":{"loc":{"start":{"line":37,"column":13},"end":{"line":41,"column":13}},"type":"binary-expr","locations":[{"start":{"line":37,"column":13},"end":{"line":37,"column":35}},{"start":{"line":37,"column":39},"end":{"line":37,"column":66}},{"start":{"line":38,"column":14},"end":{"line":40,"column":21}}],"line":37},"1":{"loc":{"start":{"line":42,"column":13},"end":{"line":62,"column":13}},"type":"binary-expr","locations":[{"start":{"line":42,"column":13},"end":{"line":42,"column":34}},{"start":{"line":42,"column":38},"end":{"line":42,"column":64}},{"start":{"line":43,"column":14},"end":{"line":61,"column":17}}],"line":42},"2":{"loc":{"start":{"line":49,"column":23},"end":{"line":49,"column":73}},"type":"binary-expr","locations":[{"start":{"line":49,"column":23},"end":{"line":49,"column":57}},{"start":{"line":49,"column":61},"end":{"line":49,"column":73}}],"line":49},"3":{"loc":{"start":{"line":50,"column":23},"end":{"line":50,"column":73}},"type":"binary-expr","locations":[{"start":{"line":50,"column":23},"end":{"line":50,"column":57}},{"start":{"line":50,"column":61},"end":{"line":50,"column":73}}],"line":50},"4":{"loc":{"start":{"line":63,"column":13},"end":{"line":67,"column":13}},"type":"binary-expr","locations":[{"start":{"line":63,"column":13},"end":{"line":63,"column":34}},{"start":{"line":63,"column":38},"end":{"line":63,"column":72}},{"start":{"line":64,"column":14},"end":{"line":66,"column":21}}],"line":63},"5":{"loc":{"start":{"line":68,"column":13},"end":{"line":72,"column":13}},"type":"binary-expr","locations":[{"start":{"line":68,"column":13},"end":{"line":68,"column":34}},{"start":{"line":68,"column":38},"end":{"line":68,"column":72}},{"start":{"line":69,"column":14},"end":{"line":71,"column":21}}],"line":68},"6":{"loc":{"start":{"line":74,"column":13},"end":{"line":80,"column":15}},"type":"binary-expr","locations":[{"start":{"line":74,"column":13},"end":{"line":74,"column":34}},{"start":{"line":75,"column":14},"end":{"line":75,"column":54}},{"start":{"line":76,"column":14},"end":{"line":76,"column":48}},{"start":{"line":77,"column":16},"end":{"line":79,"column":23}}],"line":74},"7":{"loc":{"start":{"line":81,"column":13},"end":{"line":87,"column":15}},"type":"binary-expr","locations":[{"start":{"line":81,"column":13},"end":{"line":81,"column":34}},{"start":{"line":82,"column":14},"end":{"line":82,"column":44}},{"start":{"line":83,"column":14},"end":{"line":83,"column":48}},{"start":{"line":84,"column":16},"end":{"line":86,"column":23}}],"line":81}},"s":{"0":2,"1":8},"f":{"0":2,"1":8},"b":{"0":[8,5,2],"1":[8,3,0],"2":[0,0],"3":[0,0],"4":[8,3,1],"5":[8,3,2],"6":[8,3,0,0],"7":[8,3,0,0]},"_coverageSchema":"1a1c01bbd47fc00a2c39e90264f33305004495a9","hash":"3ab80079db9920040f1d8e3e608f6374741257b2"}
,"/home/daniele/Scrivania/PULSeBS-Team8/client/src/Components/Student/AvailableCourses.js": {"path":"/home/daniele/Scrivania/PULSeBS-Team8/client/src/Components/Student/AvailableCourses.js","statementMap":{"0":{"start":{"line":5,"column":20},"end":{"line":111,"column":1}},"1":{"start":{"line":6,"column":10},"end":{"line":6,"column":23}},"2":{"start":{"line":7,"column":20},"end":{"line":7,"column":37}},"3":{"start":{"line":8,"column":15},"end":{"line":8,"column":27}},"4":{"start":{"line":9,"column":12},"end":{"line":9,"column":19}},"5":{"start":{"line":11,"column":2},"end":{"line":110,"column":4}},"6":{"start":{"line":67,"column":37},"end":{"line":67,"column":61}},"7":{"start":{"line":82,"column":37},"end":{"line":82,"column":61}},"8":{"start":{"line":115,"column":4},"end":{"line":124,"column":9}},"9":{"start":{"line":117,"column":8},"end":{"line":117,"column":73}},"10":{"start":{"line":120,"column":8},"end":{"line":122,"column":9}},"11":{"start":{"line":121,"column":10},"end":{"line":121,"column":37}},"12":{"start":{"line":123,"column":8},"end":{"line":123,"column":58}},"13":{"start":{"line":127,"column":16},"end":{"line":148,"column":3}},"14":{"start":{"line":128,"column":4},"end":{"line":147,"column":9}},"15":{"start":{"line":130,"column":8},"end":{"line":130,"column":33}},"16":{"start":{"line":131,"column":16},"end":{"line":131,"column":49}},"17":{"start":{"line":133,"column":20},"end":{"line":139,"column":10}},"18":{"start":{"line":134,"column":10},"end":{"line":138,"column":11}},"19":{"start":{"line":135,"column":12},"end":{"line":135,"column":21}},"20":{"start":{"line":137,"column":12},"end":{"line":137,"column":24}},"21":{"start":{"line":140,"column":8},"end":{"line":140,"column":39}},"22":{"start":{"line":143,"column":8},"end":{"line":145,"column":9}},"23":{"start":{"line":144,"column":10},"end":{"line":144,"column":37}},"24":{"start":{"line":146,"column":8},"end":{"line":146,"column":58}},"25":{"start":{"line":151,"column":4},"end":{"line":151,"column":17}},"26":{"start":{"line":152,"column":4},"end":{"line":152,"column":61}},"27":{"start":{"line":155,"column":4},"end":{"line":173,"column":6}},"28":{"start":{"line":162,"column":12},"end":{"line":169,"column":14}}},"fnMap":{"0":{"name":"(anonymous_0)","decl":{"start":{"line":5,"column":20},"end":{"line":5,"column":21}},"loc":{"start":{"line":5,"column":31},"end":{"line":111,"column":1}},"line":5},"1":{"name":"(anonymous_1)","decl":{"start":{"line":67,"column":31},"end":{"line":67,"column":32}},"loc":{"start":{"line":67,"column":37},"end":{"line":67,"column":61}},"line":67},"2":{"name":"(anonymous_2)","decl":{"start":{"line":82,"column":31},"end":{"line":82,"column":32}},"loc":{"start":{"line":82,"column":37},"end":{"line":82,"column":61}},"line":82},"3":{"name":"(anonymous_3)","decl":{"start":{"line":114,"column":2},"end":{"line":114,"column":3}},"loc":{"start":{"line":114,"column":22},"end":{"line":125,"column":3}},"line":114},"4":{"name":"(anonymous_4)","decl":{"start":{"line":116,"column":12},"end":{"line":116,"column":13}},"loc":{"start":{"line":116,"column":21},"end":{"line":118,"column":7}},"line":116},"5":{"name":"(anonymous_5)","decl":{"start":{"line":119,"column":13},"end":{"line":119,"column":14}},"loc":{"start":{"line":119,"column":22},"end":{"line":124,"column":7}},"line":119},"6":{"name":"(anonymous_6)","decl":{"start":{"line":127,"column":16},"end":{"line":127,"column":17}},"loc":{"start":{"line":127,"column":24},"end":{"line":148,"column":3}},"line":127},"7":{"name":"(anonymous_7)","decl":{"start":{"line":129,"column":12},"end":{"line":129,"column":13}},"loc":{"start":{"line":129,"column":21},"end":{"line":141,"column":7}},"line":129},"8":{"name":"(anonymous_8)","decl":{"start":{"line":133,"column":44},"end":{"line":133,"column":45}},"loc":{"start":{"line":133,"column":56},"end":{"line":139,"column":9}},"line":133},"9":{"name":"(anonymous_9)","decl":{"start":{"line":142,"column":13},"end":{"line":142,"column":14}},"loc":{"start":{"line":142,"column":22},"end":{"line":147,"column":7}},"line":142},"10":{"name":"(anonymous_10)","decl":{"start":{"line":150,"column":2},"end":{"line":150,"column":3}},"loc":{"start":{"line":150,"column":21},"end":{"line":153,"column":3}},"line":150},"11":{"name":"(anonymous_11)","decl":{"start":{"line":154,"column":2},"end":{"line":154,"column":3}},"loc":{"start":{"line":154,"column":11},"end":{"line":174,"column":3}},"line":154},"12":{"name":"(anonymous_12)","decl":{"start":{"line":161,"column":35},"end":{"line":161,"column":36}},"loc":{"start":{"line":161,"column":47},"end":{"line":170,"column":11}},"line":161}},"branchMap":{"0":{"loc":{"start":{"line":56,"column":15},"end":{"line":60,"column":15}},"type":"binary-expr","locations":[{"start":{"line":56,"column":15},"end":{"line":56,"column":41}},{"start":{"line":57,"column":16},"end":{"line":59,"column":22}}],"line":56},"1":{"loc":{"start":{"line":61,"column":15},"end":{"line":75,"column":17}},"type":"binary-expr","locations":[{"start":{"line":61,"column":15},"end":{"line":61,"column":41}},{"start":{"line":62,"column":16},"end":{"line":62,"column":34}},{"start":{"line":63,"column":16},"end":{"line":63,"column":45}},{"start":{"line":64,"column":18},"end":{"line":74,"column":24}}],"line":61},"2":{"loc":{"start":{"line":76,"column":15},"end":{"line":90,"column":17}},"type":"binary-expr","locations":[{"start":{"line":76,"column":15},"end":{"line":76,"column":41}},{"start":{"line":77,"column":16},"end":{"line":77,"column":34}},{"start":{"line":78,"column":16},"end":{"line":78,"column":45}},{"start":{"line":79,"column":18},"end":{"line":89,"column":24}}],"line":76},"3":{"loc":{"start":{"line":91,"column":15},"end":{"line":97,"column":17}},"type":"binary-expr","locations":[{"start":{"line":91,"column":15},"end":{"line":91,"column":41}},{"start":{"line":92,"column":16},"end":{"line":92,"column":33}},{"start":{"line":93,"column":16},"end":{"line":93,"column":45}},{"start":{"line":94,"column":18},"end":{"line":96,"column":24}}],"line":91},"4":{"loc":{"start":{"line":98,"column":15},"end":{"line":104,"column":17}},"type":"binary-expr","locations":[{"start":{"line":98,"column":15},"end":{"line":98,"column":41}},{"start":{"line":99,"column":16},"end":{"line":99,"column":33}},{"start":{"line":100,"column":16},"end":{"line":100,"column":45}},{"start":{"line":101,"column":18},"end":{"line":103,"column":24}}],"line":98},"5":{"loc":{"start":{"line":120,"column":8},"end":{"line":122,"column":9}},"type":"if","locations":[{"start":{"line":120,"column":8},"end":{"line":122,"column":9}},{"start":{"line":120,"column":8},"end":{"line":122,"column":9}}],"line":120},"6":{"loc":{"start":{"line":134,"column":10},"end":{"line":138,"column":11}},"type":"if","locations":[{"start":{"line":134,"column":10},"end":{"line":138,"column":11}},{"start":{"line":134,"column":10},"end":{"line":138,"column":11}}],"line":134},"7":{"loc":{"start":{"line":134,"column":14},"end":{"line":134,"column":73}},"type":"binary-expr","locations":[{"start":{"line":134,"column":14},"end":{"line":134,"column":25}},{"start":{"line":134,"column":29},"end":{"line":134,"column":73}}],"line":134},"8":{"loc":{"start":{"line":143,"column":8},"end":{"line":145,"column":9}},"type":"if","locations":[{"start":{"line":143,"column":8},"end":{"line":145,"column":9}},{"start":{"line":143,"column":8},"end":{"line":145,"column":9}}],"line":143}},"s":{"0":3,"1":37,"2":36,"3":36,"4":36,"5":36,"6":2,"7":2,"8":6,"9":5,"10":1,"11":1,"12":1,"13":4,"14":4,"15":2,"16":2,"17":0,"18":0,"19":0,"20":0,"21":0,"22":4,"23":2,"24":4,"25":5,"26":4,"27":14,"28":36},"f":{"0":37,"1":2,"2":2,"3":6,"4":5,"5":1,"6":4,"7":2,"8":0,"9":4,"10":5,"11":14,"12":36},"b":{"0":[36,0],"1":[36,36,18,9],"2":[36,36,18,9],"3":[36,36,18,9],"4":[36,36,18,9],"5":[1,0],"6":[0,0],"7":[0,0],"8":[2,2]},"_coverageSchema":"1a1c01bbd47fc00a2c39e90264f33305004495a9","hash":"1c5ecdbe86b20d66d0f3dee1db2dbf679a90e8fb"}
,"/home/daniele/Scrivania/PULSeBS-Team8/client/src/Components/Student/RegisteredCourses.js": {"path":"/home/daniele/Scrivania/PULSeBS-Team8/client/src/Components/Student/RegisteredCourses.js","statementMap":{"0":{"start":{"line":8,"column":18},"end":{"line":8,"column":41}},"1":{"start":{"line":12,"column":4},"end":{"line":22,"column":9}},"2":{"start":{"line":14,"column":8},"end":{"line":14,"column":33}},"3":{"start":{"line":17,"column":8},"end":{"line":17,"column":32}},"4":{"start":{"line":18,"column":8},"end":{"line":20,"column":9}},"5":{"start":{"line":19,"column":10},"end":{"line":19,"column":37}},"6":{"start":{"line":21,"column":8},"end":{"line":21,"column":43}},"7":{"start":{"line":26,"column":4},"end":{"line":47,"column":9}},"8":{"start":{"line":28,"column":8},"end":{"line":28,"column":25}},"9":{"start":{"line":29,"column":20},"end":{"line":39,"column":10}},"10":{"start":{"line":30,"column":24},"end":{"line":37,"column":11}},"11":{"start":{"line":38,"column":10},"end":{"line":38,"column":25}},"12":{"start":{"line":40,"column":8},"end":{"line":40,"column":71}},"13":{"start":{"line":43,"column":8},"end":{"line":45,"column":9}},"14":{"start":{"line":44,"column":10},"end":{"line":44,"column":37}},"15":{"start":{"line":46,"column":8},"end":{"line":46,"column":58}},"16":{"start":{"line":50,"column":4},"end":{"line":50,"column":17}},"17":{"start":{"line":52,"column":4},"end":{"line":54,"column":6}},"18":{"start":{"line":57,"column":12},"end":{"line":71,"column":3}},"19":{"start":{"line":58,"column":4},"end":{"line":70,"column":14}},"20":{"start":{"line":64,"column":25},"end":{"line":64,"column":62}},"21":{"start":{"line":73,"column":10},"end":{"line":93,"column":3}},"22":{"start":{"line":74,"column":4},"end":{"line":92,"column":21}},"23":{"start":{"line":96,"column":4},"end":{"line":120,"column":6}}},"fnMap":{"0":{"name":"(anonymous_0)","decl":{"start":{"line":11,"column":2},"end":{"line":11,"column":3}},"loc":{"start":{"line":11,"column":29},"end":{"line":23,"column":3}},"line":11},"1":{"name":"(anonymous_1)","decl":{"start":{"line":13,"column":12},"end":{"line":13,"column":13}},"loc":{"start":{"line":13,"column":21},"end":{"line":15,"column":7}},"line":13},"2":{"name":"(anonymous_2)","decl":{"start":{"line":16,"column":13},"end":{"line":16,"column":14}},"loc":{"start":{"line":16,"column":22},"end":{"line":22,"column":7}},"line":16},"3":{"name":"(anonymous_3)","decl":{"start":{"line":25,"column":2},"end":{"line":25,"column":3}},"loc":{"start":{"line":25,"column":22},"end":{"line":48,"column":3}},"line":25},"4":{"name":"(anonymous_4)","decl":{"start":{"line":27,"column":12},"end":{"line":27,"column":13}},"loc":{"start":{"line":27,"column":21},"end":{"line":41,"column":7}},"line":27},"5":{"name":"(anonymous_5)","decl":{"start":{"line":29,"column":28},"end":{"line":29,"column":29}},"loc":{"start":{"line":29,"column":37},"end":{"line":39,"column":9}},"line":29},"6":{"name":"(anonymous_6)","decl":{"start":{"line":42,"column":13},"end":{"line":42,"column":14}},"loc":{"start":{"line":42,"column":22},"end":{"line":47,"column":7}},"line":42},"7":{"name":"(anonymous_7)","decl":{"start":{"line":49,"column":2},"end":{"line":49,"column":3}},"loc":{"start":{"line":49,"column":21},"end":{"line":55,"column":3}},"line":49},"8":{"name":"(anonymous_8)","decl":{"start":{"line":57,"column":12},"end":{"line":57,"column":13}},"loc":{"start":{"line":58,"column":4},"end":{"line":70,"column":14}},"line":58},"9":{"name":"(anonymous_9)","decl":{"start":{"line":64,"column":19},"end":{"line":64,"column":20}},"loc":{"start":{"line":64,"column":25},"end":{"line":64,"column":62}},"line":64},"10":{"name":"(anonymous_10)","decl":{"start":{"line":73,"column":10},"end":{"line":73,"column":11}},"loc":{"start":{"line":74,"column":4},"end":{"line":92,"column":21}},"line":74},"11":{"name":"(anonymous_11)","decl":{"start":{"line":95,"column":2},"end":{"line":95,"column":3}},"loc":{"start":{"line":95,"column":11},"end":{"line":121,"column":3}},"line":95}},"branchMap":{"0":{"loc":{"start":{"line":18,"column":8},"end":{"line":20,"column":9}},"type":"if","locations":[{"start":{"line":18,"column":8},"end":{"line":20,"column":9}},{"start":{"line":18,"column":8},"end":{"line":20,"column":9}}],"line":18},"1":{"loc":{"start":{"line":43,"column":8},"end":{"line":45,"column":9}},"type":"if","locations":[{"start":{"line":43,"column":8},"end":{"line":45,"column":9}},{"start":{"line":43,"column":8},"end":{"line":45,"column":9}}],"line":43}},"s":{"0":3,"1":2,"2":1,"3":1,"4":1,"5":1,"6":1,"7":5,"8":4,"9":4,"10":16,"11":16,"12":4,"13":1,"14":1,"15":1,"16":5,"17":4,"18":4,"19":36,"20":2,"21":4,"22":36,"23":10},"f":{"0":2,"1":1,"2":1,"3":5,"4":4,"5":16,"6":1,"7":5,"8":36,"9":2,"10":36,"11":10},"b":{"0":[1,0],"1":[1,0]},"_coverageSchema":"1a1c01bbd47fc00a2c39e90264f33305004495a9","hash":"52c0f331909c80611d47e58b7b76e1e807ed7e93"}
,"/home/daniele/Scrivania/PULSeBS-Team8/client/src/Components/Student/StudentPage.js": {"path":"/home/daniele/Scrivania/PULSeBS-Team8/client/src/Components/Student/StudentPage.js","statementMap":{"0":{"start":{"line":7,"column":20},"end":{"line":10,"column":3}},"1":{"start":{"line":8,"column":15},"end":{"line":8,"column":25}},"2":{"start":{"line":9,"column":4},"end":{"line":9,"column":34}},"3":{"start":{"line":12,"column":20},"end":{"line":15,"column":3}},"4":{"start":{"line":13,"column":15},"end":{"line":13,"column":35}},"5":{"start":{"line":14,"column":4},"end":{"line":14,"column":34}},"6":{"start":{"line":18,"column":4},"end":{"line":75,"column":6}}},"fnMap":{"0":{"name":"(anonymous_0)","decl":{"start":{"line":7,"column":20},"end":{"line":7,"column":21}},"loc":{"start":{"line":7,"column":26},"end":{"line":10,"column":3}},"line":7},"1":{"name":"(anonymous_1)","decl":{"start":{"line":12,"column":20},"end":{"line":12,"column":21}},"loc":{"start":{"line":12,"column":26},"end":{"line":15,"column":3}},"line":12},"2":{"name":"(anonymous_2)","decl":{"start":{"line":17,"column":2},"end":{"line":17,"column":3}},"loc":{"start":{"line":17,"column":11},"end":{"line":76,"column":3}},"line":17}},"branchMap":{},"s":{"0":1,"1":1,"2":1,"3":1,"4":1,"5":1,"6":3},"f":{"0":1,"1":1,"2":3},"b":{},"_coverageSchema":"1a1c01bbd47fc00a2c39e90264f33305004495a9","hash":"6516c7f70a686adfe8fc85e1c4c1652f3398929f"}
,"/home/daniele/Scrivania/PULSeBS-Team8/client/src/Components/Teacher/CancelForm.js": {"path":"/home/daniele/Scrivania/PULSeBS-Team8/client/src/Components/Teacher/CancelForm.js","statementMap":{"0":{"start":{"line":6,"column":26},"end":{"line":6,"column":41}},"1":{"start":{"line":8,"column":22},"end":{"line":8,"column":42}},"2":{"start":{"line":8,"column":28},"end":{"line":8,"column":42}},"3":{"start":{"line":9,"column":21},"end":{"line":9,"column":40}},"4":{"start":{"line":9,"column":27},"end":{"line":9,"column":40}},"5":{"start":{"line":10,"column":23},"end":{"line":13,"column":3}},"6":{"start":{"line":11,"column":4},"end":{"line":11,"column":19}},"7":{"start":{"line":12,"column":4},"end":{"line":12,"column":36}},"8":{"start":{"line":14,"column":2},"end":{"line":72,"column":4}}},"fnMap":{"0":{"name":"CancelForm","decl":{"start":{"line":5,"column":9},"end":{"line":5,"column":19}},"loc":{"start":{"line":5,"column":27},"end":{"line":73,"column":1}},"line":5},"1":{"name":"(anonymous_1)","decl":{"start":{"line":8,"column":22},"end":{"line":8,"column":23}},"loc":{"start":{"line":8,"column":28},"end":{"line":8,"column":42}},"line":8},"2":{"name":"(anonymous_2)","decl":{"start":{"line":9,"column":21},"end":{"line":9,"column":22}},"loc":{"start":{"line":9,"column":27},"end":{"line":9,"column":40}},"line":9},"3":{"name":"(anonymous_3)","decl":{"start":{"line":10,"column":23},"end":{"line":10,"column":24}},"loc":{"start":{"line":10,"column":29},"end":{"line":13,"column":3}},"line":10}},"branchMap":{"0":{"loc":{"start":{"line":16,"column":7},"end":{"line":28,"column":7}},"type":"cond-expr","locations":[{"start":{"line":17,"column":8},"end":{"line":23,"column":17}},{"start":{"line":25,"column":8},"end":{"line":27,"column":17}}],"line":16}},"s":{"0":6,"1":6,"2":0,"3":6,"4":1,"5":6,"6":1,"7":1,"8":6},"f":{"0":6,"1":0,"2":1,"3":1},"b":{"0":[3,3]},"_coverageSchema":"1a1c01bbd47fc00a2c39e90264f33305004495a9","hash":"a15fbce76371725ecce456bcea55f39e3790530e"}
,"/home/daniele/Scrivania/PULSeBS-Team8/client/src/Components/Teacher/LectureTable.js": {"path":"/home/daniele/Scrivania/PULSeBS-Team8/client/src/Components/Teacher/LectureTable.js","statementMap":{"0":{"start":{"line":14,"column":20},"end":{"line":91,"column":1}},"1":{"start":{"line":15,"column":10},"end":{"line":15,"column":23}},"2":{"start":{"line":16,"column":15},"end":{"line":16,"column":31}},"3":{"start":{"line":17,"column":2},"end":{"line":90,"column":4}},"4":{"start":{"line":95,"column":4},"end":{"line":95,"column":17}},"5":{"start":{"line":96,"column":4},"end":{"line":101,"column":6}},"6":{"start":{"line":105,"column":4},"end":{"line":117,"column":5}},"7":{"start":{"line":106,"column":18},"end":{"line":106,"column":37}},"8":{"start":{"line":107,"column":6},"end":{"line":109,"column":7}},"9":{"start":{"line":108,"column":8},"end":{"line":108,"column":25}},"10":{"start":{"line":110,"column":6},"end":{"line":110,"column":41}},"11":{"start":{"line":112,"column":18},"end":{"line":112,"column":37}},"12":{"start":{"line":113,"column":6},"end":{"line":115,"column":7}},"13":{"start":{"line":114,"column":8},"end":{"line":114,"column":37}},"14":{"start":{"line":116,"column":6},"end":{"line":116,"column":41}},"15":{"start":{"line":120,"column":4},"end":{"line":175,"column":6}},"16":{"start":{"line":131,"column":18},"end":{"line":131,"column":33}},"17":{"start":{"line":132,"column":18},"end":{"line":147,"column":20}},"18":{"start":{"line":139,"column":26},"end":{"line":139,"column":62}},"19":{"start":{"line":154,"column":20},"end":{"line":154,"column":56}},"20":{"start":{"line":163,"column":16},"end":{"line":169,"column":18}}},"fnMap":{"0":{"name":"(anonymous_0)","decl":{"start":{"line":14,"column":20},"end":{"line":14,"column":21}},"loc":{"start":{"line":14,"column":31},"end":{"line":91,"column":1}},"line":14},"1":{"name":"(anonymous_1)","decl":{"start":{"line":94,"column":2},"end":{"line":94,"column":3}},"loc":{"start":{"line":94,"column":21},"end":{"line":102,"column":3}},"line":94},"2":{"name":"(anonymous_2)","decl":{"start":{"line":104,"column":2},"end":{"line":104,"column":3}},"loc":{"start":{"line":104,"column":21},"end":{"line":118,"column":3}},"line":104},"3":{"name":"(anonymous_3)","decl":{"start":{"line":119,"column":2},"end":{"line":119,"column":3}},"loc":{"start":{"line":119,"column":11},"end":{"line":176,"column":3}},"line":119},"4":{"name":"(anonymous_4)","decl":{"start":{"line":130,"column":41},"end":{"line":130,"column":42}},"loc":{"start":{"line":130,"column":48},"end":{"line":148,"column":17}},"line":130},"5":{"name":"(anonymous_5)","decl":{"start":{"line":138,"column":33},"end":{"line":138,"column":34}},"loc":{"start":{"line":138,"column":40},"end":{"line":140,"column":25}},"line":138},"6":{"name":"(anonymous_6)","decl":{"start":{"line":153,"column":27},"end":{"line":153,"column":28}},"loc":{"start":{"line":153,"column":34},"end":{"line":155,"column":19}},"line":153},"7":{"name":"(anonymous_7)","decl":{"start":{"line":162,"column":39},"end":{"line":162,"column":40}},"loc":{"start":{"line":162,"column":46},"end":{"line":170,"column":15}},"line":162}},"branchMap":{"0":{"loc":{"start":{"line":19,"column":7},"end":{"line":88,"column":7}},"type":"binary-expr","locations":[{"start":{"line":19,"column":7},"end":{"line":19,"column":16}},{"start":{"line":20,"column":8},"end":{"line":87,"column":14}}],"line":19},"1":{"loc":{"start":{"line":45,"column":21},"end":{"line":57,"column":21}},"type":"cond-expr","locations":[{"start":{"line":46,"column":22},"end":{"line":51,"column":25}},{"start":{"line":53,"column":22},"end":{"line":56,"column":28}}],"line":45},"2":{"loc":{"start":{"line":45,"column":21},"end":{"line":45,"column":61}},"type":"binary-expr","locations":[{"start":{"line":45,"column":21},"end":{"line":45,"column":31}},{"start":{"line":45,"column":35},"end":{"line":45,"column":61}}],"line":45},"3":{"loc":{"start":{"line":60,"column":21},"end":{"line":67,"column":21}},"type":"binary-expr","locations":[{"start":{"line":60,"column":21},"end":{"line":60,"column":31}},{"start":{"line":60,"column":35},"end":{"line":60,"column":61}},{"start":{"line":61,"column":22},"end":{"line":66,"column":25}}],"line":60},"4":{"loc":{"start":{"line":105,"column":4},"end":{"line":117,"column":5}},"type":"if","locations":[{"start":{"line":105,"column":4},"end":{"line":117,"column":5}},{"start":{"line":105,"column":4},"end":{"line":117,"column":5}}],"line":105}},"s":{"0":3,"1":12,"2":12,"3":12,"4":3,"5":2,"6":2,"7":0,"8":0,"9":0,"10":0,"11":2,"12":2,"13":6,"14":2,"15":4,"16":8,"17":8,"18":2,"19":0,"20":12},"f":{"0":12,"1":3,"2":2,"3":4,"4":8,"5":2,"6":0,"7":12},"b":{"0":[12,3],"1":[2,1],"2":[3,3],"3":[3,3,2],"4":[0,2]},"_coverageSchema":"1a1c01bbd47fc00a2c39e90264f33305004495a9","hash":"ab1a904a9d7b88e3b5387c5986e0e6372eb40318"}
,"/home/daniele/Scrivania/PULSeBS-Team8/client/src/Components/Teacher/StudentList.js": {"path":"/home/daniele/Scrivania/PULSeBS-Team8/client/src/Components/Teacher/StudentList.js","statementMap":{"0":{"start":{"line":6,"column":2},"end":{"line":6,"column":27}},"1":{"start":{"line":7,"column":2},"end":{"line":15,"column":4}},"2":{"start":{"line":19,"column":26},"end":{"line":19,"column":41}},"3":{"start":{"line":20,"column":34},"end":{"line":20,"column":46}},"4":{"start":{"line":21,"column":36},"end":{"line":21,"column":51}},"5":{"start":{"line":22,"column":32},"end":{"line":22,"column":47}},"6":{"start":{"line":23,"column":22},"end":{"line":23,"column":42}},"7":{"start":{"line":23,"column":28},"end":{"line":23,"column":42}},"8":{"start":{"line":24,"column":21},"end":{"line":41,"column":3}},"9":{"start":{"line":25,"column":4},"end":{"line":25,"column":21}},"10":{"start":{"line":26,"column":4},"end":{"line":39,"column":9}},"11":{"start":{"line":28,"column":8},"end":{"line":28,"column":25}},"12":{"start":{"line":29,"column":8},"end":{"line":29,"column":26}},"13":{"start":{"line":30,"column":8},"end":{"line":30,"column":28}},"14":{"start":{"line":33,"column":8},"end":{"line":35,"column":9}},"15":{"start":{"line":34,"column":10},"end":{"line":34,"column":32}},"16":{"start":{"line":36,"column":8},"end":{"line":36,"column":24}},"17":{"start":{"line":37,"column":8},"end":{"line":37,"column":27}},"18":{"start":{"line":38,"column":8},"end":{"line":38,"column":26}},"19":{"start":{"line":40,"column":4},"end":{"line":40,"column":18}},"20":{"start":{"line":43,"column":2},"end":{"line":132,"column":4}},"21":{"start":{"line":118,"column":14},"end":{"line":118,"column":52}}},"fnMap":{"0":{"name":"StudentItem","decl":{"start":{"line":5,"column":9},"end":{"line":5,"column":20}},"loc":{"start":{"line":5,"column":24},"end":{"line":16,"column":1}},"line":5},"1":{"name":"StudentList","decl":{"start":{"line":18,"column":9},"end":{"line":18,"column":20}},"loc":{"start":{"line":18,"column":28},"end":{"line":133,"column":1}},"line":18},"2":{"name":"(anonymous_2)","decl":{"start":{"line":23,"column":22},"end":{"line":23,"column":23}},"loc":{"start":{"line":23,"column":28},"end":{"line":23,"column":42}},"line":23},"3":{"name":"(anonymous_3)","decl":{"start":{"line":24,"column":21},"end":{"line":24,"column":22}},"loc":{"start":{"line":24,"column":27},"end":{"line":41,"column":3}},"line":24},"4":{"name":"(anonymous_4)","decl":{"start":{"line":27,"column":12},"end":{"line":27,"column":13}},"loc":{"start":{"line":27,"column":21},"end":{"line":31,"column":7}},"line":27},"5":{"name":"(anonymous_5)","decl":{"start":{"line":32,"column":13},"end":{"line":32,"column":14}},"loc":{"start":{"line":32,"column":20},"end":{"line":39,"column":7}},"line":32},"6":{"name":"(anonymous_6)","decl":{"start":{"line":117,"column":25},"end":{"line":117,"column":26}},"loc":{"start":{"line":117,"column":36},"end":{"line":119,"column":13}},"line":117}},"branchMap":{"0":{"loc":{"start":{"line":33,"column":8},"end":{"line":35,"column":9}},"type":"if","locations":[{"start":{"line":33,"column":8},"end":{"line":35,"column":9}},{"start":{"line":33,"column":8},"end":{"line":35,"column":9}}],"line":33},"1":{"loc":{"start":{"line":58,"column":11},"end":{"line":62,"column":11}},"type":"binary-expr","locations":[{"start":{"line":58,"column":11},"end":{"line":58,"column":20}},{"start":{"line":59,"column":12},"end":{"line":61,"column":20}}],"line":58},"2":{"loc":{"start":{"line":63,"column":11},"end":{"line":67,"column":11}},"type":"binary-expr","locations":[{"start":{"line":63,"column":11},"end":{"line":63,"column":21}},{"start":{"line":63,"column":25},"end":{"line":63,"column":32}},{"start":{"line":64,"column":12},"end":{"line":66,"column":20}}],"line":63},"3":{"loc":{"start":{"line":68,"column":11},"end":{"line":88,"column":11}},"type":"binary-expr","locations":[{"start":{"line":68,"column":11},"end":{"line":68,"column":21}},{"start":{"line":68,"column":25},"end":{"line":68,"column":33}},{"start":{"line":68,"column":37},"end":{"line":68,"column":58}},{"start":{"line":69,"column":12},"end":{"line":87,"column":15}}],"line":68},"4":{"loc":{"start":{"line":89,"column":11},"end":{"line":113,"column":11}},"type":"binary-expr","locations":[{"start":{"line":89,"column":11},"end":{"line":89,"column":21}},{"start":{"line":89,"column":25},"end":{"line":89,"column":33}},{"start":{"line":89,"column":37},"end":{"line":89,"column":58}},{"start":{"line":90,"column":12},"end":{"line":112,"column":15}}],"line":89},"5":{"loc":{"start":{"line":114,"column":11},"end":{"line":119,"column":14}},"type":"binary-expr","locations":[{"start":{"line":114,"column":11},"end":{"line":114,"column":21}},{"start":{"line":115,"column":12},"end":{"line":115,"column":20}},{"start":{"line":116,"column":12},"end":{"line":116,"column":33}},{"start":{"line":117,"column":12},"end":{"line":119,"column":14}}],"line":114}},"s":{"0":4,"1":4,"2":14,"3":14,"4":14,"5":14,"6":14,"7":1,"8":14,"9":2,"10":2,"11":1,"12":1,"13":1,"14":1,"15":1,"16":1,"17":1,"18":1,"19":2,"20":14,"21":6},"f":{"0":4,"1":14,"2":1,"3":2,"4":1,"5":1,"6":6},"b":{"0":[1,0],"1":[14,2],"2":[14,12,4],"3":[14,12,8,5],"4":[14,12,8,3],"5":[14,12,8,3]},"_coverageSchema":"1a1c01bbd47fc00a2c39e90264f33305004495a9","hash":"dc37a70f18b96416edb19dc05cbfe9c0fc042e44"}
,"/home/daniele/Scrivania/PULSeBS-Team8/client/src/Components/Teacher/TeacherPage.js": {"path":"/home/daniele/Scrivania/PULSeBS-Team8/client/src/Components/Teacher/TeacherPage.js","statementMap":{"0":{"start":{"line":8,"column":4},"end":{"line":8,"column":17}},"1":{"start":{"line":9,"column":4},"end":{"line":9,"column":52}},"2":{"start":{"line":10,"column":4},"end":{"line":10,"column":55}},"3":{"start":{"line":14,"column":4},"end":{"line":24,"column":9}},"4":{"start":{"line":16,"column":8},"end":{"line":16,"column":27}},"5":{"start":{"line":19,"column":8},"end":{"line":19,"column":32}},"6":{"start":{"line":20,"column":8},"end":{"line":22,"column":9}},"7":{"start":{"line":21,"column":10},"end":{"line":21,"column":37}},"8":{"start":{"line":23,"column":8},"end":{"line":23,"column":43}},"9":{"start":{"line":27,"column":4},"end":{"line":52,"column":9}},"10":{"start":{"line":29,"column":8},"end":{"line":29,"column":25}},"11":{"start":{"line":31,"column":23},"end":{"line":31,"column":25}},"12":{"start":{"line":32,"column":8},"end":{"line":34,"column":9}},"13":{"start":{"line":33,"column":10},"end":{"line":33,"column":35}},"14":{"start":{"line":35,"column":8},"end":{"line":35,"column":52}},"15":{"start":{"line":36,"column":8},"end":{"line":36,"column":35}},"16":{"start":{"line":37,"column":8},"end":{"line":37,"column":30}},"17":{"start":{"line":39,"column":8},"end":{"line":44,"column":11}},"18":{"start":{"line":47,"column":8},"end":{"line":47,"column":32}},"19":{"start":{"line":48,"column":8},"end":{"line":50,"column":9}},"20":{"start":{"line":49,"column":10},"end":{"line":49,"column":37}},"21":{"start":{"line":51,"column":8},"end":{"line":51,"column":58}},"22":{"start":{"line":56,"column":4},"end":{"line":56,"column":23}},"23":{"start":{"line":59,"column":4},"end":{"line":59,"column":41}},"24":{"start":{"line":62,"column":4},"end":{"line":87,"column":6}}},"fnMap":{"0":{"name":"(anonymous_0)","decl":{"start":{"line":7,"column":2},"end":{"line":7,"column":3}},"loc":{"start":{"line":7,"column":21},"end":{"line":11,"column":3}},"line":7},"1":{"name":"(anonymous_1)","decl":{"start":{"line":13,"column":2},"end":{"line":13,"column":3}},"loc":{"start":{"line":13,"column":20},"end":{"line":25,"column":3}},"line":13},"2":{"name":"(anonymous_2)","decl":{"start":{"line":15,"column":12},"end":{"line":15,"column":13}},"loc":{"start":{"line":15,"column":21},"end":{"line":17,"column":7}},"line":15},"3":{"name":"(anonymous_3)","decl":{"start":{"line":18,"column":13},"end":{"line":18,"column":14}},"loc":{"start":{"line":18,"column":22},"end":{"line":24,"column":7}},"line":18},"4":{"name":"(anonymous_4)","decl":{"start":{"line":26,"column":2},"end":{"line":26,"column":3}},"loc":{"start":{"line":26,"column":16},"end":{"line":53,"column":3}},"line":26},"5":{"name":"(anonymous_5)","decl":{"start":{"line":28,"column":12},"end":{"line":28,"column":13}},"loc":{"start":{"line":28,"column":21},"end":{"line":45,"column":7}},"line":28},"6":{"name":"(anonymous_6)","decl":{"start":{"line":46,"column":13},"end":{"line":46,"column":14}},"loc":{"start":{"line":46,"column":22},"end":{"line":52,"column":7}},"line":46},"7":{"name":"(anonymous_7)","decl":{"start":{"line":54,"column":2},"end":{"line":54,"column":3}},"loc":{"start":{"line":54,"column":22},"end":{"line":57,"column":3}},"line":54},"8":{"name":"(anonymous_8)","decl":{"start":{"line":58,"column":2},"end":{"line":58,"column":3}},"loc":{"start":{"line":58,"column":33},"end":{"line":60,"column":3}},"line":58},"9":{"name":"(anonymous_9)","decl":{"start":{"line":61,"column":2},"end":{"line":61,"column":3}},"loc":{"start":{"line":61,"column":11},"end":{"line":88,"column":3}},"line":61}},"branchMap":{"0":{"loc":{"start":{"line":20,"column":8},"end":{"line":22,"column":9}},"type":"if","locations":[{"start":{"line":20,"column":8},"end":{"line":22,"column":9}},{"start":{"line":20,"column":8},"end":{"line":22,"column":9}}],"line":20},"1":{"loc":{"start":{"line":48,"column":8},"end":{"line":50,"column":9}},"type":"if","locations":[{"start":{"line":48,"column":8},"end":{"line":50,"column":9}},{"start":{"line":48,"column":8},"end":{"line":50,"column":9}}],"line":48},"2":{"loc":{"start":{"line":65,"column":11},"end":{"line":69,"column":11}},"type":"binary-expr","locations":[{"start":{"line":65,"column":11},"end":{"line":65,"column":31}},{"start":{"line":66,"column":12},"end":{"line":68,"column":20}}],"line":65},"3":{"loc":{"start":{"line":70,"column":11},"end":{"line":74,"column":11}},"type":"binary-expr","locations":[{"start":{"line":70,"column":11},"end":{"line":70,"column":40}},{"start":{"line":70,"column":44},"end":{"line":70,"column":62}},{"start":{"line":71,"column":12},"end":{"line":73,"column":20}}],"line":70},"4":{"loc":{"start":{"line":75,"column":11},"end":{"line":84,"column":13}},"type":"binary-expr","locations":[{"start":{"line":75,"column":11},"end":{"line":75,"column":40}},{"start":{"line":76,"column":12},"end":{"line":76,"column":39}},{"start":{"line":77,"column":12},"end":{"line":77,"column":31}},{"start":{"line":78,"column":14},"end":{"line":83,"column":16}}],"line":75}},"s":{"0":5,"1":4,"2":4,"3":0,"4":0,"5":0,"6":0,"7":0,"8":0,"9":4,"10":2,"11":2,"12":2,"13":6,"14":2,"15":2,"16":2,"17":2,"18":1,"19":1,"20":1,"21":1,"22":4,"23":6,"24":7},"f":{"0":5,"1":0,"2":0,"3":0,"4":4,"5":2,"6":1,"7":4,"8":6,"9":7},"b":{"0":[0,0],"1":[1,0],"2":[7,1],"3":[7,6,4],"4":[7,6,2,2]},"_coverageSchema":"1a1c01bbd47fc00a2c39e90264f33305004495a9","hash":"2dd69d66406218c21b5aaf125e757340ccd4a10b"}
,"/home/daniele/Scrivania/PULSeBS-Team8/client/src/pages/logins/index.js": {"path":"/home/daniele/Scrivania/PULSeBS-Team8/client/src/pages/logins/index.js","statementMap":{"0":{"start":{"line":23,"column":18},"end":{"line":47,"column":3}},"1":{"start":{"line":23,"column":41},"end":{"line":47,"column":1}},"2":{"start":{"line":48,"column":19},"end":{"line":55,"column":3}},"3":{"start":{"line":48,"column":42},"end":{"line":55,"column":1}},"4":{"start":{"line":58,"column":18},"end":{"line":58,"column":29}},"5":{"start":{"line":59,"column":27},"end":{"line":59,"column":39}},"6":{"start":{"line":60,"column":29},"end":{"line":60,"column":41}},"7":{"start":{"line":61,"column":26},"end":{"line":61,"column":41}},"8":{"start":{"line":62,"column":36},"end":{"line":62,"column":51}},"9":{"start":{"line":63,"column":36},"end":{"line":63,"column":51}},"10":{"start":{"line":64,"column":40},"end":{"line":64,"column":55}},"11":{"start":{"line":65,"column":34},"end":{"line":65,"column":53}},"12":{"start":{"line":66,"column":16},"end":{"line":66,"column":57}},"13":{"start":{"line":68,"column":25},"end":{"line":86,"column":3}},"14":{"start":{"line":70,"column":4},"end":{"line":70,"column":24}},"15":{"start":{"line":71,"column":4},"end":{"line":71,"column":24}},"16":{"start":{"line":72,"column":4},"end":{"line":72,"column":19}},"17":{"start":{"line":73,"column":4},"end":{"line":73,"column":26}},"18":{"start":{"line":74,"column":4},"end":{"line":74,"column":24}},"19":{"start":{"line":75,"column":4},"end":{"line":85,"column":5}},"20":{"start":{"line":76,"column":6},"end":{"line":76,"column":25}},"21":{"start":{"line":77,"column":6},"end":{"line":77,"column":28}},"22":{"start":{"line":78,"column":18},"end":{"line":81,"column":8}},"23":{"start":{"line":82,"column":6},"end":{"line":82,"column":25}},"24":{"start":{"line":84,"column":6},"end":{"line":84,"column":25}},"25":{"start":{"line":87,"column":19},"end":{"line":87,"column":31}},"26":{"start":{"line":88,"column":22},"end":{"line":96,"column":3}},"27":{"start":{"line":89,"column":4},"end":{"line":91,"column":5}},"28":{"start":{"line":90,"column":6},"end":{"line":90,"column":13}},"29":{"start":{"line":92,"column":4},"end":{"line":92,"column":24}},"30":{"start":{"line":93,"column":4},"end":{"line":93,"column":19}},"31":{"start":{"line":94,"column":4},"end":{"line":94,"column":26}},"32":{"start":{"line":95,"column":4},"end":{"line":95,"column":24}},"33":{"start":{"line":97,"column":2},"end":{"line":103,"column":5}},"34":{"start":{"line":99,"column":4},"end":{"line":102,"column":5}},"35":{"start":{"line":100,"column":6},"end":{"line":101,"column":25}},"36":{"start":{"line":100,"column":23},"end":{"line":100,"column":44}},"37":{"start":{"line":101,"column":11},"end":{"line":101,"column":25}},"38":{"start":{"line":104,"column":2},"end":{"line":209,"column":4}},"39":{"start":{"line":171,"column":35},"end":{"line":171,"column":58}},"40":{"start":{"line":187,"column":35},"end":{"line":187,"column":57}},"41":{"start":{"line":199,"column":16},"end":{"line":199,"column":35}}},"fnMap":{"0":{"name":"(anonymous_0)","decl":{"start":{"line":23,"column":29},"end":{"line":23,"column":30}},"loc":{"start":{"line":23,"column":41},"end":{"line":47,"column":1}},"line":23},"1":{"name":"(anonymous_1)","decl":{"start":{"line":48,"column":30},"end":{"line":48,"column":31}},"loc":{"start":{"line":48,"column":42},"end":{"line":55,"column":1}},"line":48},"2":{"name":"SignUp","decl":{"start":{"line":57,"column":9},"end":{"line":57,"column":15}},"loc":{"start":{"line":57,"column":23},"end":{"line":210,"column":1}},"line":57},"3":{"name":"(anonymous_3)","decl":{"start":{"line":68,"column":25},"end":{"line":68,"column":26}},"loc":{"start":{"line":68,"column":39},"end":{"line":86,"column":3}},"line":68},"4":{"name":"(anonymous_4)","decl":{"start":{"line":88,"column":22},"end":{"line":88,"column":23}},"loc":{"start":{"line":88,"column":41},"end":{"line":96,"column":3}},"line":88},"5":{"name":"(anonymous_5)","decl":{"start":{"line":97,"column":12},"end":{"line":97,"column":13}},"loc":{"start":{"line":97,"column":18},"end":{"line":103,"column":3}},"line":97},"6":{"name":"(anonymous_6)","decl":{"start":{"line":171,"column":28},"end":{"line":171,"column":29}},"loc":{"start":{"line":171,"column":35},"end":{"line":171,"column":58}},"line":171},"7":{"name":"(anonymous_7)","decl":{"start":{"line":187,"column":28},"end":{"line":187,"column":29}},"loc":{"start":{"line":187,"column":35},"end":{"line":187,"column":57}},"line":187},"8":{"name":"(anonymous_8)","decl":{"start":{"line":198,"column":23},"end":{"line":198,"column":24}},"loc":{"start":{"line":198,"column":31},"end":{"line":200,"column":15}},"line":198}},"branchMap":{"0":{"loc":{"start":{"line":75,"column":4},"end":{"line":85,"column":5}},"type":"if","locations":[{"start":{"line":75,"column":4},"end":{"line":85,"column":5}},{"start":{"line":75,"column":4},"end":{"line":85,"column":5}}],"line":75},"1":{"loc":{"start":{"line":75,"column":8},"end":{"line":75,"column":53}},"type":"binary-expr","locations":[{"start":{"line":75,"column":8},"end":{"line":75,"column":27}},{"start":{"line":75,"column":31},"end":{"line":75,"column":53}}],"line":75},"2":{"loc":{"start":{"line":89,"column":4},"end":{"line":91,"column":5}},"type":"if","locations":[{"start":{"line":89,"column":4},"end":{"line":91,"column":5}},{"start":{"line":89,"column":4},"end":{"line":91,"column":5}}],"line":89},"3":{"loc":{"start":{"line":99,"column":4},"end":{"line":102,"column":5}},"type":"if","locations":[{"start":{"line":99,"column":4},"end":{"line":102,"column":5}},{"start":{"line":99,"column":4},"end":{"line":102,"column":5}}],"line":99},"4":{"loc":{"start":{"line":99,"column":8},"end":{"line":99,"column":35}},"type":"binary-expr","locations":[{"start":{"line":99,"column":8},"end":{"line":99,"column":17}},{"start":{"line":99,"column":21},"end":{"line":99,"column":35}}],"line":99},"5":{"loc":{"start":{"line":100,"column":6},"end":{"line":101,"column":25}},"type":"if","locations":[{"start":{"line":100,"column":6},"end":{"line":101,"column":25}},{"start":{"line":100,"column":6},"end":{"line":101,"column":25}}],"line":100}},"s":{"0":3,"1":3,"2":3,"3":3,"4":8,"5":8,"6":8,"7":8,"8":8,"9":8,"10":8,"11":8,"12":8,"13":8,"14":2,"15":2,"16":2,"17":2,"18":2,"19":2,"20":1,"21":1,"22":1,"23":1,"24":1,"25":8,"26":8,"27":1,"28":1,"29":0,"30":0,"31":0,"32":0,"33":8,"34":7,"35":2,"36":0,"37":2,"38":8,"39":1,"40":1,"41":2},"f":{"0":3,"1":3,"2":8,"3":2,"4":1,"5":7,"6":1,"7":1,"8":2},"b":{"0":[1,1],"1":[2,1],"2":[1,0],"3":[2,5],"4":[7,2],"5":[0,2]},"_coverageSchema":"1a1c01bbd47fc00a2c39e90264f33305004495a9","hash":"1de57877b204cac93292eebabcf7c1a94c2c5d57"}
}
