TN:
SF:src\App.js
FN:22,(anonymous_0)
FN:31,(anonymous_1)
FN:34,(anonymous_2)
FN:36,(anonymous_3)
FN:39,(anonymous_4)
FN:45,(anonymous_5)
FN:48,(anonymous_6)
FN:52,(anonymous_7)
FN:57,(anonymous_8)
FN:59,(anonymous_9)
FN:62,(anonymous_10)
FN:66,(anonymous_11)
FN:69,(anonymous_12)
FNF:13
FNH:10
FNDA:7,(anonymous_0)
FNDA:5,(anonymous_1)
FNDA:6,(anonymous_2)
FNDA:4,(anonymous_3)
FNDA:2,(anonymous_4)
FNDA:1,(anonymous_5)
FNDA:1,(anonymous_6)
FNDA:0,(anonymous_7)
FNDA:1,(anonymous_8)
FNDA:1,(anonymous_9)
FNDA:0,(anonymous_10)
FNDA:0,(anonymous_11)
FNDA:20,(anonymous_12)
DA:23,7
DA:24,5
DA:25,5
DA:26,5
DA:27,5
DA:28,5
DA:32,5
DA:34,5
DA:35,6
DA:37,4
DA:40,2
DA:41,1
DA:45,5
DA:46,1
DA:47,1
DA:49,1
DA:50,1
DA:53,0
DA:54,0
DA:57,5
DA:58,1
DA:60,1
DA:63,0
DA:67,0
DA:70,20
LF:25
LH:21
BRDA:40,0,0,1
BRDA:40,0,1,1
BRDA:99,1,0,20
BRDA:99,1,1,7
BRDA:99,1,2,6
BRDA:113,2,0,20
BRDA:113,2,1,7
BRDA:113,2,2,7
BRDA:113,2,3,1
BRDA:125,3,0,20
BRDA:125,3,1,7
BRDA:125,3,2,7
BRDA:125,3,3,6
BRDA:142,4,0,20
BRDA:142,4,1,7
BRDA:142,4,2,6
BRDA:145,5,0,20
BRDA:145,5,1,7
BRDA:145,5,2,1
BRDA:148,6,0,20
BRDA:148,6,1,13
BRDA:158,7,0,6
BRDA:158,7,1,14
BRDA:158,8,0,20
BRDA:158,8,1,7
BRDA:165,9,0,1
BRDA:165,9,1,19
BRDA:165,10,0,20
BRDA:165,10,1,7
BRF:29
BRH:29
end_of_record
TN:
SF:src\index.js
FNF:0
FNH:0
DA:9,1
DA:21,1
LF:2
LH:2
BRF:0
BRH:0
end_of_record
TN:
SF:src\Components\Navbar.js
FN:8,(anonymous_0)
FN:11,(anonymous_1)
FNF:2
FNH:2
FNDA:6,(anonymous_0)
FNDA:21,(anonymous_1)
DA:9,6
DA:12,21
LF:2
LH:2
BRDA:37,0,0,21
BRDA:37,0,1,13
BRDA:37,0,2,7
BRDA:42,1,0,21
BRDA:42,1,1,8
BRDA:42,1,2,7
BRDA:49,2,0,7
BRDA:49,2,1,0
BRDA:50,3,0,7
BRDA:50,3,1,7
BRDA:64,4,0,21
BRDA:64,4,1,8
BRDA:64,4,2,1
BRDA:69,5,0,21
BRDA:69,5,1,8
BRDA:69,5,2,7
BRDA:75,6,0,21
BRDA:75,6,1,8
BRDA:75,6,2,0
BRDA:75,6,3,0
BRDA:82,7,0,21
BRDA:82,7,1,8
BRDA:82,7,2,0
BRDA:82,7,3,0
BRDA:89,8,0,21
BRDA:89,8,1,21
BRDA:89,8,2,21
BRDA:89,8,3,21
BRDA:89,8,4,0
BRF:29
BRH:23
end_of_record
TN:
SF:src\Components\Student\AvailableCourses.js
FN:4,(anonymous_0)
FN:84,(anonymous_1)
FN:99,(anonymous_2)
FN:114,(anonymous_3)
FN:131,(anonymous_4)
FN:137,(anonymous_5)
FNF:6
FNH:6
FNDA:106,(anonymous_0)
FNDA:3,(anonymous_1)
FNDA:3,(anonymous_2)
FNDA:3,(anonymous_3)
FNDA:46,(anonymous_4)
FNDA:104,(anonymous_5)
DA:4,5
DA:5,106
DA:6,104
DA:7,104
DA:8,104
DA:9,104
DA:11,104
DA:84,3
DA:99,3
DA:114,3
DA:131,5
DA:132,46
DA:138,104
LF:13
LH:13
BRDA:47,0,0,104
BRDA:47,0,1,101
BRDA:47,0,2,49
BRDA:47,0,3,26
BRDA:54,1,0,104
BRDA:54,1,1,101
BRDA:54,1,2,49
BRDA:54,1,3,23
BRDA:73,2,0,104
BRDA:73,2,1,3
BRDA:78,3,0,104
BRDA:78,3,1,101
BRDA:78,3,2,52
BRDA:78,3,3,26
BRDA:93,4,0,104
BRDA:93,4,1,101
BRDA:93,4,2,52
BRDA:93,4,3,26
BRDA:108,5,0,104
BRDA:108,5,1,101
BRDA:108,5,2,49
BRF:21
BRH:21
end_of_record
TN:
SF:src\Components\Student\LecturesCalendar.js
FN:10,LecturesCalendar
FN:13,(anonymous_1)
FN:14,(anonymous_2)
FN:28,(anonymous_3)
FN:35,(anonymous_4)
FN:44,(anonymous_5)
FNF:6
FNH:3
FNDA:52,LecturesCalendar
FNDA:33,(anonymous_1)
FNDA:50,(anonymous_2)
FNDA:0,(anonymous_3)
FNDA:0,(anonymous_4)
FNDA:0,(anonymous_5)
DA:8,5
DA:11,52
DA:13,52
DA:14,33
DA:15,50
DA:24,33
DA:28,52
DA:29,0
DA:35,0
DA:44,52
DA:45,0
DA:66,52
LF:12
LH:9
BRF:0
BRH:0
end_of_record
TN:
SF:src\Components\Student\StudentPage.js
FN:9,(anonymous_0)
FN:14,(anonymous_1)
FN:16,(anonymous_2)
FN:21,(anonymous_3)
FN:29,(anonymous_4)
FN:31,(anonymous_5)
FN:34,(anonymous_6)
FN:43,(anonymous_7)
FN:45,(anonymous_8)
FN:49,(anonymous_9)
FN:58,(anonymous_10)
FN:66,(anonymous_11)
FN:72,(anonymous_12)
FN:86,(anonymous_13)
FNF:14
FNH:12
FNDA:9,(anonymous_0)
FNDA:11,(anonymous_1)
FNDA:10,(anonymous_2)
FNDA:1,(anonymous_3)
FNDA:2,(anonymous_4)
FNDA:1,(anonymous_5)
FNDA:1,(anonymous_6)
FNDA:4,(anonymous_7)
FNDA:2,(anonymous_8)
FNDA:0,(anonymous_9)
FNDA:4,(anonymous_10)
FNDA:32,(anonymous_11)
FNDA:0,(anonymous_12)
FNDA:92,(anonymous_13)
DA:10,9
DA:11,8
DA:15,11
DA:17,10
DA:18,10
DA:19,10
DA:22,1
DA:23,1
DA:25,1
DA:29,8
DA:30,2
DA:32,1
DA:33,1
DA:35,1
DA:36,1
DA:37,1
DA:43,8
DA:44,4
DA:46,2
DA:47,2
DA:49,0
DA:50,0
DA:51,0
DA:53,0
DA:56,0
DA:59,4
DA:60,2
DA:62,4
DA:67,32
DA:72,0
DA:86,92
LF:31
LH:25
BRDA:22,0,0,1
BRDA:22,0,1,0
BRDA:36,1,0,1
BRDA:36,1,1,0
BRDA:50,2,0,0
BRDA:50,2,1,0
BRDA:50,3,0,0
BRDA:50,3,1,0
BRDA:59,4,0,2
BRDA:59,4,1,2
BRF:10
BRH:4
end_of_record
TN:
SF:src\Components\SupportOfficer\AddCourse.js
FN:9,(anonymous_0)
FN:17,(anonymous_1)
FN:21,(anonymous_2)
FN:25,(anonymous_3)
FN:28,(anonymous_4)
FN:31,(anonymous_5)
FNF:6
FNH:0
FNDA:0,(anonymous_0)
FNDA:0,(anonymous_1)
FNDA:0,(anonymous_2)
FNDA:0,(anonymous_3)
FNDA:0,(anonymous_4)
FNDA:0,(anonymous_5)
DA:10,0
DA:12,0
DA:13,0
DA:14,0
DA:18,0
DA:22,0
DA:26,0
DA:29,0
DA:31,0
LF:9
LH:0
BRF:0
BRH:0
end_of_record
TN:
SF:src\Components\SupportOfficer\AddLecture.js
FN:9,(anonymous_0)
FN:17,(anonymous_1)
FN:21,(anonymous_2)
FN:25,(anonymous_3)
FN:28,(anonymous_4)
FN:31,(anonymous_5)
FNF:6
FNH:0
FNDA:0,(anonymous_0)
FNDA:0,(anonymous_1)
FNDA:0,(anonymous_2)
FNDA:0,(anonymous_3)
FNDA:0,(anonymous_4)
FNDA:0,(anonymous_5)
DA:10,0
DA:12,0
DA:13,0
DA:14,0
DA:18,0
DA:22,0
DA:26,0
DA:29,0
DA:31,0
LF:9
LH:0
BRF:0
BRH:0
end_of_record
TN:
SF:src\Components\SupportOfficer\AddStudent.js
FN:10,(anonymous_0)
FN:18,(anonymous_1)
FN:22,(anonymous_2)
FN:26,(anonymous_3)
FN:29,(anonymous_4)
FN:32,(anonymous_5)
FNF:6
FNH:0
FNDA:0,(anonymous_0)
FNDA:0,(anonymous_1)
FNDA:0,(anonymous_2)
FNDA:0,(anonymous_3)
FNDA:0,(anonymous_4)
FNDA:0,(anonymous_5)
DA:11,0
DA:13,0
DA:14,0
DA:15,0
DA:19,0
DA:23,0
DA:27,0
DA:30,0
DA:32,0
LF:9
LH:0
BRF:0
BRH:0
end_of_record
TN:
SF:src\Components\SupportOfficer\AddTeacher.js
FN:9,(anonymous_0)
FN:17,(anonymous_1)
FN:21,(anonymous_2)
FN:25,(anonymous_3)
FN:28,(anonymous_4)
FN:31,(anonymous_5)
FNF:6
FNH:0
FNDA:0,(anonymous_0)
FNDA:0,(anonymous_1)
FNDA:0,(anonymous_2)
FNDA:0,(anonymous_3)
FNDA:0,(anonymous_4)
FNDA:0,(anonymous_5)
DA:10,0
DA:12,0
DA:13,0
DA:14,0
DA:18,0
DA:22,0
DA:26,0
DA:29,0
DA:31,0
LF:9
LH:0
BRF:0
BRH:0
end_of_record
TN:
SF:src\Components\SupportOfficer\OfficerPage.js
FN:18,(anonymous_0)
FN:22,(anonymous_1)
FN:26,(anonymous_2)
FN:30,(anonymous_3)
FN:34,(anonymous_4)
FNF:5
FNH:0
FNDA:0,(anonymous_0)
FNDA:0,(anonymous_1)
FNDA:0,(anonymous_2)
FNDA:0,(anonymous_3)
FNDA:0,(anonymous_4)
DA:18,0
DA:19,0
DA:20,0
DA:22,0
DA:23,0
DA:24,0
DA:26,0
DA:27,0
DA:28,0
DA:30,0
DA:31,0
DA:32,0
DA:35,0
LF:13
LH:0
BRF:0
BRH:0
end_of_record
TN:
SF:src\Components\Teacher\ActionsForm.js
FN:5,ActionsForm
FN:8,(anonymous_1)
FN:9,(anonymous_2)
FN:11,(anonymous_3)
FNF:4
FNH:3
FNDA:47,ActionsForm
FNDA:0,(anonymous_1)
FNDA:5,(anonymous_2)
FNDA:5,(anonymous_3)
DA:6,47
DA:8,47
DA:9,47
DA:11,47
DA:12,5
DA:13,5
DA:14,3
DA:16,5
DA:17,2
DA:21,47
LF:10
LH:10
BRDA:13,0,0,3
BRDA:13,0,1,2
BRDA:16,1,0,2
BRDA:16,1,1,3
BRDA:23,2,0,47
BRDA:23,2,1,28
BRDA:23,3,0,24
BRDA:23,3,1,4
BRDA:36,4,0,47
BRDA:36,4,1,19
BRDA:36,5,0,6
BRDA:36,5,1,13
BRDA:62,6,0,47
BRDA:62,6,1,28
BRDA:63,7,0,47
BRDA:63,7,1,19
BRDA:87,8,0,47
BRDA:87,8,1,28
BRDA:95,9,0,47
BRDA:95,9,1,19
BRF:20
BRH:20
end_of_record
TN:
SF:src\Components\Teacher\LectureTable.js
FN:14,(anonymous_0)
FN:92,(anonymous_1)
FN:102,(anonymous_2)
FN:117,(anonymous_3)
FN:128,(anonymous_4)
FN:135,(anonymous_5)
FN:150,(anonymous_6)
FN:161,(anonymous_7)
FNF:8
FNH:8
FNDA:30,(anonymous_0)
FNDA:9,(anonymous_1)
FNDA:3,(anonymous_2)
FNDA:10,(anonymous_3)
FNDA:20,(anonymous_4)
FNDA:2,(anonymous_5)
FNDA:1,(anonymous_6)
FNDA:30,(anonymous_7)
DA:14,4
DA:15,30
DA:16,30
DA:17,30
DA:93,9
DA:94,6
DA:103,3
DA:104,1
DA:105,1
DA:106,3
DA:108,1
DA:110,2
DA:111,2
DA:112,6
DA:114,2
DA:118,10
DA:129,20
DA:136,2
DA:151,1
DA:162,30
LF:20
LH:20
BRDA:19,0,0,30
BRDA:19,0,1,20
BRDA:50,1,0,13
BRDA:50,1,1,7
BRDA:50,2,0,20
BRDA:50,2,1,20
BRDA:54,3,0,20
BRDA:54,3,1,20
BRDA:54,3,2,13
BRDA:75,4,0,20
BRDA:75,4,1,13
BRDA:103,5,0,1
BRDA:103,5,1,2
BRF:13
BRH:13
end_of_record
TN:
SF:src\Components\Teacher\StatsPage.js
FN:5,(anonymous_0)
FN:17,(anonymous_1)
FN:23,(anonymous_2)
FN:29,(anonymous_3)
FN:39,(anonymous_4)
FN:44,(anonymous_5)
FN:48,(anonymous_6)
FN:51,(anonymous_7)
FN:61,(anonymous_8)
FN:68,(anonymous_9)
FN:83,(anonymous_10)
FN:96,(anonymous_11)
FNF:12
FNH:7
FNDA:21,(anonymous_0)
FNDA:42,(anonymous_1)
FNDA:42,(anonymous_2)
FNDA:42,(anonymous_3)
FNDA:9,(anonymous_4)
FNDA:0,(anonymous_5)
FNDA:0,(anonymous_6)
FNDA:7,(anonymous_7)
FNDA:14,(anonymous_8)
FNDA:0,(anonymous_9)
FNDA:0,(anonymous_10)
FNDA:0,(anonymous_11)
DA:5,4
DA:6,21
DA:18,42
DA:24,42
DA:30,42
DA:40,9
DA:41,6
DA:45,0
DA:52,7
DA:62,14
DA:69,0
DA:84,0
DA:96,0
LF:13
LH:9
BRDA:104,0,0,7
BRDA:104,0,1,0
BRDA:115,1,0,7
BRDA:115,1,1,0
BRDA:126,2,0,7
BRDA:126,2,1,0
BRF:6
BRH:3
end_of_record
TN:
SF:src\Components\Teacher\StudentList.js
FN:5,StudentItem
FN:18,StudentList
FN:23,(anonymous_2)
FN:24,(anonymous_3)
FN:27,(anonymous_4)
FN:32,(anonymous_5)
FN:117,(anonymous_6)
FNF:7
FNH:7
FNDA:6,StudentItem
FNDA:41,StudentList
FNDA:1,(anonymous_2)
FNDA:4,(anonymous_3)
FNDA:3,(anonymous_4)
FNDA:1,(anonymous_5)
FNDA:10,(anonymous_6)
DA:6,6
DA:7,6
DA:19,41
DA:20,41
DA:21,41
DA:22,41
DA:23,41
DA:24,41
DA:25,4
DA:26,4
DA:28,3
DA:29,3
DA:30,3
DA:33,1
DA:34,1
DA:36,1
DA:37,1
DA:38,1
DA:40,4
DA:43,41
DA:118,10
LF:21
LH:21
BRDA:33,0,0,1
BRDA:33,0,1,0
BRDA:58,1,0,41
BRDA:58,1,1,2
BRDA:63,2,0,41
BRDA:63,2,1,39
BRDA:63,2,2,8
BRDA:68,3,0,41
BRDA:68,3,1,39
BRDA:68,3,2,31
BRDA:68,3,3,26
BRDA:89,4,0,41
BRDA:89,4,1,39
BRDA:89,4,2,31
BRDA:89,4,3,5
BRDA:114,5,0,41
BRDA:114,5,1,39
BRDA:114,5,2,31
BRDA:114,5,3,5
BRF:19
BRH:18
end_of_record
TN:
SF:src\Components\Teacher\TeacherPage.js
FN:8,(anonymous_0)
FN:14,(anonymous_1)
FN:17,(anonymous_2)
FN:19,(anonymous_3)
FN:22,(anonymous_4)
FN:30,(anonymous_5)
FN:32,(anonymous_6)
FN:35,(anonymous_7)
FN:43,(anonymous_8)
FN:45,(anonymous_9)
FN:64,(anonymous_10)
FN:72,(anonymous_11)
FN:76,(anonymous_12)
FN:79,(anonymous_13)
FN:100,(anonymous_14)
FNF:15
FNH:9
FNDA:11,(anonymous_0)
FNDA:0,(anonymous_1)
FNDA:1,(anonymous_2)
FNDA:1,(anonymous_3)
FNDA:0,(anonymous_4)
FNDA:0,(anonymous_5)
FNDA:0,(anonymous_6)
FNDA:0,(anonymous_7)
FNDA:9,(anonymous_8)
FNDA:7,(anonymous_9)
FNDA:2,(anonymous_10)
FNDA:8,(anonymous_11)
FNDA:21,(anonymous_12)
FNDA:19,(anonymous_13)
FNDA:0,(anonymous_14)
DA:9,11
DA:10,8
DA:11,8
DA:12,8
DA:15,0
DA:18,1
DA:20,1
DA:23,0
DA:24,0
DA:25,0
DA:27,0
DA:31,0
DA:33,0
DA:36,0
DA:37,0
DA:38,0
DA:40,0
DA:44,9
DA:47,7
DA:48,7
DA:49,21
DA:51,7
DA:52,7
DA:53,7
DA:54,7
DA:55,7
DA:56,7
DA:57,7
DA:65,2
DA:66,2
DA:67,1
DA:69,2
DA:74,8
DA:77,21
DA:80,19
DA:100,0
LF:36
LH:24
BRDA:24,0,0,0
BRDA:24,0,1,0
BRDA:37,1,0,0
BRDA:37,1,1,0
BRDA:66,2,0,1
BRDA:66,2,1,1
BRDA:83,3,0,19
BRDA:83,3,1,2
BRDA:88,4,0,19
BRDA:88,4,1,17
BRDA:88,4,2,10
BRDA:93,5,0,19
BRDA:93,5,1,17
BRDA:93,5,2,7
BRDA:93,5,3,7
BRF:15
BRH:11
end_of_record
TN:
SF:src\Components\Teacher\Graphs\LecturesGraph.js
FN:5,(anonymous_0)
FN:10,(anonymous_1)
FN:21,(anonymous_2)
FNF:3
FNH:0
FNDA:0,(anonymous_0)
FNDA:0,(anonymous_1)
FNDA:0,(anonymous_2)
DA:6,0
DA:7,0
DA:11,0
DA:12,0
DA:13,0
DA:14,0
DA:15,0
DA:16,0
DA:18,0
DA:22,0
DA:35,0
LF:11
LH:0
BRF:0
BRH:0
end_of_record
TN:
SF:src\api\api.js
FN:5,Login
FN:8,(anonymous_1)
FN:16,(anonymous_2)
FN:18,(anonymous_3)
FN:25,(anonymous_4)
FN:29,(anonymous_5)
FN:33,(anonymous_6)
FN:41,retrieveLectures
FN:42,(anonymous_8)
FN:44,(anonymous_9)
FN:46,(anonymous_10)
FN:49,(anonymous_11)
FN:52,(anonymous_12)
FN:85,(anonymous_13)
FN:90,(anonymous_14)
FN:95,(anonymous_15)
FN:103,getLectures
FN:108,getLecturesTeacher
FN:114,getUser
FN:129,bookLeacture
FN:148,userLogout
FN:149,(anonymous_21)
FN:152,(anonymous_22)
FN:159,(anonymous_23)
FN:162,(anonymous_24)
FN:169,getStudentListByLectureId
FN:174,(anonymous_26)
FN:196,deleteLectureByTeacher
FN:211,cancelBookingByStudent
FN:226,changeModalityLecture
FN:227,(anonymous_30)
FN:235,(anonymous_31)
FN:237,(anonymous_32)
FN:244,(anonymous_33)
FN:248,(anonymous_34)
FN:255,(anonymous_35)
FN:261,getLogs
FNF:37
FNH:22
FNDA:1,Login
FNDA:1,(anonymous_1)
FNDA:1,(anonymous_2)
FNDA:1,(anonymous_3)
FNDA:0,(anonymous_4)
FNDA:0,(anonymous_5)
FNDA:0,(anonymous_6)
FNDA:4,retrieveLectures
FNDA:4,(anonymous_8)
FNDA:4,(anonymous_9)
FNDA:3,(anonymous_10)
FNDA:12,(anonymous_11)
FNDA:9,(anonymous_12)
FNDA:0,(anonymous_13)
FNDA:1,(anonymous_14)
FNDA:0,(anonymous_15)
FNDA:1,getLectures
FNDA:3,getLecturesTeacher
FNDA:2,getUser
FNDA:0,bookLeacture
FNDA:1,userLogout
FNDA:1,(anonymous_21)
FNDA:1,(anonymous_22)
FNDA:0,(anonymous_23)
FNDA:0,(anonymous_24)
FNDA:2,getStudentListByLectureId
FNDA:1,(anonymous_26)
FNDA:1,deleteLectureByTeacher
FNDA:0,cancelBookingByStudent
FNDA:1,changeModalityLecture
FNDA:1,(anonymous_30)
FNDA:0,(anonymous_31)
FNDA:0,(anonymous_32)
FNDA:0,(anonymous_33)
FNDA:0,(anonymous_34)
FNDA:0,(anonymous_35)
FNDA:0,getLogs
DA:1,7
DA:2,7
DA:3,7
DA:6,1
DA:7,1
DA:8,1
DA:9,1
DA:17,1
DA:18,1
DA:19,1
DA:23,0
DA:26,0
DA:27,0
DA:30,0
DA:34,0
DA:35,0
DA:42,4
DA:43,4
DA:45,4
DA:46,3
DA:47,3
DA:50,12
DA:53,9
DA:54,9
DA:55,9
DA:56,9
DA:57,9
DA:58,9
DA:60,9
DA:63,9
DA:83,1
DA:86,0
DA:87,0
DA:88,0
DA:91,1
DA:96,0
DA:97,0
DA:104,1
DA:105,1
DA:109,3
DA:110,3
DA:115,2
DA:116,2
DA:117,2
DA:118,1
DA:119,1
DA:121,0
DA:123,0
DA:124,0
DA:125,0
DA:130,0
DA:131,0
DA:138,0
DA:139,0
DA:140,0
DA:142,0
DA:144,0
DA:149,1
DA:150,1
DA:153,1
DA:154,1
DA:157,0
DA:160,0
DA:163,0
DA:170,2
DA:171,2
DA:172,2
DA:173,2
DA:174,2
DA:175,1
DA:176,0
DA:178,1
DA:179,1
DA:181,0
DA:182,0
DA:183,0
DA:185,0
DA:186,0
DA:191,0
DA:192,0
DA:197,1
DA:198,1
DA:201,1
DA:202,1
DA:203,1
DA:205,0
DA:207,0
DA:212,0
DA:213,0
DA:216,0
DA:217,0
DA:218,0
DA:220,0
DA:222,0
DA:227,1
DA:228,1
DA:236,0
DA:237,0
DA:238,0
DA:242,0
DA:245,0
DA:246,0
DA:249,0
DA:256,0
DA:262,0
DA:263,0
DA:264,0
DA:265,0
DA:266,0
DA:267,0
DA:269,0
DA:270,0
DA:274,7
LF:113
LH:55
BRDA:17,0,0,1
BRDA:17,0,1,0
BRDA:45,1,0,3
BRDA:45,1,1,1
BRDA:118,2,0,1
BRDA:118,2,1,0
BRDA:139,3,0,0
BRDA:139,3,1,0
BRDA:153,4,0,1
BRDA:153,4,1,0
BRDA:173,5,0,2
BRDA:173,5,1,0
BRDA:175,6,0,0
BRDA:175,6,1,1
BRDA:178,7,0,1
BRDA:178,7,1,0
BRDA:181,8,0,0
BRDA:181,8,1,0
BRDA:182,9,0,0
BRDA:182,9,1,0
BRDA:185,10,0,0
BRDA:185,10,1,0
BRDA:202,11,0,1
BRDA:202,11,1,0
BRDA:217,12,0,0
BRDA:217,12,1,0
BRDA:236,13,0,0
BRDA:236,13,1,0
BRDA:265,14,0,0
BRDA:265,14,1,0
BRF:30
BRH:9
end_of_record
TN:
SF:src\api\testServer.js
FN:117,(anonymous_0)
FN:120,(anonymous_1)
FN:125,(anonymous_2)
FN:128,(anonymous_3)
FN:131,(anonymous_4)
FN:134,(anonymous_5)
FN:137,(anonymous_6)
FN:140,(anonymous_7)
FN:143,(anonymous_8)
FN:146,(anonymous_9)
FNF:10
FNH:8
FNDA:1,(anonymous_0)
FNDA:1,(anonymous_1)
FNDA:1,(anonymous_2)
FNDA:2,(anonymous_3)
FNDA:1,(anonymous_4)
FNDA:1,(anonymous_5)
FNDA:1,(anonymous_6)
FNDA:1,(anonymous_7)
FNDA:0,(anonymous_8)
FNDA:0,(anonymous_9)
DA:9,10
DA:22,10
DA:55,10
DA:91,10
DA:116,10
DA:118,1
DA:121,1
DA:126,1
DA:129,2
DA:132,1
DA:135,1
DA:138,1
DA:141,1
DA:144,0
DA:147,0
DA:152,10
LF:16
LH:14
BRF:0
BRH:0
end_of_record
TN:
SF:src\pages\logins\index.js
FN:17,(anonymous_0)
FN:42,(anonymous_1)
FN:51,SignUp
FN:62,(anonymous_3)
FN:82,(anonymous_4)
FN:91,(anonymous_5)
FN:165,(anonymous_6)
FN:181,(anonymous_7)
FN:192,(anonymous_8)
FNF:9
FNH:9
FNDA:5,(anonymous_0)
FNDA:5,(anonymous_1)
FNDA:16,SignUp
FNDA:5,(anonymous_3)
FNDA:2,(anonymous_4)
FNDA:14,(anonymous_5)
FNDA:3,(anonymous_6)
FNDA:3,(anonymous_7)
FNDA:5,(anonymous_8)
DA:17,5
DA:42,5
DA:52,16
DA:53,15
DA:54,15
DA:55,15
DA:56,15
DA:57,15
DA:58,15
DA:60,15
DA:62,15
DA:64,5
DA:65,5
DA:66,5
DA:67,5
DA:68,5
DA:69,5
DA:70,3
DA:71,3
DA:72,3
DA:76,3
DA:78,2
DA:81,15
DA:82,15
DA:83,2
DA:84,2
DA:86,0
DA:87,0
DA:88,0
DA:89,0
DA:91,15
DA:93,14
DA:94,2
DA:95,2
DA:98,15
DA:165,3
DA:181,3
DA:193,5
LF:38
LH:34
BRDA:69,0,0,3
BRDA:69,0,1,2
BRDA:69,1,0,5
BRDA:69,1,1,3
BRDA:83,2,0,2
BRDA:83,2,1,0
BRDA:93,3,0,2
BRDA:93,3,1,12
BRDA:93,4,0,14
BRDA:93,4,1,2
BRDA:94,5,0,0
BRDA:94,5,1,2
BRF:12
BRH:10
end_of_record
TN:
SF:src\pages\manager\LogGraph.js
FN:5,(anonymous_0)
FN:8,(anonymous_1)
FNF:2
FNH:0
FNDA:0,(anonymous_0)
FNDA:0,(anonymous_1)
DA:6,0
DA:9,0
DA:32,0
LF:3
LH:0
BRF:0
BRH:0
end_of_record
TN:
SF:src\pages\manager\index.js
FN:16,(anonymous_0)
FN:23,(anonymous_1)
FN:25,(anonymous_2)
FN:41,(anonymous_3)
FN:44,(anonymous_4)
FN:71,(anonymous_5)
FN:74,(anonymous_6)
FN:82,(anonymous_7)
FN:89,(anonymous_8)
FN:104,(anonymous_9)
FN:111,(anonymous_10)
FN:127,(anonymous_11)
FN:140,(anonymous_12)
FN:156,(anonymous_13)
FNF:14
FNH:0
FNDA:0,(anonymous_0)
FNDA:0,(anonymous_1)
FNDA:0,(anonymous_2)
FNDA:0,(anonymous_3)
FNDA:0,(anonymous_4)
FNDA:0,(anonymous_5)
FNDA:0,(anonymous_6)
FNDA:0,(anonymous_7)
FNDA:0,(anonymous_8)
FNDA:0,(anonymous_9)
FNDA:0,(anonymous_10)
FNDA:0,(anonymous_11)
FNDA:0,(anonymous_12)
FNDA:0,(anonymous_13)
DA:7,3
DA:17,0
DA:18,0
DA:24,0
DA:25,0
DA:26,0
DA:27,0
DA:28,0
DA:29,0
DA:30,0
DA:32,0
DA:33,0
DA:34,0
DA:36,0
DA:37,0
DA:38,0
DA:42,0
DA:45,0
DA:46,0
DA:47,0
DA:48,0
DA:49,0
DA:53,0
DA:54,0
DA:55,0
DA:60,0
DA:61,0
DA:62,0
DA:64,0
DA:68,0
DA:72,0
DA:75,0
DA:83,0
DA:90,0
DA:105,0
DA:112,0
DA:128,0
DA:140,0
DA:157,0
LF:39
LH:1
BRDA:47,0,0,0
BRDA:47,0,1,0
BRDA:53,1,0,0
BRDA:53,1,1,0
BRDA:60,2,0,0
BRDA:60,2,1,0
BRDA:78,3,0,0
BRDA:78,3,1,0
BRDA:78,3,2,0
BRDA:157,4,0,0
BRDA:157,4,1,0
BRDA:174,5,0,0
BRDA:174,5,1,0
BRF:13
BRH:0
end_of_record
