TN:
SF:src\App.js
FN:17,(anonymous_0)
FN:26,(anonymous_1)
FN:29,(anonymous_2)
FN:31,(anonymous_3)
FN:48,(anonymous_4)
FN:54,(anonymous_5)
FN:57,(anonymous_6)
FN:75,(anonymous_7)
FN:80,(anonymous_8)
FN:82,(anonymous_9)
FN:85,(anonymous_10)
FN:89,(anonymous_11)
FN:93,(anonymous_12)
FNF:13
FNH:10
FNDA:7,(anonymous_0)
FNDA:5,(anonymous_1)
FNDA:6,(anonymous_2)
FNDA:4,(anonymous_3)
FNDA:2,(anonymous_4)
FNDA:1,(anonymous_5)
FNDA:1,(anonymous_6)
FNDA:0,(anonymous_7)
FNDA:1,(anonymous_8)
FNDA:1,(anonymous_9)
FNDA:0,(anonymous_10)
FNDA:0,(anonymous_11)
FNDA:20,(anonymous_12)
DA:18,7
DA:19,5
DA:20,5
DA:21,5
DA:22,5
DA:23,5
DA:27,5
DA:29,5
DA:30,6
DA:33,4
DA:34,1
DA:36,4
DA:37,3
DA:39,4
DA:40,0
DA:42,4
DA:43,0
DA:45,4
DA:46,4
DA:49,2
DA:50,1
DA:54,5
DA:55,1
DA:56,1
DA:59,1
DA:60,0
DA:62,1
DA:63,1
DA:65,1
DA:66,0
DA:68,1
DA:69,0
DA:71,1
DA:72,1
DA:73,1
DA:76,0
DA:77,0
DA:80,5
DA:81,1
DA:83,1
DA:86,0
DA:90,0
DA:91,0
DA:94,20
LF:44
LH:34
BRDA:33,0,0,1
BRDA:33,0,1,3
BRDA:36,1,0,3
BRDA:36,1,1,1
BRDA:39,2,0,0
BRDA:39,2,1,4
BRDA:42,3,0,0
BRDA:42,3,1,4
BRDA:49,4,0,1
BRDA:49,4,1,1
BRDA:59,5,0,0
BRDA:59,5,1,1
BRDA:62,6,0,1
BRDA:62,6,1,0
BRDA:65,7,0,0
BRDA:65,7,1,1
BRDA:68,8,0,0
BRDA:68,8,1,1
BRDA:103,9,0,0
BRDA:103,9,1,20
BRDA:103,10,0,20
BRDA:103,10,1,7
BRDA:106,11,0,0
BRDA:106,11,1,20
BRDA:106,12,0,20
BRDA:106,12,1,7
BRDA:116,13,0,20
BRDA:116,13,1,7
BRDA:116,13,2,6
BRDA:128,14,0,20
BRDA:128,14,1,7
BRDA:128,14,2,7
BRDA:146,15,0,20
BRDA:146,15,1,7
BRDA:150,16,0,20
BRDA:150,16,1,13
BRDA:160,17,0,6
BRDA:160,17,1,14
BRDA:160,18,0,20
BRDA:160,18,1,7
BRDA:167,19,0,1
BRDA:167,19,1,19
BRDA:167,20,0,20
BRDA:167,20,1,7
BRDA:174,21,0,0
BRDA:174,21,1,20
BRDA:174,22,0,20
BRDA:174,22,1,7
BRF:48
BRH:39
end_of_record
TN:
SF:src\index.js
FNF:0
FNH:0
DA:9,1
DA:21,1
LF:2
LH:2
BRF:0
BRH:0
end_of_record
TN:
SF:src\Components\Header.js
FN:13,(anonymous_0)
FN:17,(anonymous_1)
FNF:2
FNH:2
FNDA:8,(anonymous_0)
FNDA:21,(anonymous_1)
DA:14,8
DA:18,21
DA:19,21
LF:3
LH:3
BRDA:44,0,0,21
BRDA:44,0,1,13
BRDA:44,0,2,7
BRDA:49,1,0,21
BRDA:49,1,1,8
BRDA:49,1,2,7
BRDA:59,2,0,7
BRDA:59,2,1,0
BRDA:60,3,0,7
BRDA:60,3,1,7
BRDA:61,4,0,7
BRDA:61,4,1,0
BRDA:62,5,0,7
BRDA:62,5,1,0
BRDA:72,6,0,7
BRDA:72,6,1,0
BRDA:74,7,0,7
BRDA:74,7,1,7
BRDA:86,8,0,21
BRDA:86,8,1,8
BRDA:86,8,2,0
BRDA:86,8,3,0
BRDA:93,9,0,21
BRDA:93,9,1,8
BRDA:93,9,2,0
BRDA:93,9,3,0
BRF:26
BRH:18
end_of_record
TN:
SF:src\Components\Student\AvailableCourses.js
FN:4,(anonymous_0)
FN:96,(anonymous_1)
FN:118,(anonymous_2)
FN:153,(anonymous_3)
FN:173,(anonymous_4)
FN:183,(anonymous_5)
FN:191,(anonymous_6)
FN:206,(anonymous_7)
FN:217,(anonymous_8)
FNF:9
FNH:7
FNDA:96,(anonymous_0)
FNDA:3,(anonymous_1)
FNDA:3,(anonymous_2)
FNDA:3,(anonymous_3)
FNDA:36,(anonymous_4)
FNDA:24,(anonymous_5)
FNDA:0,(anonymous_6)
FNDA:0,(anonymous_7)
FNDA:96,(anonymous_8)
DA:4,6
DA:8,96
DA:9,96
DA:10,96
DA:11,96
DA:12,96
DA:13,96
DA:14,96
DA:96,3
DA:118,3
DA:153,3
DA:173,6
DA:174,36
DA:184,24
DA:185,24
DA:192,0
DA:207,0
DA:218,96
LF:18
LH:16
BRDA:14,0,0,96
BRDA:14,0,1,96
BRDA:55,1,0,93
BRDA:55,1,1,3
BRDA:55,2,0,96
BRDA:55,2,1,96
BRDA:59,3,0,96
BRDA:59,3,1,96
BRDA:59,3,2,93
BRDA:85,4,0,96
BRDA:85,4,1,3
BRDA:90,5,0,96
BRDA:90,5,1,93
BRDA:90,5,2,48
BRDA:90,5,3,24
BRDA:94,6,0,24
BRDA:94,6,1,0
BRDA:112,7,0,96
BRDA:112,7,1,93
BRDA:112,7,2,48
BRDA:112,7,3,24
BRDA:127,8,0,96
BRDA:127,8,1,93
BRDA:127,8,2,93
BRDA:127,8,3,45
BRDA:132,9,0,45
BRDA:132,9,1,45
BRDA:132,9,2,0
BRDA:132,9,3,0
BRDA:140,10,0,45
BRDA:140,10,1,45
BRDA:140,10,2,45
BRDA:140,10,3,21
BRF:33
BRH:30
end_of_record
TN:
SF:src\Components\Student\HelpStudentModal.js
FN:9,HelpStudentModal
FN:11,(anonymous_1)
FN:12,(anonymous_2)
FNF:3
FNH:1
FNDA:1,HelpStudentModal
FNDA:0,(anonymous_1)
FNDA:0,(anonymous_2)
DA:10,1
DA:11,1
DA:12,1
DA:13,1
DA:14,1
DA:16,1
LF:6
LH:6
BRF:0
BRH:0
end_of_record
TN:
SF:src\Components\Student\LecturesCalendar.js
FN:10,LecturesCalendar
FN:13,(anonymous_1)
FN:14,(anonymous_2)
FN:28,(anonymous_3)
FN:36,(anonymous_4)
FN:44,(anonymous_5)
FNF:6
FNH:3
FNDA:51,LecturesCalendar
FNDA:32,(anonymous_1)
FNDA:4,(anonymous_2)
FNDA:0,(anonymous_3)
FNDA:0,(anonymous_4)
FNDA:0,(anonymous_5)
DA:8,6
DA:11,51
DA:13,51
DA:14,32
DA:15,4
DA:24,32
DA:28,51
DA:29,0
DA:36,0
DA:44,51
DA:45,0
DA:68,51
LF:12
LH:9
BRF:0
BRH:0
end_of_record
TN:
SF:src\Components\Student\StudentPage.js
FN:9,(anonymous_0)
FN:14,(anonymous_1)
FN:17,(anonymous_2)
FN:19,(anonymous_3)
FN:21,(anonymous_4)
FN:27,(anonymous_5)
FN:34,(anonymous_6)
FN:50,(anonymous_7)
FN:52,(anonymous_8)
FN:55,(anonymous_9)
FN:64,(anonymous_10)
FN:66,(anonymous_11)
FN:70,(anonymous_12)
FN:79,(anonymous_13)
FN:87,(anonymous_14)
FN:93,(anonymous_15)
FN:109,(anonymous_16)
FNF:17
FNH:14
FNDA:10,(anonymous_0)
FNDA:35,(anonymous_1)
FNDA:12,(anonymous_2)
FNDA:9,(anonymous_3)
FNDA:35,(anonymous_4)
FNDA:1,(anonymous_5)
FNDA:0,(anonymous_6)
FNDA:2,(anonymous_7)
FNDA:1,(anonymous_8)
FNDA:1,(anonymous_9)
FNDA:4,(anonymous_10)
FNDA:2,(anonymous_11)
FNDA:0,(anonymous_12)
FNDA:4,(anonymous_13)
FNDA:31,(anonymous_14)
FNDA:0,(anonymous_15)
FNDA:84,(anonymous_16)
DA:10,10
DA:11,9
DA:12,9
DA:15,35
DA:18,12
DA:20,9
DA:21,35
DA:22,9
DA:23,9
DA:24,9
DA:25,9
DA:28,1
DA:29,1
DA:31,1
DA:35,0
DA:36,0
DA:37,0
DA:38,0
DA:39,0
DA:41,0
DA:43,0
DA:44,0
DA:45,0
DA:47,0
DA:50,9
DA:51,2
DA:53,1
DA:54,1
DA:56,1
DA:57,1
DA:58,1
DA:64,9
DA:65,4
DA:67,2
DA:68,2
DA:70,0
DA:71,0
DA:72,0
DA:74,0
DA:77,0
DA:80,4
DA:81,2
DA:83,4
DA:88,31
DA:93,0
DA:109,84
LF:46
LH:30
BRDA:28,0,0,1
BRDA:28,0,1,0
BRDA:36,1,0,0
BRDA:36,1,1,0
BRDA:57,2,0,1
BRDA:57,2,1,0
BRDA:71,3,0,0
BRDA:71,3,1,0
BRDA:71,4,0,0
BRDA:71,4,1,0
BRDA:80,5,0,2
BRDA:80,5,1,2
BRF:12
BRH:4
end_of_record
TN:
SF:src\Components\SupportOfficer\AddStudent.js
FN:13,(anonymous_0)
FN:27,(anonymous_1)
FN:33,(anonymous_2)
FN:39,(anonymous_3)
FN:44,(anonymous_4)
FN:49,(anonymous_5)
FN:52,(anonymous_6)
FNF:7
FNH:3
FNDA:1,(anonymous_0)
FNDA:0,(anonymous_1)
FNDA:0,(anonymous_2)
FNDA:0,(anonymous_3)
FNDA:0,(anonymous_4)
FNDA:1,(anonymous_5)
FNDA:2,(anonymous_6)
DA:14,1
DA:16,1
DA:19,1
DA:22,1
DA:28,0
DA:34,0
DA:40,0
DA:45,0
DA:50,1
DA:53,2
LF:10
LH:6
BRDA:55,0,0,1
BRDA:55,0,1,0
BRDA:70,1,0,1
BRDA:70,1,1,0
BRDA:85,2,0,1
BRDA:85,2,1,0
BRDA:100,3,0,1
BRDA:100,3,1,0
BRDA:115,4,0,1
BRDA:115,4,1,0
BRF:10
BRH:5
end_of_record
TN:
SF:src\Components\SupportOfficer\ExcludeHolidayModal.js
FN:7,ExcludeHolidayModal
FN:9,(anonymous_1)
FN:10,(anonymous_2)
FN:14,(anonymous_3)
FN:52,(anonymous_4)
FNF:5
FNH:3
FNDA:13,ExcludeHolidayModal
FNDA:1,(anonymous_1)
FNDA:1,(anonymous_2)
FNDA:0,(anonymous_3)
FNDA:0,(anonymous_4)
DA:8,13
DA:9,13
DA:10,13
DA:11,13
DA:14,13
DA:15,0
DA:16,0
DA:17,0
DA:22,13
DA:52,0
LF:10
LH:6
BRF:0
BRH:0
end_of_record
TN:
SF:src\Components\SupportOfficer\ModifyLecture.js
FN:18,(anonymous_0)
FN:67,(anonymous_1)
FN:71,(anonymous_2)
FN:76,(anonymous_3)
FN:80,(anonymous_4)
FN:83,(anonymous_5)
FN:96,(anonymous_6)
FN:103,(anonymous_7)
FN:107,(anonymous_8)
FN:125,(anonymous_9)
FN:133,(anonymous_10)
FN:149,(anonymous_11)
FN:163,(anonymous_12)
FN:172,(anonymous_13)
FN:173,(anonymous_14)
FN:177,(anonymous_15)
FN:178,(anonymous_16)
FN:179,(anonymous_17)
FN:185,(anonymous_18)
FN:194,(anonymous_19)
FN:199,(anonymous_20)
FN:203,(anonymous_21)
FN:213,(anonymous_22)
FN:217,(anonymous_23)
FN:220,(anonymous_24)
FN:223,(anonymous_25)
FN:226,(anonymous_26)
FN:229,(anonymous_27)
FN:232,(anonymous_28)
FN:236,(anonymous_29)
FN:240,(anonymous_30)
FN:253,(anonymous_31)
FN:257,(anonymous_32)
FN:258,(anonymous_33)
FN:261,(anonymous_34)
FN:270,(anonymous_35)
FN:286,(anonymous_36)
FN:291,(anonymous_37)
FN:299,(anonymous_38)
FN:318,(anonymous_39)
FN:335,(anonymous_40)
FN:349,(anonymous_41)
FN:359,(anonymous_42)
FN:376,(anonymous_43)
FN:387,(anonymous_44)
FN:390,(anonymous_45)
FN:425,(anonymous_46)
FN:491,(anonymous_47)
FNF:48
FNH:9
FNDA:12,(anonymous_0)
FNDA:0,(anonymous_1)
FNDA:0,(anonymous_2)
FNDA:0,(anonymous_3)
FNDA:10,(anonymous_4)
FNDA:1,(anonymous_5)
FNDA:1,(anonymous_6)
FNDA:10,(anonymous_7)
FNDA:0,(anonymous_8)
FNDA:0,(anonymous_9)
FNDA:0,(anonymous_10)
FNDA:0,(anonymous_11)
FNDA:0,(anonymous_12)
FNDA:0,(anonymous_13)
FNDA:0,(anonymous_14)
FNDA:0,(anonymous_15)
FNDA:0,(anonymous_16)
FNDA:0,(anonymous_17)
FNDA:0,(anonymous_18)
FNDA:0,(anonymous_19)
FNDA:0,(anonymous_20)
FNDA:0,(anonymous_21)
FNDA:0,(anonymous_22)
FNDA:0,(anonymous_23)
FNDA:0,(anonymous_24)
FNDA:0,(anonymous_25)
FNDA:0,(anonymous_26)
FNDA:0,(anonymous_27)
FNDA:0,(anonymous_28)
FNDA:0,(anonymous_29)
FNDA:0,(anonymous_30)
FNDA:0,(anonymous_31)
FNDA:0,(anonymous_32)
FNDA:0,(anonymous_33)
FNDA:0,(anonymous_34)
FNDA:12,(anonymous_35)
FNDA:60,(anonymous_36)
FNDA:0,(anonymous_37)
FNDA:0,(anonymous_38)
FNDA:0,(anonymous_39)
FNDA:0,(anonymous_40)
FNDA:0,(anonymous_41)
FNDA:0,(anonymous_42)
FNDA:2,(anonymous_43)
FNDA:0,(anonymous_44)
FNDA:0,(anonymous_45)
FNDA:2,(anonymous_46)
FNDA:0,(anonymous_47)
DA:19,12
DA:20,10
DA:64,10
DA:68,0
DA:72,0
DA:74,0
DA:77,0
DA:81,10
DA:84,1
DA:85,1
DA:86,0
DA:87,0
DA:88,0
DA:89,0
DA:91,1
DA:92,1
DA:93,0
DA:97,1
DA:98,0
DA:100,1
DA:104,10
DA:107,10
DA:108,0
DA:109,0
DA:117,0
DA:125,0
DA:126,0
DA:129,0
DA:133,10
DA:134,0
DA:135,0
DA:136,0
DA:137,0
DA:138,0
DA:141,0
DA:145,0
DA:149,10
DA:150,0
DA:151,0
DA:156,0
DA:157,0
DA:158,0
DA:160,0
DA:164,0
DA:166,0
DA:172,10
DA:173,0
DA:174,0
DA:175,0
DA:176,0
DA:177,0
DA:178,0
DA:179,0
DA:181,0
DA:182,0
DA:186,0
DA:187,0
DA:188,0
DA:194,10
DA:195,0
DA:196,0
DA:197,0
DA:199,0
DA:200,0
DA:201,0
DA:204,0
DA:205,0
DA:206,0
DA:214,0
DA:217,10
DA:218,0
DA:220,10
DA:221,0
DA:223,10
DA:224,0
DA:226,10
DA:227,0
DA:229,10
DA:230,0
DA:233,0
DA:238,0
DA:241,0
DA:242,0
DA:254,0
DA:258,0
DA:259,0
DA:262,0
DA:263,0
DA:264,0
DA:272,12
DA:288,60
DA:291,0
DA:300,0
DA:319,0
DA:335,0
DA:349,0
DA:359,0
DA:378,2
DA:387,0
DA:390,0
DA:426,2
DA:427,2
DA:500,0
DA:501,0
DA:502,0
DA:504,0
DA:505,0
DA:508,0
LF:108
LH:26
BRDA:85,0,0,0
BRDA:85,0,1,1
BRDA:97,1,0,0
BRDA:97,1,1,1
BRDA:108,2,0,0
BRDA:108,2,1,0
BRDA:136,3,0,0
BRDA:136,3,1,0
BRDA:137,4,0,0
BRDA:137,4,1,0
BRDA:156,5,0,0
BRDA:156,5,1,0
BRDA:187,6,0,0
BRDA:187,6,1,0
BRDA:196,7,0,0
BRDA:196,7,1,0
BRDA:205,8,0,0
BRDA:205,8,1,0
BRDA:241,9,0,0
BRDA:241,9,1,0
BRDA:263,10,0,0
BRDA:263,10,1,0
BRDA:323,11,0,12
BRDA:323,11,1,0
BRDA:340,12,0,12
BRDA:340,12,1,0
BRDA:354,13,0,12
BRDA:354,13,1,12
BRDA:354,13,2,0
BRDA:387,14,0,2
BRDA:387,14,1,2
BRDA:501,15,0,0
BRDA:501,15,1,0
BRDA:504,16,0,0
BRDA:504,16,1,0
BRF:35
BRH:8
end_of_record
TN:
SF:src\Components\SupportOfficer\ModifyModal.js
FN:26,ModifyModal
FN:29,(anonymous_1)
FN:30,(anonymous_2)
FN:38,(anonymous_3)
FN:91,(anonymous_4)
FN:92,(anonymous_5)
FN:103,(anonymous_6)
FN:108,(anonymous_7)
FN:116,(anonymous_8)
FN:133,(anonymous_9)
FNF:10
FNH:0
FNDA:0,ModifyModal
FNDA:0,(anonymous_1)
FNDA:0,(anonymous_2)
FNDA:0,(anonymous_3)
FNDA:0,(anonymous_4)
FNDA:0,(anonymous_5)
FNDA:0,(anonymous_6)
FNDA:0,(anonymous_7)
FNDA:0,(anonymous_8)
FNDA:0,(anonymous_9)
DA:6,5
DA:27,0
DA:29,0
DA:30,0
DA:31,0
DA:32,0
DA:33,0
DA:34,0
DA:35,0
DA:38,0
DA:39,0
DA:41,0
DA:49,0
DA:52,0
DA:91,0
DA:93,0
DA:103,0
DA:108,0
DA:116,0
DA:133,0
LF:20
LH:1
BRF:0
BRH:0
end_of_record
TN:
SF:src\Components\SupportOfficer\OfficerPage.js
FN:24,(anonymous_0)
FN:38,(anonymous_1)
FN:44,(anonymous_2)
FN:50,(anonymous_3)
FN:56,(anonymous_4)
FN:62,(anonymous_5)
FN:68,(anonymous_6)
FN:85,(anonymous_7)
FNF:8
FNH:2
FNDA:6,(anonymous_0)
FNDA:0,(anonymous_1)
FNDA:0,(anonymous_2)
FNDA:0,(anonymous_3)
FNDA:0,(anonymous_4)
FNDA:0,(anonymous_5)
FNDA:5,(anonymous_6)
FNDA:0,(anonymous_7)
DA:25,6
DA:26,5
DA:38,5
DA:39,0
DA:44,5
DA:45,0
DA:50,5
DA:51,0
DA:56,5
DA:57,0
DA:62,5
DA:63,0
DA:69,5
DA:72,0
DA:79,5
DA:85,0
LF:16
LH:9
BRDA:69,0,0,0
BRDA:69,0,1,5
BRDA:69,1,0,5
BRDA:69,1,1,5
BRDA:69,1,2,5
BRDA:69,1,3,5
BRDA:69,1,4,5
BRDA:157,2,0,5
BRDA:157,2,1,5
BRDA:157,2,2,5
BRDA:157,2,3,5
BRDA:157,2,4,5
BRDA:157,2,5,0
BRDA:165,3,0,0
BRDA:165,3,1,5
BRDA:165,4,0,5
BRDA:165,4,1,0
BRDA:165,4,2,0
BRDA:172,5,0,0
BRDA:172,5,1,5
BRF:20
BRH:14
end_of_record
TN:
SF:src\Components\Teacher\ActionsForm.js
FN:6,ActionsForm
FN:9,(anonymous_1)
FN:10,(anonymous_2)
FN:13,(anonymous_3)
FN:109,(anonymous_4)
FN:114,(anonymous_5)
FNF:6
FNH:3
FNDA:69,ActionsForm
FNDA:0,(anonymous_1)
FNDA:6,(anonymous_2)
FNDA:6,(anonymous_3)
FNDA:0,(anonymous_4)
FNDA:0,(anonymous_5)
DA:7,69
DA:8,69
DA:9,69
DA:10,69
DA:13,69
DA:14,6
DA:15,6
DA:16,3
DA:18,6
DA:19,3
DA:21,6
DA:22,0
DA:23,0
DA:24,0
DA:25,0
DA:29,69
DA:109,0
DA:114,0
LF:18
LH:12
BRDA:15,0,0,3
BRDA:15,0,1,3
BRDA:18,1,0,3
BRDA:18,1,1,3
BRDA:21,2,0,0
BRDA:21,2,1,6
BRDA:31,3,0,69
BRDA:31,3,1,37
BRDA:31,4,0,30
BRDA:31,4,1,7
BRDA:44,5,0,69
BRDA:44,5,1,32
BRDA:44,6,0,25
BRDA:44,6,1,7
BRDA:60,7,0,69
BRDA:60,7,1,0
BRDA:75,8,0,0
BRDA:75,8,1,69
BRDA:78,9,0,69
BRDA:78,9,1,69
BRDA:79,10,0,69
BRDA:79,10,1,37
BRDA:80,11,0,69
BRDA:80,11,1,32
BRDA:98,12,0,69
BRDA:98,12,1,0
BRDA:102,13,0,69
BRDA:102,13,1,0
BRDA:118,14,0,0
BRDA:118,14,1,0
BRDA:118,15,0,0
BRDA:118,15,1,0
BRDA:127,16,0,69
BRDA:127,16,1,37
BRDA:135,17,0,69
BRDA:135,17,1,32
BRF:36
BRH:27
end_of_record
TN:
SF:src\Components\Teacher\HelpTeacherModal.js
FN:11,HelpTeacherModal
FN:13,(anonymous_1)
FN:14,(anonymous_2)
FNF:3
FNH:1
FNDA:8,HelpTeacherModal
FNDA:0,(anonymous_1)
FNDA:0,(anonymous_2)
DA:12,8
DA:13,8
DA:14,8
DA:15,8
DA:16,8
DA:17,8
LF:6
LH:6
BRF:0
BRH:0
end_of_record
TN:
SF:src\Components\Teacher\LectureTable.js
FN:14,(anonymous_0)
FN:112,(anonymous_1)
FN:123,(anonymous_2)
FN:126,(anonymous_3)
FN:158,(anonymous_4)
FN:169,(anonymous_5)
FN:177,(anonymous_6)
FN:192,(anonymous_7)
FN:206,(anonymous_8)
FN:214,(anonymous_9)
FN:234,(anonymous_10)
FNF:11
FNH:9
FNDA:97,(anonymous_0)
FNDA:16,(anonymous_1)
FNDA:0,(anonymous_2)
FNDA:3,(anonymous_3)
FNDA:16,(anonymous_4)
FNDA:32,(anonymous_5)
FNDA:2,(anonymous_6)
FNDA:1,(anonymous_7)
FNDA:0,(anonymous_8)
FNDA:48,(anonymous_9)
FNDA:48,(anonymous_10)
DA:14,4
DA:15,97
DA:16,96
DA:17,96
DA:18,96
DA:113,16
DA:114,13
DA:124,0
DA:127,3
DA:128,3
DA:129,1
DA:130,1
DA:131,3
DA:133,1
DA:135,2
DA:136,2
DA:137,6
DA:139,2
DA:142,3
DA:143,0
DA:144,0
DA:145,0
DA:146,0
DA:148,0
DA:150,0
DA:151,0
DA:152,0
DA:154,0
DA:159,16
DA:170,32
DA:171,32
DA:178,2
DA:193,1
DA:206,0
DA:215,48
DA:235,48
LF:36
LH:25
BRDA:20,0,0,96
BRDA:20,0,1,52
BRDA:21,1,0,23
BRDA:21,1,1,29
BRDA:21,2,0,52
BRDA:21,2,1,34
BRDA:22,3,0,23
BRDA:22,3,1,29
BRDA:22,4,0,52
BRDA:22,4,1,34
BRDA:51,5,0,42
BRDA:51,5,1,10
BRDA:51,6,0,52
BRDA:51,6,1,52
BRDA:55,7,0,52
BRDA:55,7,1,52
BRDA:55,7,2,42
BRDA:65,8,0,42
BRDA:65,8,1,5
BRDA:75,9,0,52
BRDA:75,9,1,0
BRDA:93,10,0,52
BRDA:93,10,1,34
BRDA:93,10,2,29
BRDA:94,11,0,52
BRDA:94,11,1,34
BRDA:94,11,2,29
BRDA:94,11,3,24
BRDA:127,12,0,3
BRDA:127,12,1,0
BRDA:128,13,0,1
BRDA:128,13,1,2
BRDA:142,14,0,0
BRDA:142,14,1,3
BRDA:143,15,0,0
BRDA:143,15,1,0
BRDA:234,16,0,16
BRDA:234,16,1,16
BRDA:234,16,2,16
BRDA:247,17,0,16
BRDA:247,17,1,16
BRDA:247,17,2,0
BRF:42
BRH:36
end_of_record
TN:
SF:src\Components\Teacher\StatsPage.js
FN:132,(anonymous_0)
FN:137,(anonymous_1)
FN:138,(anonymous_2)
FN:162,(anonymous_3)
FN:166,(anonymous_4)
FN:190,(anonymous_5)
FN:195,(anonymous_6)
FN:198,(anonymous_7)
FN:209,(anonymous_8)
FN:252,(anonymous_9)
FN:272,(anonymous_10)
FN:279,(anonymous_11)
FN:294,(anonymous_12)
FN:309,(anonymous_13)
FN:319,(anonymous_14)
FN:400,(anonymous_15)
FNF:16
FNH:6
FNDA:18,(anonymous_0)
FNDA:15,(anonymous_1)
FNDA:14,(anonymous_2)
FNDA:0,(anonymous_3)
FNDA:14,(anonymous_4)
FNDA:0,(anonymous_5)
FNDA:0,(anonymous_6)
FNDA:0,(anonymous_7)
FNDA:0,(anonymous_8)
FNDA:25,(anonymous_9)
FNDA:48,(anonymous_10)
FNDA:0,(anonymous_11)
FNDA:0,(anonymous_12)
FNDA:0,(anonymous_13)
FNDA:0,(anonymous_14)
FNDA:0,(anonymous_15)
DA:7,4
DA:14,4
DA:40,4
DA:60,4
DA:81,4
DA:101,4
DA:115,4
DA:133,18
DA:134,15
DA:138,15
DA:139,14
DA:140,14
DA:141,0
DA:142,0
DA:145,14
DA:146,14
DA:147,14
DA:148,13
DA:149,13
DA:150,13
DA:151,0
DA:153,13
DA:154,13
DA:155,13
DA:157,14
DA:159,14
DA:160,14
DA:163,0
DA:166,15
DA:167,14
DA:168,14
DA:169,0
DA:170,0
DA:173,14
DA:174,14
DA:175,14
DA:176,14
DA:177,14
DA:178,14
DA:179,0
DA:181,14
DA:182,14
DA:183,14
DA:185,14
DA:187,14
DA:188,14
DA:191,0
DA:196,0
DA:200,0
DA:201,0
DA:204,0
DA:206,0
DA:210,0
DA:211,0
DA:212,0
DA:213,0
DA:214,0
DA:215,0
DA:220,0
DA:221,0
DA:224,0
DA:226,0
DA:227,0
DA:228,0
DA:229,0
DA:230,0
DA:231,0
DA:234,0
DA:235,0
DA:242,0
DA:243,0
DA:246,0
DA:253,25
DA:273,48
DA:280,0
DA:295,0
DA:309,0
DA:319,0
DA:400,0
LF:79
LH:41
BRDA:140,0,0,0
BRDA:140,0,1,14
BRDA:150,1,0,0
BRDA:150,1,1,13
BRDA:168,2,0,0
BRDA:168,2,1,14
BRDA:178,3,0,0
BRDA:178,3,1,14
BRDA:200,4,0,0
BRDA:200,4,1,0
BRDA:212,5,0,0
BRDA:212,5,1,0
BRDA:214,6,0,0
BRDA:214,6,1,0
BRDA:220,7,0,0
BRDA:220,7,1,0
BRDA:228,8,0,0
BRDA:228,8,1,0
BRDA:234,9,0,0
BRDA:234,9,1,0
BRDA:242,10,0,0
BRDA:242,10,1,0
BRDA:256,11,0,0
BRDA:256,11,1,25
BRDA:256,12,0,25
BRDA:256,12,1,25
BRDA:263,13,0,25
BRDA:263,13,1,25
BRDA:305,14,0,25
BRDA:305,14,1,25
BRDA:325,15,0,25
BRDA:325,15,1,0
BRDA:331,16,0,10
BRDA:331,16,1,15
BRDA:347,17,0,25
BRDA:347,17,1,0
BRDA:353,18,0,10
BRDA:353,18,1,15
BRDA:369,19,0,25
BRDA:369,19,1,0
BRDA:376,20,0,10
BRDA:376,20,1,15
BRDA:406,21,0,25
BRDA:406,21,1,0
BRDA:412,22,0,5
BRDA:412,22,1,20
BRDA:428,23,0,25
BRDA:428,23,1,0
BRDA:434,24,0,5
BRDA:434,24,1,20
BRDA:450,25,0,25
BRDA:450,25,1,0
BRDA:457,26,0,5
BRDA:457,26,1,20
BRF:54
BRH:29
end_of_record
TN:
SF:src\Components\Teacher\StudentList.js
FN:7,StudentList
FN:14,(anonymous_1)
FN:16,(anonymous_2)
FN:25,(anonymous_3)
FN:27,(anonymous_4)
FN:41,(anonymous_5)
FN:44,(anonymous_6)
FN:48,(anonymous_7)
FN:51,(anonymous_8)
FN:57,(anonymous_9)
FN:62,(anonymous_10)
FN:68,(anonymous_11)
FN:69,(anonymous_12)
FN:72,(anonymous_13)
FN:73,(anonymous_14)
FN:87,(anonymous_15)
FN:182,(anonymous_16)
FN:206,(anonymous_17)
FN:227,(anonymous_18)
FNF:19
FNH:15
FNDA:101,StudentList
FNDA:4,(anonymous_1)
FNDA:8,(anonymous_2)
FNDA:0,(anonymous_3)
FNDA:0,(anonymous_4)
FNDA:2,(anonymous_5)
FNDA:0,(anonymous_6)
FNDA:2,(anonymous_7)
FNDA:4,(anonymous_8)
FNDA:1,(anonymous_9)
FNDA:2,(anonymous_10)
FNDA:2,(anonymous_11)
FNDA:7,(anonymous_12)
FNDA:6,(anonymous_13)
FNDA:10,(anonymous_14)
FNDA:1,(anonymous_15)
FNDA:42,(anonymous_16)
FNDA:4,(anonymous_17)
FNDA:0,(anonymous_18)
DA:8,101
DA:9,98
DA:10,98
DA:11,98
DA:12,98
DA:13,98
DA:14,98
DA:15,4
DA:16,4
DA:17,8
DA:18,4
DA:20,8
DA:22,4
DA:23,4
DA:25,98
DA:27,0
DA:29,0
DA:30,0
DA:32,0
DA:33,0
DA:34,0
DA:35,0
DA:37,0
DA:41,98
DA:42,2
DA:44,98
DA:45,0
DA:48,98
DA:49,2
DA:50,2
DA:51,2
DA:52,4
DA:53,0
DA:56,2
DA:57,2
DA:58,1
DA:60,1
DA:61,1
DA:63,2
DA:68,98
DA:69,98
DA:70,7
DA:71,7
DA:73,6
DA:74,10
DA:83,6
DA:84,6
DA:85,6
DA:88,1
DA:89,1
DA:91,1
DA:92,1
DA:93,1
DA:95,7
DA:98,98
DA:99,98
DA:100,0
DA:102,98
DA:103,10
DA:105,98
DA:106,98
DA:107,98
DA:184,42
DA:206,4
DA:227,0
LF:65
LH:53
BRDA:17,0,0,4
BRDA:17,0,1,4
BRDA:34,1,0,0
BRDA:34,1,1,0
BRDA:52,2,0,0
BRDA:52,2,1,4
BRDA:75,3,0,2
BRDA:75,3,1,8
BRDA:88,4,0,1
BRDA:88,4,1,0
BRDA:99,5,0,0
BRDA:99,5,1,98
BRDA:102,6,0,10
BRDA:102,6,1,88
BRDA:114,7,0,93
BRDA:114,7,1,5
BRDA:114,8,0,43
BRDA:114,8,1,50
BRDA:119,9,0,93
BRDA:119,9,1,5
BRDA:119,10,0,43
BRDA:119,10,1,50
BRDA:122,11,0,98
BRDA:122,11,1,3
BRDA:127,12,0,98
BRDA:127,12,1,95
BRDA:127,12,2,14
BRDA:132,13,0,98
BRDA:132,13,1,95
BRDA:132,13,2,81
BRDA:132,13,3,60
BRDA:153,14,0,98
BRDA:153,14,1,95
BRDA:153,14,2,81
BRDA:153,14,3,21
BRDA:167,15,0,21
BRDA:167,15,1,5
BRDA:167,15,2,16
BRDA:179,16,0,98
BRDA:179,16,1,95
BRDA:179,16,2,81
BRDA:179,16,3,21
BRDA:190,17,0,42
BRDA:190,17,1,10
BRDA:190,17,2,32
BRDA:194,18,0,0
BRDA:194,18,1,32
BRDA:216,19,0,98
BRDA:216,19,1,43
BRDA:216,19,2,43
BRDA:238,20,0,2
BRDA:238,20,1,96
BRDA:254,21,0,96
BRDA:254,21,1,41
BRDA:254,21,2,41
BRF:55
BRH:49
end_of_record
TN:
SF:src\Components\Teacher\TeacherPage.js
FN:8,(anonymous_0)
FN:16,(anonymous_1)
FN:19,(anonymous_2)
FN:21,(anonymous_3)
FN:24,(anonymous_4)
FN:32,(anonymous_5)
FN:34,(anonymous_6)
FN:37,(anonymous_7)
FN:45,(anonymous_8)
FN:48,(anonymous_9)
FN:51,(anonymous_10)
FN:60,(anonymous_11)
FN:62,(anonymous_12)
FN:64,(anonymous_13)
FN:98,(anonymous_14)
FN:105,(anonymous_15)
FN:110,(anonymous_16)
FN:120,(anonymous_17)
FN:124,(anonymous_18)
FN:127,(anonymous_19)
FN:149,(anonymous_20)
FNF:21
FNH:12
FNDA:18,(anonymous_0)
FNDA:0,(anonymous_1)
FNDA:1,(anonymous_2)
FNDA:1,(anonymous_3)
FNDA:0,(anonymous_4)
FNDA:1,(anonymous_5)
FNDA:1,(anonymous_6)
FNDA:0,(anonymous_7)
FNDA:0,(anonymous_8)
FNDA:0,(anonymous_9)
FNDA:0,(anonymous_10)
FNDA:17,(anonymous_11)
FNDA:15,(anonymous_12)
FNDA:15,(anonymous_13)
FNDA:2,(anonymous_14)
FNDA:17,(anonymous_15)
FNDA:0,(anonymous_16)
FNDA:15,(anonymous_17)
FNDA:0,(anonymous_18)
FNDA:51,(anonymous_19)
FNDA:0,(anonymous_20)
DA:9,18
DA:10,15
DA:11,15
DA:12,15
DA:13,15
DA:14,15
DA:17,0
DA:20,1
DA:22,1
DA:25,0
DA:26,0
DA:27,0
DA:29,0
DA:33,1
DA:35,1
DA:38,0
DA:39,0
DA:40,0
DA:42,0
DA:46,0
DA:47,0
DA:48,0
DA:49,0
DA:52,0
DA:53,0
DA:54,0
DA:56,0
DA:61,17
DA:63,15
DA:64,15
DA:65,15
DA:66,15
DA:67,15
DA:68,15
DA:69,1
DA:78,14
DA:79,13
DA:88,1
DA:99,2
DA:100,2
DA:101,1
DA:103,2
DA:105,17
DA:106,17
DA:107,17
DA:108,17
DA:111,0
DA:112,0
DA:113,0
DA:115,0
DA:122,15
DA:125,0
DA:128,51
DA:149,0
LF:54
LH:31
BRDA:26,0,0,0
BRDA:26,0,1,0
BRDA:39,1,0,0
BRDA:39,1,1,0
BRDA:53,2,0,0
BRDA:53,2,1,0
BRDA:68,3,0,1
BRDA:68,3,1,14
BRDA:78,4,0,13
BRDA:78,4,1,1
BRDA:100,5,0,1
BRDA:100,5,1,1
BRDA:107,6,0,17
BRDA:107,6,1,0
BRDA:112,7,0,0
BRDA:112,7,1,0
BRDA:131,8,0,51
BRDA:131,8,1,2
BRDA:136,9,0,51
BRDA:136,9,1,32
BRDA:136,9,2,17
BRDA:142,10,0,51
BRDA:142,10,1,32
BRDA:142,10,2,15
BRDA:142,10,3,15
BRDA:153,11,0,13
BRDA:153,11,1,2
BRDA:153,12,0,15
BRDA:153,12,1,15
BRDA:153,12,2,13
BRDA:163,13,0,1
BRDA:163,13,1,1
BRDA:171,14,0,15
BRDA:171,14,1,15
BRF:34
BRH:25
end_of_record
TN:
SF:src\api\api.js
FN:5,getUploadUrl
FN:9,Login
FN:12,(anonymous_2)
FN:20,(anonymous_3)
FN:22,(anonymous_4)
FN:29,(anonymous_5)
FN:33,(anonymous_6)
FN:37,(anonymous_7)
FN:45,retrieveLectures
FN:46,(anonymous_9)
FN:48,(anonymous_10)
FN:50,(anonymous_11)
FN:55,(anonymous_12)
FN:58,(anonymous_13)
FN:112,(anonymous_14)
FN:117,(anonymous_15)
FN:122,(anonymous_16)
FN:130,getLectures
FN:135,getLecturesTeacher
FN:141,getPastLecturesTeacher
FN:146,getUser
FN:161,bookLeacture
FN:180,userLogout
FN:181,(anonymous_23)
FN:184,(anonymous_24)
FN:191,(anonymous_25)
FN:194,(anonymous_26)
FN:201,getStudentListByLectureId
FN:206,(anonymous_28)
FN:228,deleteLectureByTeacher
FN:243,cancelBookingByStudent
FN:258,changeModalityLecture
FN:259,(anonymous_32)
FN:267,(anonymous_33)
FN:269,(anonymous_34)
FN:276,(anonymous_35)
FN:280,(anonymous_36)
FN:287,(anonymous_37)
FN:293,getLogs
FN:308,(anonymous_39)
FN:324,getContactTracing
FN:337,getTeacherStats
FN:350,getTeacherAttendanceStats
FN:363,getCourses
FN:376,getOfficerSchedule
FN:389,changeModalityCourse
FN:390,(anonymous_46)
FN:397,(anonymous_47)
FN:403,(anonymous_48)
FN:404,(anonymous_49)
FN:406,(anonymous_50)
FN:411,insertAttendanceInfo
FN:415,(anonymous_52)
FN:422,(anonymous_53)
FN:428,(anonymous_54)
FN:429,(anonymous_55)
FN:431,(anonymous_56)
FN:435,changeSchedule
FN:436,(anonymous_58)
FN:443,(anonymous_59)
FN:450,(anonymous_60)
FN:451,(anonymous_61)
FN:453,(anonymous_62)
FN:457,excludeHolidays
FNF:64
FNH:31
FNDA:0,getUploadUrl
FNDA:1,Login
FNDA:1,(anonymous_2)
FNDA:1,(anonymous_3)
FNDA:1,(anonymous_4)
FNDA:0,(anonymous_5)
FNDA:0,(anonymous_6)
FNDA:0,(anonymous_7)
FNDA:19,retrieveLectures
FNDA:19,(anonymous_9)
FNDA:17,(anonymous_10)
FNDA:16,(anonymous_11)
FNDA:46,(anonymous_12)
FNDA:45,(anonymous_13)
FNDA:0,(anonymous_14)
FNDA:1,(anonymous_15)
FNDA:0,(anonymous_16)
FNDA:3,getLectures
FNDA:8,getLecturesTeacher
FNDA:8,getPastLecturesTeacher
FNDA:2,getUser
FNDA:0,bookLeacture
FNDA:1,userLogout
FNDA:1,(anonymous_23)
FNDA:1,(anonymous_24)
FNDA:0,(anonymous_25)
FNDA:0,(anonymous_26)
FNDA:3,getStudentListByLectureId
FNDA:2,(anonymous_28)
FNDA:1,deleteLectureByTeacher
FNDA:0,cancelBookingByStudent
FNDA:1,changeModalityLecture
FNDA:1,(anonymous_32)
FNDA:0,(anonymous_33)
FNDA:0,(anonymous_34)
FNDA:0,(anonymous_35)
FNDA:0,(anonymous_36)
FNDA:0,(anonymous_37)
FNDA:2,getLogs
FNDA:0,(anonymous_39)
FNDA:0,getContactTracing
FNDA:15,getTeacherStats
FNDA:15,getTeacherAttendanceStats
FNDA:7,getCourses
FNDA:9,getOfficerSchedule
FNDA:0,changeModalityCourse
FNDA:0,(anonymous_46)
FNDA:0,(anonymous_47)
FNDA:0,(anonymous_48)
FNDA:0,(anonymous_49)
FNDA:0,(anonymous_50)
FNDA:1,insertAttendanceInfo
FNDA:1,(anonymous_52)
FNDA:0,(anonymous_53)
FNDA:0,(anonymous_54)
FNDA:0,(anonymous_55)
FNDA:1,(anonymous_56)
FNDA:0,changeSchedule
FNDA:0,(anonymous_58)
FNDA:0,(anonymous_59)
FNDA:0,(anonymous_60)
FNDA:0,(anonymous_61)
FNDA:0,(anonymous_62)
FNDA:0,excludeHolidays
DA:1,12
DA:2,12
DA:3,12
DA:6,0
DA:10,1
DA:11,1
DA:12,1
DA:13,1
DA:21,1
DA:22,1
DA:23,1
DA:27,0
DA:30,0
DA:31,0
DA:34,0
DA:38,0
DA:39,0
DA:46,19
DA:47,19
DA:49,17
DA:50,16
DA:51,16
DA:52,16
DA:53,16
DA:56,46
DA:59,45
DA:60,45
DA:61,45
DA:62,45
DA:63,45
DA:64,45
DA:65,45
DA:66,45
DA:67,45
DA:68,45
DA:69,45
DA:70,45
DA:71,45
DA:72,45
DA:73,45
DA:74,0
DA:76,45
DA:82,45
DA:106,0
DA:110,1
DA:113,0
DA:114,0
DA:115,0
DA:118,1
DA:123,0
DA:124,0
DA:131,3
DA:132,3
DA:136,8
DA:137,8
DA:142,8
DA:143,8
DA:147,2
DA:148,2
DA:149,2
DA:150,1
DA:151,1
DA:153,0
DA:155,0
DA:156,0
DA:157,0
DA:162,0
DA:163,0
DA:170,0
DA:171,0
DA:172,0
DA:174,0
DA:176,0
DA:181,1
DA:182,1
DA:185,1
DA:186,1
DA:189,0
DA:192,0
DA:195,0
DA:202,3
DA:203,3
DA:204,3
DA:205,3
DA:206,3
DA:207,2
DA:208,0
DA:210,2
DA:211,2
DA:213,0
DA:214,0
DA:215,0
DA:217,0
DA:218,0
DA:223,0
DA:224,0
DA:229,1
DA:230,1
DA:233,1
DA:234,1
DA:235,1
DA:237,0
DA:239,0
DA:244,0
DA:245,0
DA:248,0
DA:249,0
DA:250,0
DA:252,0
DA:254,0
DA:259,1
DA:260,1
DA:268,0
DA:269,0
DA:270,0
DA:274,0
DA:277,0
DA:278,0
DA:281,0
DA:288,0
DA:294,2
DA:301,2
DA:302,2
DA:303,0
DA:304,0
DA:305,0
DA:306,0
DA:307,0
DA:308,0
DA:309,0
DA:318,0
DA:320,0
DA:321,0
DA:325,0
DA:326,0
DA:327,0
DA:328,0
DA:329,0
DA:330,0
DA:332,0
DA:333,0
DA:334,0
DA:338,15
DA:339,15
DA:340,14
DA:341,14
DA:342,14
DA:343,14
DA:345,0
DA:346,0
DA:347,0
DA:351,15
DA:352,15
DA:353,14
DA:354,14
DA:355,14
DA:356,14
DA:358,0
DA:359,0
DA:360,0
DA:364,7
DA:365,7
DA:366,7
DA:367,7
DA:368,7
DA:369,7
DA:371,0
DA:372,0
DA:377,9
DA:378,9
DA:379,0
DA:380,0
DA:381,0
DA:382,0
DA:384,0
DA:385,0
DA:390,0
DA:391,0
DA:398,0
DA:399,0
DA:402,0
DA:403,0
DA:404,0
DA:406,0
DA:412,1
DA:413,1
DA:414,1
DA:415,1
DA:416,1
DA:423,0
DA:424,0
DA:427,0
DA:428,0
DA:429,0
DA:431,1
DA:436,0
DA:437,0
DA:444,0
DA:445,0
DA:446,0
DA:449,0
DA:450,0
DA:451,0
DA:453,0
DA:458,0
DA:459,0
DA:466,0
DA:467,0
DA:468,0
DA:470,0
DA:472,0
DA:477,12
LF:212
LH:97
BRDA:21,0,0,1
BRDA:21,0,1,0
BRDA:49,1,0,16
BRDA:49,1,1,1
BRDA:52,2,0,16
BRDA:52,2,1,0
BRDA:59,3,0,45
BRDA:59,3,1,8
BRDA:69,4,0,45
BRDA:69,4,1,37
BRDA:73,5,0,0
BRDA:73,5,1,45
BRDA:150,6,0,1
BRDA:150,6,1,0
BRDA:171,7,0,0
BRDA:171,7,1,0
BRDA:185,8,0,1
BRDA:185,8,1,0
BRDA:205,9,0,3
BRDA:205,9,1,0
BRDA:207,10,0,0
BRDA:207,10,1,2
BRDA:210,11,0,2
BRDA:210,11,1,0
BRDA:213,12,0,0
BRDA:213,12,1,0
BRDA:214,13,0,0
BRDA:214,13,1,0
BRDA:217,14,0,0
BRDA:217,14,1,0
BRDA:234,15,0,1
BRDA:234,15,1,0
BRDA:249,16,0,0
BRDA:249,16,1,0
BRDA:268,17,0,0
BRDA:268,17,1,0
BRDA:304,18,0,0
BRDA:304,18,1,0
BRDA:328,19,0,0
BRDA:328,19,1,0
BRDA:341,20,0,14
BRDA:341,20,1,0
BRDA:354,21,0,14
BRDA:354,21,1,0
BRDA:367,22,0,7
BRDA:367,22,1,0
BRDA:380,23,0,0
BRDA:380,23,1,0
BRDA:398,24,0,0
BRDA:398,24,1,0
BRDA:423,25,0,0
BRDA:423,25,1,0
BRDA:444,26,0,0
BRDA:444,26,1,0
BRDA:467,27,0,0
BRDA:467,27,1,0
BRF:56
BRH:18
end_of_record
TN:
SF:src\api\testServer.js
FN:184,(anonymous_0)
FN:187,(anonymous_1)
FN:192,(anonymous_2)
FN:195,(anonymous_3)
FN:198,(anonymous_4)
FN:201,(anonymous_5)
FN:204,(anonymous_6)
FN:207,(anonymous_7)
FN:210,(anonymous_8)
FN:213,(anonymous_9)
FN:216,(anonymous_10)
FN:219,(anonymous_11)
FN:222,(anonymous_12)
FNF:13
FNH:12
FNDA:1,(anonymous_0)
FNDA:1,(anonymous_1)
FNDA:1,(anonymous_2)
FNDA:6,(anonymous_3)
FNDA:2,(anonymous_4)
FNDA:1,(anonymous_5)
FNDA:1,(anonymous_6)
FNDA:2,(anonymous_7)
FNDA:0,(anonymous_8)
FNDA:6,(anonymous_9)
FNDA:14,(anonymous_10)
FNDA:15,(anonymous_11)
FNDA:8,(anonymous_12)
DA:9,17
DA:29,17
DA:34,17
DA:57,17
DA:77,17
DA:112,17
DA:146,17
DA:183,17
DA:185,1
DA:188,1
DA:193,1
DA:196,6
DA:199,2
DA:202,1
DA:205,1
DA:208,2
DA:211,0
DA:214,6
DA:217,14
DA:220,15
DA:223,8
DA:229,17
LF:22
LH:21
BRF:0
BRH:0
end_of_record
TN:
SF:src\pages\logins\index.js
FN:17,(anonymous_0)
FN:42,(anonymous_1)
FN:51,SignUp
FN:62,(anonymous_3)
FN:82,(anonymous_4)
FN:91,(anonymous_5)
FN:165,(anonymous_6)
FN:181,(anonymous_7)
FN:192,(anonymous_8)
FNF:9
FNH:9
FNDA:5,(anonymous_0)
FNDA:5,(anonymous_1)
FNDA:16,SignUp
FNDA:5,(anonymous_3)
FNDA:2,(anonymous_4)
FNDA:14,(anonymous_5)
FNDA:3,(anonymous_6)
FNDA:3,(anonymous_7)
FNDA:5,(anonymous_8)
DA:17,5
DA:42,5
DA:52,16
DA:53,15
DA:54,15
DA:55,15
DA:56,15
DA:57,15
DA:58,15
DA:60,15
DA:62,15
DA:64,5
DA:65,5
DA:66,5
DA:67,5
DA:68,5
DA:69,5
DA:70,3
DA:71,3
DA:72,3
DA:76,3
DA:78,2
DA:81,15
DA:82,15
DA:83,2
DA:84,2
DA:86,0
DA:87,0
DA:88,0
DA:89,0
DA:91,15
DA:93,14
DA:94,2
DA:95,2
DA:98,15
DA:165,3
DA:181,3
DA:193,5
LF:38
LH:34
BRDA:69,0,0,3
BRDA:69,0,1,2
BRDA:69,1,0,5
BRDA:69,1,1,3
BRDA:83,2,0,2
BRDA:83,2,1,0
BRDA:93,3,0,2
BRDA:93,3,1,12
BRDA:93,4,0,14
BRDA:93,4,1,2
BRDA:94,5,0,0
BRDA:94,5,1,2
BRF:12
BRH:10
end_of_record
TN:
SF:src\pages\manager\index.js
FN:62,(anonymous_0)
FN:85,(anonymous_1)
FN:87,(anonymous_2)
FN:102,(anonymous_3)
FN:106,(anonymous_4)
FN:109,(anonymous_5)
FN:142,(anonymous_6)
FN:146,(anonymous_7)
FN:152,(anonymous_8)
FN:155,(anonymous_9)
FN:165,(anonymous_10)
FN:166,(anonymous_11)
FN:167,(anonymous_12)
FN:201,(anonymous_13)
FN:205,(anonymous_14)
FN:216,(anonymous_15)
FN:217,(anonymous_16)
FN:218,(anonymous_17)
FN:260,(anonymous_18)
FN:278,(anonymous_19)
FN:285,(anonymous_20)
FN:300,(anonymous_21)
FN:318,(anonymous_22)
FN:325,(anonymous_23)
FN:341,(anonymous_24)
FN:361,(anonymous_25)
FN:405,(anonymous_26)
FN:428,(anonymous_27)
FN:449,(anonymous_28)
FNF:29
FNH:3
FNDA:2,(anonymous_0)
FNDA:2,(anonymous_1)
FNDA:0,(anonymous_2)
FNDA:0,(anonymous_3)
FNDA:0,(anonymous_4)
FNDA:0,(anonymous_5)
FNDA:0,(anonymous_6)
FNDA:0,(anonymous_7)
FNDA:0,(anonymous_8)
FNDA:0,(anonymous_9)
FNDA:0,(anonymous_10)
FNDA:0,(anonymous_11)
FNDA:0,(anonymous_12)
FNDA:0,(anonymous_13)
FNDA:0,(anonymous_14)
FNDA:0,(anonymous_15)
FNDA:0,(anonymous_16)
FNDA:0,(anonymous_17)
FNDA:2,(anonymous_18)
FNDA:0,(anonymous_19)
FNDA:0,(anonymous_20)
FNDA:0,(anonymous_21)
FNDA:0,(anonymous_22)
FNDA:0,(anonymous_23)
FNDA:0,(anonymous_24)
FNDA:0,(anonymous_25)
FNDA:0,(anonymous_26)
FNDA:0,(anonymous_27)
FNDA:0,(anonymous_28)
DA:15,4
DA:22,4
DA:63,2
DA:64,2
DA:86,2
DA:88,0
DA:89,0
DA:90,0
DA:91,0
DA:92,0
DA:93,0
DA:94,0
DA:96,0
DA:97,0
DA:98,0
DA:99,0
DA:101,0
DA:103,0
DA:107,0
DA:110,0
DA:111,0
DA:112,0
DA:113,0
DA:116,0
DA:117,0
DA:118,0
DA:119,0
DA:125,0
DA:126,0
DA:127,0
DA:129,0
DA:130,0
DA:131,0
DA:137,0
DA:139,0
DA:143,0
DA:146,2
DA:147,0
DA:152,2
DA:153,0
DA:154,0
DA:156,0
DA:157,0
DA:158,0
DA:161,0
DA:162,0
DA:163,0
DA:164,0
DA:165,0
DA:166,0
DA:167,0
DA:168,0
DA:170,0
DA:171,0
DA:172,0
DA:174,0
DA:175,0
DA:176,0
DA:188,0
DA:194,0
DA:198,0
DA:202,0
DA:205,2
DA:208,0
DA:211,0
DA:213,0
DA:216,0
DA:217,0
DA:218,0
DA:219,0
DA:221,0
DA:222,0
DA:223,0
DA:225,0
DA:226,0
DA:238,0
DA:247,0
DA:248,0
DA:250,0
DA:252,0
DA:254,0
DA:261,2
DA:279,0
DA:286,0
DA:301,0
DA:319,0
DA:326,0
DA:342,0
DA:362,0
DA:406,0
DA:429,0
DA:432,0
DA:433,0
DA:434,0
DA:436,0
DA:437,0
DA:450,0
LF:97
LH:9
BRDA:112,0,0,0
BRDA:112,0,1,0
BRDA:116,1,0,0
BRDA:116,1,1,0
BRDA:118,2,0,0
BRDA:118,2,1,0
BRDA:125,3,0,0
BRDA:125,3,1,0
BRDA:126,4,0,0
BRDA:126,4,1,0
BRDA:130,5,0,0
BRDA:130,5,1,0
BRDA:163,6,0,0
BRDA:163,6,1,0
BRDA:171,7,0,0
BRDA:171,7,1,0
BRDA:222,8,0,0
BRDA:222,8,1,0
BRDA:263,9,0,2
BRDA:263,9,1,0
BRDA:266,10,0,2
BRDA:266,10,1,2
BRDA:266,10,2,0
BRDA:266,10,3,0
BRDA:365,11,0,2
BRDA:365,11,1,0
BRDA:377,12,0,2
BRDA:377,12,1,0
BRDA:399,13,0,0
BRDA:399,13,1,2
BRDA:410,14,0,0
BRDA:410,14,1,0
BRDA:433,15,0,0
BRDA:433,15,1,0
BRDA:463,16,0,2
BRDA:463,16,1,0
BRDA:463,16,2,0
BRDA:464,17,0,2
BRDA:464,17,1,0
BRDA:468,18,0,2
BRDA:468,18,1,0
BRF:41
BRH:9
end_of_record
